<?xml version="1.0" encoding="utf-8"?><testsuite errors="0" failures="2" name="pytest" skips="0" tests="495" time="3.651"><testcase classname="lib.python3.7.site-packages.bs4.tests.test_builder_registry.BuiltInRegistryTest" file="lib/python3.7/site-packages/bs4/tests/test_builder_registry.py" line="69" name="test_beautifulsoup_constructor_does_lookup" time="0.001219034194946289"></testcase><testcase classname="lib.python3.7.site-packages.bs4.tests.test_builder_registry.BuiltInRegistryTest" file="lib/python3.7/site-packages/bs4/tests/test_builder_registry.py" line="31" name="test_combination" time="0.0005328655242919922"></testcase><testcase classname="lib.python3.7.site-packages.bs4.tests.test_builder_registry.BuiltInRegistryTest" file="lib/python3.7/site-packages/bs4/tests/test_builder_registry.py" line="45" name="test_lookup_by_markup_type" time="0.00042510032653808594"></testcase><testcase classname="lib.python3.7.site-packages.bs4.tests.test_builder_registry.BuiltInRegistryTest" file="lib/python3.7/site-packages/bs4/tests/test_builder_registry.py" line="56" name="test_named_library" time="0.00030303001403808594"></testcase><testcase classname="lib.python3.7.site-packages.bs4.tests.test_builder_registry.RegistryTest" file="lib/python3.7/site-packages/bs4/tests/test_builder_registry.py" line="143" name="test_lookup_fails_when_cannot_reconcile_requested_features" time="0.00033164024353027344"></testcase><testcase classname="lib.python3.7.site-packages.bs4.tests.test_builder_registry.RegistryTest" file="lib/python3.7/site-packages/bs4/tests/test_builder_registry.py" line="114" name="test_lookup_fails_when_no_builder_implements_feature" time="0.00040984153747558594"></testcase><testcase classname="lib.python3.7.site-packages.bs4.tests.test_builder_registry.RegistryTest" file="lib/python3.7/site-packages/bs4/tests/test_builder_registry.py" line="123" name="test_lookup_fails_when_no_tree_builders_registered" time="0.0002930164337158203"></testcase><testcase classname="lib.python3.7.site-packages.bs4.tests.test_builder_registry.RegistryTest" file="lib/python3.7/site-packages/bs4/tests/test_builder_registry.py" line="126" name="test_lookup_gets_most_recent_builder_supporting_all_features" time="0.00041937828063964844"></testcase><testcase classname="lib.python3.7.site-packages.bs4.tests.test_builder_registry.RegistryTest" file="lib/python3.7/site-packages/bs4/tests/test_builder_registry.py" line="118" name="test_lookup_gets_most_recent_registration_when_no_feature_specified" time="0.0003333091735839844"></testcase><testcase classname="lib.python3.7.site-packages.bs4.tests.test_builder_registry.RegistryTest" file="lib/python3.7/site-packages/bs4/tests/test_builder_registry.py" line="109" name="test_register_with_features_makes_lookup_succeed" time="0.00038123130798339844"></testcase><testcase classname="lib.python3.7.site-packages.bs4.tests.test_builder_registry.RegistryTest" file="lib/python3.7/site-packages/bs4/tests/test_builder_registry.py" line="98" name="test_register_with_no_features" time="0.00034880638122558594"></testcase><testcase classname="lib.python3.7.site-packages.bs4.tests.test_html5lib.HTML5LibBuilderSmokeTest" file="lib/python3.7/site-packages/bs4/testing.py" line="629" name="test_ampersand_in_attribute_value_gets_escaped" time="0.004229307174682617"></testcase><testcase classname="lib.python3.7.site-packages.bs4.tests.test_html5lib.HTML5LibBuilderSmokeTest" file="lib/python3.7/site-packages/bs4/testing.py" line="482" name="test_angle_brackets_in_attribute_values_are_escaped" time="0.00177764892578125"></testcase><testcase classname="lib.python3.7.site-packages.bs4.tests.test_html5lib.HTML5LibBuilderSmokeTest" file="lib/python3.7/site-packages/bs4/testing.py" line="621" name="test_attribute_values_with_double_nested_quotes_get_quoted" time="0.0033953189849853516"></testcase><testcase classname="lib.python3.7.site-packages.bs4.tests.test_html5lib.HTML5LibBuilderSmokeTest" file="lib/python3.7/site-packages/bs4/testing.py" line="617" name="test_attribute_values_with_nested_quotes_are_left_alone" time="0.001741170883178711"></testcase><testcase classname="lib.python3.7.site-packages.bs4.tests.test_html5lib.HTML5LibBuilderSmokeTest" file="lib/python3.7/site-packages/bs4/testing.py" line="571" name="test_basic_namespaces" time="0.00882411003112793"></testcase><testcase classname="lib.python3.7.site-packages.bs4.tests.test_html5lib.HTML5LibBuilderSmokeTest" file="lib/python3.7/site-packages/bs4/testing.py" line="353" name="test_br_is_always_empty_element_tag" time="0.0028095245361328125"></testcase><testcase classname="lib.python3.7.site-packages.bs4.tests.test_html5lib.HTML5LibBuilderSmokeTest" file="lib/python3.7/site-packages/bs4/testing.py" line="598" name="test_can_parse_unicode_document" time="0.0018558502197265625"></testcase><testcase classname="lib.python3.7.site-packages.bs4.tests.test_html5lib.HTML5LibBuilderSmokeTest" file="lib/python3.7/site-packages/bs4/tests/test_html5lib.py" line="119" name="test_cloned_multivalue_node" time="0.0038347244262695312"></testcase><testcase classname="lib.python3.7.site-packages.bs4.tests.test_html5lib.HTML5LibBuilderSmokeTest" file="lib/python3.7/site-packages/bs4/testing.py" line="383" name="test_comment" time="0.007309913635253906"></testcase><testcase classname="lib.python3.7.site-packages.bs4.tests.test_html5lib.HTML5LibBuilderSmokeTest" file="lib/python3.7/site-packages/bs4/tests/test_html5lib.py" line="39" name="test_correctly_nested_tables" time="0.004887580871582031"></testcase><testcase classname="lib.python3.7.site-packages.bs4.tests.test_html5lib.HTML5LibBuilderSmokeTest" file="lib/python3.7/site-packages/bs4/testing.py" line="325" name="test_deepcopy" time="0.0007374286651611328"></testcase><testcase classname="lib.python3.7.site-packages.bs4.tests.test_html5lib.HTML5LibBuilderSmokeTest" file="lib/python3.7/site-packages/bs4/testing.py" line="466" name="test_deeply_nested_multivalued_attribute" time="0.005448102951049805"></testcase><testcase classname="lib.python3.7.site-packages.bs4.tests.test_html5lib.HTML5LibBuilderSmokeTest" file="lib/python3.7/site-packages/bs4/testing.py" line="366" name="test_double_head" time="0.0028929710388183594"></testcase><testcase classname="lib.python3.7.site-packages.bs4.tests.test_html5lib.HTML5LibBuilderSmokeTest" file="lib/python3.7/site-packages/bs4/tests/test_html5lib.py" line="149" name="test_empty_comment" time="0.0021402835845947266"></testcase><testcase classname="lib.python3.7.site-packages.bs4.tests.test_html5lib.HTML5LibBuilderSmokeTest" file="lib/python3.7/site-packages/bs4/testing.py" line="271" name="test_empty_doctype" time="0.003681182861328125"></testcase><testcase classname="lib.python3.7.site-packages.bs4.tests.test_html5lib.HTML5LibBuilderSmokeTest" file="lib/python3.7/site-packages/bs4/testing.py" line="536" name="test_empty_element_tags" time="0.0026237964630126953"></testcase><testcase classname="lib.python3.7.site-packages.bs4.tests.test_html5lib.HTML5LibBuilderSmokeTest" file="lib/python3.7/site-packages/bs4/testing.py" line="660" name="test_entities_converted_on_the_way_out" time="0.0018842220306396484"></testcase><testcase classname="lib.python3.7.site-packages.bs4.tests.test_html5lib.HTML5LibBuilderSmokeTest" file="lib/python3.7/site-packages/bs4/testing.py" line="505" name="test_entities_in_attributes_converted_to_unicode" time="0.012528181076049805"></testcase><testcase classname="lib.python3.7.site-packages.bs4.tests.test_html5lib.HTML5LibBuilderSmokeTest" file="lib/python3.7/site-packages/bs4/testing.py" line="493" name="test_entities_in_foreign_document_encoding" time="0.0019350051879882812"></testcase><testcase classname="lib.python3.7.site-packages.bs4.tests.test_html5lib.HTML5LibBuilderSmokeTest" file="lib/python3.7/site-packages/bs4/testing.py" line="640" name="test_entities_in_strings_converted_during_parsing" time="0.001638650894165039"></testcase><testcase classname="lib.python3.7.site-packages.bs4.tests.test_html5lib.HTML5LibBuilderSmokeTest" file="lib/python3.7/site-packages/bs4/testing.py" line="512" name="test_entities_in_text_converted_to_unicode" time="0.00983572006225586"></testcase><testcase classname="lib.python3.7.site-packages.bs4.tests.test_html5lib.HTML5LibBuilderSmokeTest" file="lib/python3.7/site-packages/bs4/testing.py" line="637" name="test_escaped_ampersand_in_attribute_value_is_left_alone" time="0.0014519691467285156"></testcase><testcase classname="lib.python3.7.site-packages.bs4.tests.test_html5lib.HTML5LibBuilderSmokeTest" file="lib/python3.7/site-packages/bs4/tests/test_html5lib.py" line="131" name="test_extraction" time="0.0016667842864990234"></testcase><testcase classname="lib.python3.7.site-packages.bs4.tests.test_html5lib.HTML5LibBuilderSmokeTest" file="lib/python3.7/site-packages/bs4/tests/test_html5lib.py" line="126" name="test_foster_parenting" time="0.005206108093261719"></testcase><testcase classname="lib.python3.7.site-packages.bs4.tests.test_html5lib.HTML5LibBuilderSmokeTest" file="lib/python3.7/site-packages/bs4/testing.py" line="543" name="test_head_tag_between_head_and_body" time="0.0024640560150146484"></testcase><testcase classname="lib.python3.7.site-packages.bs4.tests.test_html5lib.HTML5LibBuilderSmokeTest" file="lib/python3.7/site-packages/bs4/testing.py" line="751" name="test_html5_style_meta_tag_reflects_current_encoding" time="0.0021855831146240234"></testcase><testcase classname="lib.python3.7.site-packages.bs4.tests.test_html5lib.HTML5LibBuilderSmokeTest" file="lib/python3.7/site-packages/bs4/testing.py" line="948" name="test_html_tags_have_namespace" time="0.0013511180877685547"></testcase><testcase classname="lib.python3.7.site-packages.bs4.tests.test_html5lib.HTML5LibBuilderSmokeTest" file="lib/python3.7/site-packages/bs4/testing.py" line="961" name="test_mathml_tags_have_namespace" time="0.0015764236450195312"></testcase><testcase classname="lib.python3.7.site-packages.bs4.tests.test_html5lib.HTML5LibBuilderSmokeTest" file="lib/python3.7/site-packages/bs4/testing.py" line="723" name="test_meta_tag_reflects_current_encoding" time="0.0022118091583251953"></testcase><testcase classname="lib.python3.7.site-packages.bs4.tests.test_html5lib.HTML5LibBuilderSmokeTest" file="lib/python3.7/site-packages/bs4/testing.py" line="529" name="test_multipart_strings" time="0.0027532577514648438"></testcase><testcase classname="lib.python3.7.site-packages.bs4.tests.test_html5lib.HTML5LibBuilderSmokeTest" file="lib/python3.7/site-packages/bs4/testing.py" line="554" name="test_multiple_copies_of_a_tag" time="0.0038640499114990234"></testcase><testcase classname="lib.python3.7.site-packages.bs4.tests.test_html5lib.HTML5LibBuilderSmokeTest" file="lib/python3.7/site-packages/bs4/testing.py" line="474" name="test_multivalued_attribute_on_html" time="0.0018534660339355469"></testcase><testcase classname="lib.python3.7.site-packages.bs4.tests.test_html5lib.HTML5LibBuilderSmokeTest" file="lib/python3.7/site-packages/bs4/testing.py" line="586" name="test_multivalued_attribute_value_becomes_list" time="0.006348848342895508"></testcase><testcase classname="lib.python3.7.site-packages.bs4.tests.test_html5lib.HTML5LibBuilderSmokeTest" file="lib/python3.7/site-packages/bs4/testing.py" line="454" name="test_multivalued_attribute_with_whitespace" time="0.0016703605651855469"></testcase><testcase classname="lib.python3.7.site-packages.bs4.tests.test_html5lib.HTML5LibBuilderSmokeTest" file="lib/python3.7/site-packages/bs4/testing.py" line="304" name="test_namespaced_html" time="0.0028443336486816406"></testcase><testcase classname="lib.python3.7.site-packages.bs4.tests.test_html5lib.HTML5LibBuilderSmokeTest" file="lib/python3.7/site-packages/bs4/testing.py" line="287" name="test_namespaced_public_doctype" time="0.0015382766723632812"></testcase><testcase classname="lib.python3.7.site-packages.bs4.tests.test_html5lib.HTML5LibBuilderSmokeTest" file="lib/python3.7/site-packages/bs4/testing.py" line="283" name="test_namespaced_system_doctype" time="0.0015676021575927734"></testcase><testcase classname="lib.python3.7.site-packages.bs4.tests.test_html5lib.HTML5LibBuilderSmokeTest" file="lib/python3.7/site-packages/bs4/testing.py" line="427" name="test_nested_block_level_elements" time="0.0015239715576171875"></testcase><testcase classname="lib.python3.7.site-packages.bs4.tests.test_html5lib.HTML5LibBuilderSmokeTest" file="lib/python3.7/site-packages/bs4/testing.py" line="363" name="test_nested_formatting_elements" time="0.0022869110107421875"></testcase><testcase classname="lib.python3.7.site-packages.bs4.tests.test_html5lib.HTML5LibBuilderSmokeTest" file="lib/python3.7/site-packages/bs4/testing.py" line="416" name="test_nested_inline_elements" time="0.004198789596557617"></testcase><testcase classname="lib.python3.7.site-packages.bs4.tests.test_html5lib.HTML5LibBuilderSmokeTest" file="lib/python3.7/site-packages/bs4/testing.py" line="656" name="test_non_breaking_spaces_converted_on_the_way_in" time="0.0017673969268798828"></testcase><testcase classname="lib.python3.7.site-packages.bs4.tests.test_html5lib.HTML5LibBuilderSmokeTest" file="lib/python3.7/site-packages/bs4/testing.py" line="265" name="test_normal_doctypes" time="0.006042003631591797"></testcase><testcase classname="lib.python3.7.site-packages.bs4.tests.test_html5lib.HTML5LibBuilderSmokeTest" file="lib/python3.7/site-packages/bs4/testing.py" line="523" name="test_out_of_range_entity" time="0.015824079513549805"></testcase><testcase classname="lib.python3.7.site-packages.bs4.tests.test_html5lib.HTML5LibBuilderSmokeTest" file="lib/python3.7/site-packages/bs4/testing.py" line="333" name="test_p_tag_is_never_empty_element" time="0.003855466842651367"></testcase><testcase classname="lib.python3.7.site-packages.bs4.tests.test_html5lib.HTML5LibBuilderSmokeTest" file="lib/python3.7/site-packages/bs4/testing.py" line="235" name="test_pickle_and_unpickle_identity" time="0.0044002532958984375"></testcase><testcase classname="lib.python3.7.site-packages.bs4.tests.test_html5lib.HTML5LibBuilderSmokeTest" file="lib/python3.7/site-packages/bs4/testing.py" line="398" name="test_preserved_whitespace_in_pre_and_textarea" time="0.006281852722167969"></testcase><testcase classname="lib.python3.7.site-packages.bs4.tests.test_html5lib.HTML5LibBuilderSmokeTest" file="lib/python3.7/site-packages/bs4/tests/test_html5lib.py" line="113" name="test_processing_instruction" time="0.004059314727783203"></testcase><testcase classname="lib.python3.7.site-packages.bs4.tests.test_html5lib.HTML5LibBuilderSmokeTest" file="lib/python3.7/site-packages/bs4/testing.py" line="276" name="test_public_doctype_with_url" time="0.0032508373260498047"></testcase><testcase classname="lib.python3.7.site-packages.bs4.tests.test_html5lib.HTML5LibBuilderSmokeTest" file="lib/python3.7/site-packages/bs4/testing.py" line="519" name="test_quot_entity_converted_to_quotation_mark" time="0.0015375614166259766"></testcase><testcase classname="lib.python3.7.site-packages.bs4.tests.test_html5lib.HTML5LibBuilderSmokeTest" file="lib/python3.7/site-packages/bs4/testing.py" line="710" name="test_real_hebrew_document" time="0.0033190250396728516"></testcase><testcase classname="lib.python3.7.site-packages.bs4.tests.test_html5lib.HTML5LibBuilderSmokeTest" file="lib/python3.7/site-packages/bs4/testing.py" line="666" name="test_real_iso_latin_document" time="0.006947755813598633"></testcase><testcase classname="lib.python3.7.site-packages.bs4.tests.test_html5lib.HTML5LibBuilderSmokeTest" file="lib/python3.7/site-packages/bs4/testing.py" line="693" name="test_real_shift_jis_document" time="0.02937793731689453"></testcase><testcase classname="lib.python3.7.site-packages.bs4.tests.test_html5lib.HTML5LibBuilderSmokeTest" file="lib/python3.7/site-packages/bs4/testing.py" line="943" name="test_real_xhtml_document" time="0.0007836818695068359"></testcase><testcase classname="lib.python3.7.site-packages.bs4.tests.test_html5lib.HTML5LibBuilderSmokeTest" file="lib/python3.7/site-packages/bs4/tests/test_html5lib.py" line="73" name="test_reparented_markup" time="0.0022325515747070312"></testcase><testcase classname="lib.python3.7.site-packages.bs4.tests.test_html5lib.HTML5LibBuilderSmokeTest" file="lib/python3.7/site-packages/bs4/tests/test_html5lib.py" line="97" name="test_reparented_markup_containing_children" time="0.0017290115356445312"></testcase><testcase classname="lib.python3.7.site-packages.bs4.tests.test_html5lib.HTML5LibBuilderSmokeTest" file="lib/python3.7/site-packages/bs4/tests/test_html5lib.py" line="86" name="test_reparented_markup_containing_identical_whitespace_nodes" time="0.0017819404602050781"></testcase><testcase classname="lib.python3.7.site-packages.bs4.tests.test_html5lib.HTML5LibBuilderSmokeTest" file="lib/python3.7/site-packages/bs4/tests/test_html5lib.py" line="80" name="test_reparented_markup_ends_with_whitespace" time="0.0029189586639404297"></testcase><testcase classname="lib.python3.7.site-packages.bs4.tests.test_html5lib.HTML5LibBuilderSmokeTest" file="lib/python3.7/site-packages/bs4/testing.py" line="613" name="test_single_quote_attribute_values_become_double_quotes" time="0.0013279914855957031"></testcase><testcase classname="lib.python3.7.site-packages.bs4.tests.test_html5lib.HTML5LibBuilderSmokeTest" file="lib/python3.7/site-packages/bs4/testing.py" line="647" name="test_smart_quotes_converted_on_the_way_in" time="0.0029387474060058594"></testcase><testcase classname="lib.python3.7.site-packages.bs4.tests.test_html5lib.HTML5LibBuilderSmokeTest" file="lib/python3.7/site-packages/bs4/tests/test_html5lib.py" line="26" name="test_soupstrainer" time="0.003979921340942383"></testcase><testcase classname="lib.python3.7.site-packages.bs4.tests.test_html5lib.HTML5LibBuilderSmokeTest" file="lib/python3.7/site-packages/bs4/testing.py" line="485" name="test_strings_resembling_character_entity_references" time="0.0017042160034179688"></testcase><testcase classname="lib.python3.7.site-packages.bs4.tests.test_html5lib.HTML5LibBuilderSmokeTest" file="lib/python3.7/site-packages/bs4/testing.py" line="953" name="test_svg_tags_have_namespace" time="0.003142118453979492"></testcase><testcase classname="lib.python3.7.site-packages.bs4.tests.test_html5lib.HTML5LibBuilderSmokeTest" file="lib/python3.7/site-packages/bs4/testing.py" line="280" name="test_system_doctype" time="0.0015499591827392578"></testcase><testcase classname="lib.python3.7.site-packages.bs4.tests.test_html5lib.HTML5LibBuilderSmokeTest" file="lib/python3.7/site-packages/bs4/testing.py" line="775" name="test_tag_with_no_attributes_can_have_attributes_added" time="0.002007007598876953"></testcase><testcase classname="lib.python3.7.site-packages.bs4.tests.test_html5lib.HTML5LibBuilderSmokeTest" file="lib/python3.7/site-packages/bs4/testing.py" line="343" name="test_unclosed_tags_get_closed" time="0.003116130828857422"></testcase><testcase classname="lib.python3.7.site-packages.bs4.tests.test_html5lib.HTML5LibBuilderSmokeTest" file="lib/python3.7/site-packages/bs4/testing.py" line="780" name="test_worst_case" time="0.013880014419555664"></testcase><testcase classname="lib.python3.7.site-packages.bs4.tests.test_html5lib.HTML5LibBuilderSmokeTest" file="lib/python3.7/site-packages/bs4/testing.py" line="968" name="test_xml_declaration_becomes_comment" time="0.0025632381439208984"></testcase><testcase classname="lib.python3.7.site-packages.bs4.tests.test_html5lib.HTML5LibBuilderSmokeTest" file="lib/python3.7/site-packages/bs4/tests/test_html5lib.py" line="59" name="test_xml_declaration_followed_by_doctype" time="0.001775979995727539"></testcase><testcase classname="lib.python3.7.site-packages.bs4.tests.test_htmlparser.HTMLParserTreeBuilderSmokeTest" file="lib/python3.7/site-packages/bs4/testing.py" line="629" name="test_ampersand_in_attribute_value_gets_escaped" time="0.0010426044464111328"></testcase><testcase classname="lib.python3.7.site-packages.bs4.tests.test_htmlparser.HTMLParserTreeBuilderSmokeTest" file="lib/python3.7/site-packages/bs4/testing.py" line="482" name="test_angle_brackets_in_attribute_values_are_escaped" time="0.0010809898376464844"></testcase><testcase classname="lib.python3.7.site-packages.bs4.tests.test_htmlparser.HTMLParserTreeBuilderSmokeTest" file="lib/python3.7/site-packages/bs4/testing.py" line="621" name="test_attribute_values_with_double_nested_quotes_get_quoted" time="0.002761363983154297"></testcase><testcase classname="lib.python3.7.site-packages.bs4.tests.test_htmlparser.HTMLParserTreeBuilderSmokeTest" file="lib/python3.7/site-packages/bs4/testing.py" line="617" name="test_attribute_values_with_nested_quotes_are_left_alone" time="0.00043392181396484375"></testcase><testcase classname="lib.python3.7.site-packages.bs4.tests.test_htmlparser.HTMLParserTreeBuilderSmokeTest" file="lib/python3.7/site-packages/bs4/testing.py" line="571" name="test_basic_namespaces" time="0.0007779598236083984"></testcase><testcase classname="lib.python3.7.site-packages.bs4.tests.test_htmlparser.HTMLParserTreeBuilderSmokeTest" file="lib/python3.7/site-packages/bs4/testing.py" line="353" name="test_br_is_always_empty_element_tag" time="0.00042319297790527344"></testcase><testcase classname="lib.python3.7.site-packages.bs4.tests.test_htmlparser.HTMLParserTreeBuilderSmokeTest" file="lib/python3.7/site-packages/bs4/tests/test_htmlparser.py" line="23" name="test_builder_is_pickled" time="0.0005247592926025391"></testcase><testcase classname="lib.python3.7.site-packages.bs4.tests.test_htmlparser.HTMLParserTreeBuilderSmokeTest" file="lib/python3.7/site-packages/bs4/testing.py" line="598" name="test_can_parse_unicode_document" time="0.0005402565002441406"></testcase><testcase classname="lib.python3.7.site-packages.bs4.tests.test_htmlparser.HTMLParserTreeBuilderSmokeTest" file="lib/python3.7/site-packages/bs4/testing.py" line="383" name="test_comment" time="0.0008530616760253906"></testcase><testcase classname="lib.python3.7.site-packages.bs4.tests.test_htmlparser.HTMLParserTreeBuilderSmokeTest" file="lib/python3.7/site-packages/bs4/testing.py" line="434" name="test_correctly_nested_tables" time="0.0009682178497314453"></testcase><testcase classname="lib.python3.7.site-packages.bs4.tests.test_htmlparser.HTMLParserTreeBuilderSmokeTest" file="lib/python3.7/site-packages/bs4/testing.py" line="325" name="test_deepcopy" time="0.0003199577331542969"></testcase><testcase classname="lib.python3.7.site-packages.bs4.tests.test_htmlparser.HTMLParserTreeBuilderSmokeTest" file="lib/python3.7/site-packages/bs4/testing.py" line="466" name="test_deeply_nested_multivalued_attribute" time="0.0005061626434326172"></testcase><testcase classname="lib.python3.7.site-packages.bs4.tests.test_htmlparser.HTMLParserTreeBuilderSmokeTest" file="lib/python3.7/site-packages/bs4/testing.py" line="366" name="test_double_head" time="0.0015828609466552734"></testcase><testcase classname="lib.python3.7.site-packages.bs4.tests.test_htmlparser.HTMLParserTreeBuilderSmokeTest" file="lib/python3.7/site-packages/bs4/testing.py" line="271" name="test_empty_doctype" time="0.0008358955383300781"></testcase><testcase classname="lib.python3.7.site-packages.bs4.tests.test_htmlparser.HTMLParserTreeBuilderSmokeTest" file="lib/python3.7/site-packages/bs4/tests/test_htmlparser.py" line="36" name="test_empty_element" time="0.0007021427154541016"></testcase><testcase classname="lib.python3.7.site-packages.bs4.tests.test_htmlparser.HTMLParserTreeBuilderSmokeTest" file="lib/python3.7/site-packages/bs4/testing.py" line="536" name="test_empty_element_tags" time="0.0006058216094970703"></testcase><testcase classname="lib.python3.7.site-packages.bs4.tests.test_htmlparser.HTMLParserTreeBuilderSmokeTest" file="lib/python3.7/site-packages/bs4/testing.py" line="660" name="test_entities_converted_on_the_way_out" time="0.0004992485046386719"></testcase><testcase classname="lib.python3.7.site-packages.bs4.tests.test_htmlparser.HTMLParserTreeBuilderSmokeTest" file="lib/python3.7/site-packages/bs4/testing.py" line="505" name="test_entities_in_attributes_converted_to_unicode" time="0.0009045600891113281"></testcase><testcase classname="lib.python3.7.site-packages.bs4.tests.test_htmlparser.HTMLParserTreeBuilderSmokeTest" file="lib/python3.7/site-packages/bs4/testing.py" line="493" name="test_entities_in_foreign_document_encoding" time="0.0006592273712158203"></testcase><testcase classname="lib.python3.7.site-packages.bs4.tests.test_htmlparser.HTMLParserTreeBuilderSmokeTest" file="lib/python3.7/site-packages/bs4/testing.py" line="640" name="test_entities_in_strings_converted_during_parsing" time="0.00046372413635253906"></testcase><testcase classname="lib.python3.7.site-packages.bs4.tests.test_htmlparser.HTMLParserTreeBuilderSmokeTest" file="lib/python3.7/site-packages/bs4/testing.py" line="512" name="test_entities_in_text_converted_to_unicode" time="0.0007851123809814453"></testcase><testcase classname="lib.python3.7.site-packages.bs4.tests.test_htmlparser.HTMLParserTreeBuilderSmokeTest" file="lib/python3.7/site-packages/bs4/testing.py" line="637" name="test_escaped_ampersand_in_attribute_value_is_left_alone" time="0.0005757808685302734"></testcase><testcase classname="lib.python3.7.site-packages.bs4.tests.test_htmlparser.HTMLParserTreeBuilderSmokeTest" file="lib/python3.7/site-packages/bs4/testing.py" line="543" name="test_head_tag_between_head_and_body" time="0.0006744861602783203"></testcase><testcase classname="lib.python3.7.site-packages.bs4.tests.test_htmlparser.HTMLParserTreeBuilderSmokeTest" file="lib/python3.7/site-packages/bs4/testing.py" line="751" name="test_html5_style_meta_tag_reflects_current_encoding" time="0.0005581378936767578"></testcase><testcase classname="lib.python3.7.site-packages.bs4.tests.test_htmlparser.HTMLParserTreeBuilderSmokeTest" file="lib/python3.7/site-packages/bs4/testing.py" line="723" name="test_meta_tag_reflects_current_encoding" time="0.0005543231964111328"></testcase><testcase classname="lib.python3.7.site-packages.bs4.tests.test_htmlparser.HTMLParserTreeBuilderSmokeTest" file="lib/python3.7/site-packages/bs4/testing.py" line="529" name="test_multipart_strings" time="0.0005118846893310547"></testcase><testcase classname="lib.python3.7.site-packages.bs4.tests.test_htmlparser.HTMLParserTreeBuilderSmokeTest" file="lib/python3.7/site-packages/bs4/testing.py" line="554" name="test_multiple_copies_of_a_tag" time="0.0008018016815185547"></testcase><testcase classname="lib.python3.7.site-packages.bs4.tests.test_htmlparser.HTMLParserTreeBuilderSmokeTest" file="lib/python3.7/site-packages/bs4/testing.py" line="474" name="test_multivalued_attribute_on_html" time="0.0009601116180419922"></testcase><testcase classname="lib.python3.7.site-packages.bs4.tests.test_htmlparser.HTMLParserTreeBuilderSmokeTest" file="lib/python3.7/site-packages/bs4/testing.py" line="586" name="test_multivalued_attribute_value_becomes_list" time="0.0010409355163574219"></testcase><testcase classname="lib.python3.7.site-packages.bs4.tests.test_htmlparser.HTMLParserTreeBuilderSmokeTest" file="lib/python3.7/site-packages/bs4/testing.py" line="454" name="test_multivalued_attribute_with_whitespace" time="0.0008480548858642578"></testcase><testcase classname="lib.python3.7.site-packages.bs4.tests.test_htmlparser.HTMLParserTreeBuilderSmokeTest" file="lib/python3.7/site-packages/bs4/testing.py" line="304" name="test_namespaced_html" time="0.0027174949645996094"></testcase><testcase classname="lib.python3.7.site-packages.bs4.tests.test_htmlparser.HTMLParserTreeBuilderSmokeTest" file="lib/python3.7/site-packages/bs4/tests/test_htmlparser.py" line="19" name="test_namespaced_public_doctype" time="0.00030303001403808594"></testcase><testcase classname="lib.python3.7.site-packages.bs4.tests.test_htmlparser.HTMLParserTreeBuilderSmokeTest" file="lib/python3.7/site-packages/bs4/tests/test_htmlparser.py" line="15" name="test_namespaced_system_doctype" time="0.0002543926239013672"></testcase><testcase classname="lib.python3.7.site-packages.bs4.tests.test_htmlparser.HTMLParserTreeBuilderSmokeTest" file="lib/python3.7/site-packages/bs4/testing.py" line="427" name="test_nested_block_level_elements" time="0.0005469322204589844"></testcase><testcase classname="lib.python3.7.site-packages.bs4.tests.test_htmlparser.HTMLParserTreeBuilderSmokeTest" file="lib/python3.7/site-packages/bs4/testing.py" line="363" name="test_nested_formatting_elements" time="0.0004220008850097656"></testcase><testcase classname="lib.python3.7.site-packages.bs4.tests.test_htmlparser.HTMLParserTreeBuilderSmokeTest" file="lib/python3.7/site-packages/bs4/testing.py" line="416" name="test_nested_inline_elements" time="0.0009944438934326172"></testcase><testcase classname="lib.python3.7.site-packages.bs4.tests.test_htmlparser.HTMLParserTreeBuilderSmokeTest" file="lib/python3.7/site-packages/bs4/testing.py" line="656" name="test_non_breaking_spaces_converted_on_the_way_in" time="0.0007119178771972656"></testcase><testcase classname="lib.python3.7.site-packages.bs4.tests.test_htmlparser.HTMLParserTreeBuilderSmokeTest" file="lib/python3.7/site-packages/bs4/testing.py" line="265" name="test_normal_doctypes" time="0.0022041797637939453"></testcase><testcase classname="lib.python3.7.site-packages.bs4.tests.test_htmlparser.HTMLParserTreeBuilderSmokeTest" file="lib/python3.7/site-packages/bs4/testing.py" line="523" name="test_out_of_range_entity" time="0.0006642341613769531"></testcase><testcase classname="lib.python3.7.site-packages.bs4.tests.test_htmlparser.HTMLParserTreeBuilderSmokeTest" file="lib/python3.7/site-packages/bs4/testing.py" line="333" name="test_p_tag_is_never_empty_element" time="0.0004858970642089844"></testcase><testcase classname="lib.python3.7.site-packages.bs4.tests.test_htmlparser.HTMLParserTreeBuilderSmokeTest" file="lib/python3.7/site-packages/bs4/testing.py" line="235" name="test_pickle_and_unpickle_identity" time="0.0006067752838134766"></testcase><testcase classname="lib.python3.7.site-packages.bs4.tests.test_htmlparser.HTMLParserTreeBuilderSmokeTest" file="lib/python3.7/site-packages/bs4/testing.py" line="398" name="test_preserved_whitespace_in_pre_and_textarea" time="0.0009279251098632812"></testcase><testcase classname="lib.python3.7.site-packages.bs4.tests.test_htmlparser.HTMLParserTreeBuilderSmokeTest" file="lib/python3.7/site-packages/bs4/testing.py" line="312" name="test_processing_instruction" time="0.0005159378051757812"></testcase><testcase classname="lib.python3.7.site-packages.bs4.tests.test_htmlparser.HTMLParserTreeBuilderSmokeTest" file="lib/python3.7/site-packages/bs4/testing.py" line="276" name="test_public_doctype_with_url" time="0.0005502700805664062"></testcase><testcase classname="lib.python3.7.site-packages.bs4.tests.test_htmlparser.HTMLParserTreeBuilderSmokeTest" file="lib/python3.7/site-packages/bs4/testing.py" line="519" name="test_quot_entity_converted_to_quotation_mark" time="0.0004448890686035156"></testcase><testcase classname="lib.python3.7.site-packages.bs4.tests.test_htmlparser.HTMLParserTreeBuilderSmokeTest" file="lib/python3.7/site-packages/bs4/testing.py" line="710" name="test_real_hebrew_document" time="0.0008218288421630859"></testcase><testcase classname="lib.python3.7.site-packages.bs4.tests.test_htmlparser.HTMLParserTreeBuilderSmokeTest" file="lib/python3.7/site-packages/bs4/testing.py" line="666" name="test_real_iso_latin_document" time="0.007519960403442383"></testcase><testcase classname="lib.python3.7.site-packages.bs4.tests.test_htmlparser.HTMLParserTreeBuilderSmokeTest" file="lib/python3.7/site-packages/bs4/testing.py" line="693" name="test_real_shift_jis_document" time="0.0007319450378417969"></testcase><testcase classname="lib.python3.7.site-packages.bs4.tests.test_htmlparser.HTMLParserTreeBuilderSmokeTest" file="lib/python3.7/site-packages/bs4/testing.py" line="291" name="test_real_xhtml_document" time="0.0010340213775634766"></testcase><testcase classname="lib.python3.7.site-packages.bs4.tests.test_htmlparser.HTMLParserTreeBuilderSmokeTest" file="lib/python3.7/site-packages/bs4/tests/test_htmlparser.py" line="32" name="test_redundant_empty_element_closing_tags" time="0.0005240440368652344"></testcase><testcase classname="lib.python3.7.site-packages.bs4.tests.test_htmlparser.HTMLParserTreeBuilderSmokeTest" file="lib/python3.7/site-packages/bs4/testing.py" line="613" name="test_single_quote_attribute_values_become_double_quotes" time="0.0004074573516845703"></testcase><testcase classname="lib.python3.7.site-packages.bs4.tests.test_htmlparser.HTMLParserTreeBuilderSmokeTest" file="lib/python3.7/site-packages/bs4/testing.py" line="647" name="test_smart_quotes_converted_on_the_way_in" time="0.0010030269622802734"></testcase><testcase classname="lib.python3.7.site-packages.bs4.tests.test_htmlparser.HTMLParserTreeBuilderSmokeTest" file="lib/python3.7/site-packages/bs4/testing.py" line="606" name="test_soupstrainer" time="0.0004837512969970703"></testcase><testcase classname="lib.python3.7.site-packages.bs4.tests.test_htmlparser.HTMLParserTreeBuilderSmokeTest" file="lib/python3.7/site-packages/bs4/testing.py" line="485" name="test_strings_resembling_character_entity_references" time="0.0005319118499755859"></testcase><testcase classname="lib.python3.7.site-packages.bs4.tests.test_htmlparser.HTMLParserTreeBuilderSmokeTest" file="lib/python3.7/site-packages/bs4/testing.py" line="280" name="test_system_doctype" time="0.0004661083221435547"></testcase><testcase classname="lib.python3.7.site-packages.bs4.tests.test_htmlparser.HTMLParserTreeBuilderSmokeTest" file="lib/python3.7/site-packages/bs4/testing.py" line="775" name="test_tag_with_no_attributes_can_have_attributes_added" time="0.0005452632904052734"></testcase><testcase classname="lib.python3.7.site-packages.bs4.tests.test_htmlparser.HTMLParserTreeBuilderSmokeTest" file="lib/python3.7/site-packages/bs4/testing.py" line="343" name="test_unclosed_tags_get_closed" time="0.0010800361633300781"></testcase><testcase classname="lib.python3.7.site-packages.bs4.tests.test_htmlparser.HTMLParserTreeBuilderSmokeTest" file="lib/python3.7/site-packages/bs4/testing.py" line="780" name="test_worst_case" time="0.0036077499389648438"></testcase><testcase classname="lib.python3.7.site-packages.bs4.tests.test_htmlparser.TestHTMLParserSubclass" file="lib/python3.7/site-packages/bs4/tests/test_htmlparser.py" line="43" name="test_error" time="0.0036194324493408203"><system-err>/Users/rohan/Projects/work/ltx-projects/jenkins-pytests/lib/python3.7/site-packages/bs4/builder/_htmlparser.py:78: UserWarning: don&apos;t crash
  warnings.warn(msg)
</system-err></testcase><testcase classname="lib.python3.7.site-packages.bs4.tests.test_lxml.LXMLTreeBuilderSmokeTest" file="lib/python3.7/site-packages/bs4/testing.py" line="629" name="test_ampersand_in_attribute_value_gets_escaped" time="0.008483409881591797"></testcase><testcase classname="lib.python3.7.site-packages.bs4.tests.test_lxml.LXMLTreeBuilderSmokeTest" file="lib/python3.7/site-packages/bs4/testing.py" line="482" name="test_angle_brackets_in_attribute_values_are_escaped" time="0.000690460205078125"></testcase><testcase classname="lib.python3.7.site-packages.bs4.tests.test_lxml.LXMLTreeBuilderSmokeTest" file="lib/python3.7/site-packages/bs4/testing.py" line="621" name="test_attribute_values_with_double_nested_quotes_get_quoted" time="0.0012698173522949219"></testcase><testcase classname="lib.python3.7.site-packages.bs4.tests.test_lxml.LXMLTreeBuilderSmokeTest" file="lib/python3.7/site-packages/bs4/testing.py" line="617" name="test_attribute_values_with_nested_quotes_are_left_alone" time="0.0007002353668212891"></testcase><testcase classname="lib.python3.7.site-packages.bs4.tests.test_lxml.LXMLTreeBuilderSmokeTest" file="lib/python3.7/site-packages/bs4/testing.py" line="571" name="test_basic_namespaces" time="0.0008890628814697266"></testcase><testcase classname="lib.python3.7.site-packages.bs4.tests.test_lxml.LXMLTreeBuilderSmokeTest" file="lib/python3.7/site-packages/bs4/tests/test_lxml.py" line="65" name="test_beautifulstonesoup_is_xml_parser" time="0.0009007453918457031"></testcase><testcase classname="lib.python3.7.site-packages.bs4.tests.test_lxml.LXMLTreeBuilderSmokeTest" file="lib/python3.7/site-packages/bs4/testing.py" line="353" name="test_br_is_always_empty_element_tag" time="0.0006041526794433594"></testcase><testcase classname="lib.python3.7.site-packages.bs4.tests.test_lxml.LXMLTreeBuilderSmokeTest" file="lib/python3.7/site-packages/bs4/testing.py" line="598" name="test_can_parse_unicode_document" time="0.0006937980651855469"></testcase><testcase classname="lib.python3.7.site-packages.bs4.tests.test_lxml.LXMLTreeBuilderSmokeTest" file="lib/python3.7/site-packages/bs4/testing.py" line="383" name="test_comment" time="0.0009448528289794922"></testcase><testcase classname="lib.python3.7.site-packages.bs4.tests.test_lxml.LXMLTreeBuilderSmokeTest" file="lib/python3.7/site-packages/bs4/testing.py" line="434" name="test_correctly_nested_tables" time="0.0011317729949951172"></testcase><testcase classname="lib.python3.7.site-packages.bs4.tests.test_lxml.LXMLTreeBuilderSmokeTest" file="lib/python3.7/site-packages/bs4/testing.py" line="325" name="test_deepcopy" time="0.000316619873046875"></testcase><testcase classname="lib.python3.7.site-packages.bs4.tests.test_lxml.LXMLTreeBuilderSmokeTest" file="lib/python3.7/site-packages/bs4/testing.py" line="466" name="test_deeply_nested_multivalued_attribute" time="0.0015113353729248047"></testcase><testcase classname="lib.python3.7.site-packages.bs4.tests.test_lxml.LXMLTreeBuilderSmokeTest" file="lib/python3.7/site-packages/bs4/testing.py" line="366" name="test_double_head" time="0.0066983699798583984"></testcase><testcase classname="lib.python3.7.site-packages.bs4.tests.test_lxml.LXMLTreeBuilderSmokeTest" file="lib/python3.7/site-packages/bs4/tests/test_lxml.py" line="57" name="test_empty_doctype" time="0.0006430149078369141"></testcase><testcase classname="lib.python3.7.site-packages.bs4.tests.test_lxml.LXMLTreeBuilderSmokeTest" file="lib/python3.7/site-packages/bs4/testing.py" line="536" name="test_empty_element_tags" time="0.0012311935424804688"></testcase><testcase classname="lib.python3.7.site-packages.bs4.tests.test_lxml.LXMLTreeBuilderSmokeTest" file="lib/python3.7/site-packages/bs4/testing.py" line="660" name="test_entities_converted_on_the_way_out" time="0.0006697177886962891"></testcase><testcase classname="lib.python3.7.site-packages.bs4.tests.test_lxml.LXMLTreeBuilderSmokeTest" file="lib/python3.7/site-packages/bs4/testing.py" line="505" name="test_entities_in_attributes_converted_to_unicode" time="0.0024313926696777344"></testcase><testcase classname="lib.python3.7.site-packages.bs4.tests.test_lxml.LXMLTreeBuilderSmokeTest" file="lib/python3.7/site-packages/bs4/tests/test_lxml.py" line="48" name="test_entities_in_foreign_document_encoding" time="0.0008759498596191406"></testcase><testcase classname="lib.python3.7.site-packages.bs4.tests.test_lxml.LXMLTreeBuilderSmokeTest" file="lib/python3.7/site-packages/bs4/testing.py" line="640" name="test_entities_in_strings_converted_during_parsing" time="0.0009777545928955078"></testcase><testcase classname="lib.python3.7.site-packages.bs4.tests.test_lxml.LXMLTreeBuilderSmokeTest" file="lib/python3.7/site-packages/bs4/testing.py" line="512" name="test_entities_in_text_converted_to_unicode" time="0.002266407012939453"></testcase><testcase classname="lib.python3.7.site-packages.bs4.tests.test_lxml.LXMLTreeBuilderSmokeTest" file="lib/python3.7/site-packages/bs4/testing.py" line="637" name="test_escaped_ampersand_in_attribute_value_is_left_alone" time="0.0007789134979248047"></testcase><testcase classname="lib.python3.7.site-packages.bs4.tests.test_lxml.LXMLTreeBuilderSmokeTest" file="lib/python3.7/site-packages/bs4/testing.py" line="543" name="test_head_tag_between_head_and_body" time="0.0007262229919433594"></testcase><testcase classname="lib.python3.7.site-packages.bs4.tests.test_lxml.LXMLTreeBuilderSmokeTest" file="lib/python3.7/site-packages/bs4/testing.py" line="751" name="test_html5_style_meta_tag_reflects_current_encoding" time="0.0006878376007080078"></testcase><testcase classname="lib.python3.7.site-packages.bs4.tests.test_lxml.LXMLTreeBuilderSmokeTest" file="lib/python3.7/site-packages/bs4/testing.py" line="723" name="test_meta_tag_reflects_current_encoding" time="0.0006978511810302734"></testcase><testcase classname="lib.python3.7.site-packages.bs4.tests.test_lxml.LXMLTreeBuilderSmokeTest" file="lib/python3.7/site-packages/bs4/testing.py" line="529" name="test_multipart_strings" time="0.000698089599609375"></testcase><testcase classname="lib.python3.7.site-packages.bs4.tests.test_lxml.LXMLTreeBuilderSmokeTest" file="lib/python3.7/site-packages/bs4/testing.py" line="554" name="test_multiple_copies_of_a_tag" time="0.0011262893676757812"></testcase><testcase classname="lib.python3.7.site-packages.bs4.tests.test_lxml.LXMLTreeBuilderSmokeTest" file="lib/python3.7/site-packages/bs4/testing.py" line="474" name="test_multivalued_attribute_on_html" time="0.0010182857513427734"></testcase><testcase classname="lib.python3.7.site-packages.bs4.tests.test_lxml.LXMLTreeBuilderSmokeTest" file="lib/python3.7/site-packages/bs4/testing.py" line="586" name="test_multivalued_attribute_value_becomes_list" time="0.0009801387786865234"></testcase><testcase classname="lib.python3.7.site-packages.bs4.tests.test_lxml.LXMLTreeBuilderSmokeTest" file="lib/python3.7/site-packages/bs4/testing.py" line="454" name="test_multivalued_attribute_with_whitespace" time="0.0007698535919189453"></testcase><testcase classname="lib.python3.7.site-packages.bs4.tests.test_lxml.LXMLTreeBuilderSmokeTest" file="lib/python3.7/site-packages/bs4/testing.py" line="304" name="test_namespaced_html" time="0.0007228851318359375"></testcase><testcase classname="lib.python3.7.site-packages.bs4.tests.test_lxml.LXMLTreeBuilderSmokeTest" file="lib/python3.7/site-packages/bs4/testing.py" line="287" name="test_namespaced_public_doctype" time="0.0007441043853759766"></testcase><testcase classname="lib.python3.7.site-packages.bs4.tests.test_lxml.LXMLTreeBuilderSmokeTest" file="lib/python3.7/site-packages/bs4/testing.py" line="283" name="test_namespaced_system_doctype" time="0.0009739398956298828"></testcase><testcase classname="lib.python3.7.site-packages.bs4.tests.test_lxml.LXMLTreeBuilderSmokeTest" file="lib/python3.7/site-packages/bs4/testing.py" line="427" name="test_nested_block_level_elements" time="0.0009162425994873047"></testcase><testcase classname="lib.python3.7.site-packages.bs4.tests.test_lxml.LXMLTreeBuilderSmokeTest" file="lib/python3.7/site-packages/bs4/testing.py" line="363" name="test_nested_formatting_elements" time="0.0008041858673095703"></testcase><testcase classname="lib.python3.7.site-packages.bs4.tests.test_lxml.LXMLTreeBuilderSmokeTest" file="lib/python3.7/site-packages/bs4/testing.py" line="416" name="test_nested_inline_elements" time="0.0012006759643554688"></testcase><testcase classname="lib.python3.7.site-packages.bs4.tests.test_lxml.LXMLTreeBuilderSmokeTest" file="lib/python3.7/site-packages/bs4/testing.py" line="656" name="test_non_breaking_spaces_converted_on_the_way_in" time="0.0008897781372070312"></testcase><testcase classname="lib.python3.7.site-packages.bs4.tests.test_lxml.LXMLTreeBuilderSmokeTest" file="lib/python3.7/site-packages/bs4/testing.py" line="265" name="test_normal_doctypes" time="0.0028290748596191406"></testcase><testcase classname="lib.python3.7.site-packages.bs4.tests.test_lxml.LXMLTreeBuilderSmokeTest" file="lib/python3.7/site-packages/bs4/tests/test_lxml.py" line="40" name="test_out_of_range_entity" time="0.0010724067687988281"></testcase><testcase classname="lib.python3.7.site-packages.bs4.tests.test_lxml.LXMLTreeBuilderSmokeTest" file="lib/python3.7/site-packages/bs4/testing.py" line="333" name="test_p_tag_is_never_empty_element" time="0.0008013248443603516"></testcase><testcase classname="lib.python3.7.site-packages.bs4.tests.test_lxml.LXMLTreeBuilderSmokeTest" file="lib/python3.7/site-packages/bs4/testing.py" line="235" name="test_pickle_and_unpickle_identity" time="0.0007617473602294922"></testcase><testcase classname="lib.python3.7.site-packages.bs4.tests.test_lxml.LXMLTreeBuilderSmokeTest" file="lib/python3.7/site-packages/bs4/testing.py" line="398" name="test_preserved_whitespace_in_pre_and_textarea" time="0.001531839370727539"></testcase><testcase classname="lib.python3.7.site-packages.bs4.tests.test_lxml.LXMLTreeBuilderSmokeTest" file="lib/python3.7/site-packages/bs4/testing.py" line="312" name="test_processing_instruction" time="0.0007302761077880859"></testcase><testcase classname="lib.python3.7.site-packages.bs4.tests.test_lxml.LXMLTreeBuilderSmokeTest" file="lib/python3.7/site-packages/bs4/testing.py" line="276" name="test_public_doctype_with_url" time="0.0006380081176757812"></testcase><testcase classname="lib.python3.7.site-packages.bs4.tests.test_lxml.LXMLTreeBuilderSmokeTest" file="lib/python3.7/site-packages/bs4/testing.py" line="519" name="test_quot_entity_converted_to_quotation_mark" time="0.0007686614990234375"></testcase><testcase classname="lib.python3.7.site-packages.bs4.tests.test_lxml.LXMLTreeBuilderSmokeTest" file="lib/python3.7/site-packages/bs4/testing.py" line="710" name="test_real_hebrew_document" time="0.0007174015045166016"></testcase><testcase classname="lib.python3.7.site-packages.bs4.tests.test_lxml.LXMLTreeBuilderSmokeTest" file="lib/python3.7/site-packages/bs4/testing.py" line="666" name="test_real_iso_latin_document" time="0.0012776851654052734"></testcase><testcase classname="lib.python3.7.site-packages.bs4.tests.test_lxml.LXMLTreeBuilderSmokeTest" file="lib/python3.7/site-packages/bs4/testing.py" line="693" name="test_real_shift_jis_document" time="0.001506805419921875"></testcase><testcase classname="lib.python3.7.site-packages.bs4.tests.test_lxml.LXMLTreeBuilderSmokeTest" file="lib/python3.7/site-packages/bs4/testing.py" line="291" name="test_real_xhtml_document" time="0.0007498264312744141"></testcase><testcase classname="lib.python3.7.site-packages.bs4.tests.test_lxml.LXMLTreeBuilderSmokeTest" file="lib/python3.7/site-packages/bs4/testing.py" line="613" name="test_single_quote_attribute_values_become_double_quotes" time="0.0009522438049316406"></testcase><testcase classname="lib.python3.7.site-packages.bs4.tests.test_lxml.LXMLTreeBuilderSmokeTest" file="lib/python3.7/site-packages/bs4/testing.py" line="647" name="test_smart_quotes_converted_on_the_way_in" time="0.0017235279083251953"></testcase><testcase classname="lib.python3.7.site-packages.bs4.tests.test_lxml.LXMLTreeBuilderSmokeTest" file="lib/python3.7/site-packages/bs4/testing.py" line="606" name="test_soupstrainer" time="0.0006999969482421875"></testcase><testcase classname="lib.python3.7.site-packages.bs4.tests.test_lxml.LXMLTreeBuilderSmokeTest" file="lib/python3.7/site-packages/bs4/testing.py" line="485" name="test_strings_resembling_character_entity_references" time="0.0006079673767089844"></testcase><testcase classname="lib.python3.7.site-packages.bs4.tests.test_lxml.LXMLTreeBuilderSmokeTest" file="lib/python3.7/site-packages/bs4/testing.py" line="280" name="test_system_doctype" time="0.0006737709045410156"></testcase><testcase classname="lib.python3.7.site-packages.bs4.tests.test_lxml.LXMLTreeBuilderSmokeTest" file="lib/python3.7/site-packages/bs4/testing.py" line="775" name="test_tag_with_no_attributes_can_have_attributes_added" time="0.0006771087646484375"></testcase><testcase classname="lib.python3.7.site-packages.bs4.tests.test_lxml.LXMLTreeBuilderSmokeTest" file="lib/python3.7/site-packages/bs4/testing.py" line="343" name="test_unclosed_tags_get_closed" time="0.0012531280517578125"></testcase><testcase classname="lib.python3.7.site-packages.bs4.tests.test_lxml.LXMLTreeBuilderSmokeTest" file="lib/python3.7/site-packages/bs4/testing.py" line="780" name="test_worst_case" time="0.005123138427734375"></testcase><testcase classname="lib.python3.7.site-packages.bs4.tests.test_lxml.LXMLXMLTreeBuilderSmokeTest" file="lib/python3.7/site-packages/bs4/testing.py" line="848" name="test_can_parse_unicode_document" time="0.010170936584472656"></testcase><testcase classname="lib.python3.7.site-packages.bs4.tests.test_lxml.LXMLXMLTreeBuilderSmokeTest" file="lib/python3.7/site-packages/bs4/testing.py" line="885" name="test_closing_namespaced_tag" time="0.0032699108123779297"></testcase><testcase classname="lib.python3.7.site-packages.bs4.tests.test_lxml.LXMLXMLTreeBuilderSmokeTest" file="lib/python3.7/site-packages/bs4/testing.py" line="922" name="test_copy_tag_preserves_namespace" time="0.001968860626220703"></testcase><testcase classname="lib.python3.7.site-packages.bs4.tests.test_lxml.LXMLXMLTreeBuilderSmokeTest" file="lib/python3.7/site-packages/bs4/testing.py" line="798" name="test_docstring_generated" time="0.000743865966796875"></testcase><testcase classname="lib.python3.7.site-packages.bs4.tests.test_lxml.LXMLXMLTreeBuilderSmokeTest" file="lib/python3.7/site-packages/bs4/testing.py" line="859" name="test_docstring_includes_correct_encoding" time="0.0005512237548828125"></testcase><testcase classname="lib.python3.7.site-packages.bs4.tests.test_lxml.LXMLXMLTreeBuilderSmokeTest" file="lib/python3.7/site-packages/bs4/testing.py" line="900" name="test_find_by_prefixed_name" time="0.0009450912475585938"></testcase><testcase classname="lib.python3.7.site-packages.bs4.tests.test_lxml.LXMLXMLTreeBuilderSmokeTest" file="lib/python3.7/site-packages/bs4/testing.py" line="836" name="test_formatter_processes_script_tag_for_xml_documents" time="0.0005991458892822266"></testcase><testcase classname="lib.python3.7.site-packages.bs4.tests.test_lxml.LXMLXMLTreeBuilderSmokeTest" file="lib/python3.7/site-packages/bs4/testing.py" line="865" name="test_large_xml_document" time="0.0008404254913330078"></testcase><testcase classname="lib.python3.7.site-packages.bs4.tests.test_lxml.LXMLXMLTreeBuilderSmokeTest" file="lib/python3.7/site-packages/bs4/testing.py" line="890" name="test_namespaced_attributes" time="0.0010058879852294922"></testcase><testcase classname="lib.python3.7.site-packages.bs4.tests.test_lxml.LXMLXMLTreeBuilderSmokeTest" file="lib/python3.7/site-packages/bs4/testing.py" line="895" name="test_namespaced_attributes_xml_namespace" time="0.0010869503021240234"></testcase><testcase classname="lib.python3.7.site-packages.bs4.tests.test_lxml.LXMLXMLTreeBuilderSmokeTest" file="lib/python3.7/site-packages/bs4/testing.py" line="878" name="test_namespaces_are_preserved" time="0.0009558200836181641"></testcase><testcase classname="lib.python3.7.site-packages.bs4.tests.test_lxml.LXMLXMLTreeBuilderSmokeTest" file="lib/python3.7/site-packages/bs4/testing.py" line="825" name="test_nested_namespaces" time="0.0007872581481933594"></testcase><testcase classname="lib.python3.7.site-packages.bs4.tests.test_lxml.LXMLXMLTreeBuilderSmokeTest" file="lib/python3.7/site-packages/bs4/testing.py" line="789" name="test_pickle_and_unpickle_identity" time="0.0014150142669677734"></testcase><testcase classname="lib.python3.7.site-packages.bs4.tests.test_lxml.LXMLXMLTreeBuilderSmokeTest" file="lib/python3.7/site-packages/bs4/testing.py" line="853" name="test_popping_namespaced_tag" time="0.0007739067077636719"></testcase><testcase classname="lib.python3.7.site-packages.bs4.tests.test_lxml.LXMLXMLTreeBuilderSmokeTest" file="lib/python3.7/site-packages/bs4/testing.py" line="808" name="test_processing_instruction" time="0.0005629062652587891"></testcase><testcase classname="lib.python3.7.site-packages.bs4.tests.test_lxml.LXMLXMLTreeBuilderSmokeTest" file="lib/python3.7/site-packages/bs4/testing.py" line="813" name="test_real_xhtml_document" time="0.0007958412170410156"></testcase><testcase classname="lib.python3.7.site-packages.bs4.tests.test_lxml.LXMLXMLTreeBuilderSmokeTest" file="lib/python3.7/site-packages/bs4/testing.py" line="874" name="test_tags_are_empty_element_if_and_only_if_they_are_empty" time="0.0007832050323486328"></testcase><testcase classname="lib.python3.7.site-packages.bs4.tests.test_lxml.LXMLXMLTreeBuilderSmokeTest" file="lib/python3.7/site-packages/bs4/testing.py" line="933" name="test_worst_case" time="0.0005240440368652344"></testcase><testcase classname="lib.python3.7.site-packages.bs4.tests.test_lxml.LXMLXMLTreeBuilderSmokeTest" file="lib/python3.7/site-packages/bs4/testing.py" line="803" name="test_xml_declaration" time="0.0015437602996826172"></testcase><testcase classname="lib.python3.7.site-packages.bs4.tests.test_soup.TestConstructor" file="lib/python3.7/site-packages/bs4/tests/test_soup.py" line="46" name="test_embedded_null" time="0.0008103847503662109"></testcase><testcase classname="lib.python3.7.site-packages.bs4.tests.test_soup.TestConstructor" file="lib/python3.7/site-packages/bs4/tests/test_soup.py" line="51" name="test_exclude_encodings" time="0.0015027523040771484"></testcase><testcase classname="lib.python3.7.site-packages.bs4.tests.test_soup.TestConstructor" file="lib/python3.7/site-packages/bs4/tests/test_soup.py" line="41" name="test_short_unicode_input" time="0.0004680156707763672"></testcase><testcase classname="lib.python3.7.site-packages.bs4.tests.test_soup.TestWarnings" file="lib/python3.7/site-packages/bs4/tests/test_soup.py" line="103" name="test_disk_file_warning" time="0.0018880367279052734"></testcase><testcase classname="lib.python3.7.site-packages.bs4.tests.test_soup.TestWarnings" file="lib/python3.7/site-packages/bs4/tests/test_soup.py" line="135" name="test_url_warning_with_bytes_and_space" time="0.0005397796630859375"></testcase><testcase classname="lib.python3.7.site-packages.bs4.tests.test_soup.TestWarnings" file="lib/python3.7/site-packages/bs4/tests/test_soup.py" line="119" name="test_url_warning_with_bytes_url" time="0.0005202293395996094"></testcase><testcase classname="lib.python3.7.site-packages.bs4.tests.test_soup.TestWarnings" file="lib/python3.7/site-packages/bs4/tests/test_soup.py" line="141" name="test_url_warning_with_unicode_and_space" time="0.0004143714904785156"></testcase><testcase classname="lib.python3.7.site-packages.bs4.tests.test_soup.TestWarnings" file="lib/python3.7/site-packages/bs4/tests/test_soup.py" line="127" name="test_url_warning_with_unicode_url" time="0.0005652904510498047"></testcase><testcase classname="lib.python3.7.site-packages.bs4.tests.test_soup.TestSelectiveParsing" file="lib/python3.7/site-packages/bs4/tests/test_soup.py" line="150" name="test_parse_with_soupstrainer" time="0.0007007122039794922"></testcase><testcase classname="lib.python3.7.site-packages.bs4.tests.test_soup.TestEntitySubstitution" file="lib/python3.7/site-packages/bs4/tests/test_soup.py" line="220" name="test_quotes_not_html_substituted" time="0.0004000663757324219"></testcase><testcase classname="lib.python3.7.site-packages.bs4.tests.test_soup.TestEntitySubstitution" file="lib/python3.7/site-packages/bs4/tests/test_soup.py" line="162" name="test_simple_html_substitution" time="0.00031495094299316406"></testcase><testcase classname="lib.python3.7.site-packages.bs4.tests.test_soup.TestEntitySubstitution" file="lib/python3.7/site-packages/bs4/tests/test_soup.py" line="169" name="test_smart_quote_substitution" time="0.0017917156219482422"></testcase><testcase classname="lib.python3.7.site-packages.bs4.tests.test_soup.TestEntitySubstitution" file="lib/python3.7/site-packages/bs4/tests/test_soup.py" line="192" name="test_xml_attribute_quoting_escapes_single_quotes_when_value_contains_both_single_and_double_quotes" time="0.0003199577331542969"></testcase><testcase classname="lib.python3.7.site-packages.bs4.tests.test_soup.TestEntitySubstitution" file="lib/python3.7/site-packages/bs4/tests/test_soup.py" line="181" name="test_xml_attribute_quoting_normally_uses_double_quotes" time="0.0002868175506591797"></testcase><testcase classname="lib.python3.7.site-packages.bs4.tests.test_soup.TestEntitySubstitution" file="lib/python3.7/site-packages/bs4/tests/test_soup.py" line="187" name="test_xml_attribute_quoting_uses_single_quotes_when_value_contains_double_quotes" time="0.00027298927307128906"></testcase><testcase classname="lib.python3.7.site-packages.bs4.tests.test_soup.TestEntitySubstitution" file="lib/python3.7/site-packages/bs4/tests/test_soup.py" line="177" name="test_xml_converstion_includes_no_quotes_if_make_quoted_attribute_is_false" time="0.0002720355987548828"></testcase><testcase classname="lib.python3.7.site-packages.bs4.tests.test_soup.TestEntitySubstitution" file="lib/python3.7/site-packages/bs4/tests/test_soup.py" line="198" name="test_xml_quotes_arent_escaped_when_value_is_not_being_quoted" time="0.00027179718017578125"></testcase><testcase classname="lib.python3.7.site-packages.bs4.tests.test_soup.TestEntitySubstitution" file="lib/python3.7/site-packages/bs4/tests/test_soup.py" line="207" name="test_xml_quoting_handles_ampersands" time="0.0002770423889160156"></testcase><testcase classname="lib.python3.7.site-packages.bs4.tests.test_soup.TestEntitySubstitution" file="lib/python3.7/site-packages/bs4/tests/test_soup.py" line="202" name="test_xml_quoting_handles_angle_brackets" time="0.0002739429473876953"></testcase><testcase classname="lib.python3.7.site-packages.bs4.tests.test_soup.TestEntitySubstitution" file="lib/python3.7/site-packages/bs4/tests/test_soup.py" line="215" name="test_xml_quoting_ignoring_ampersands_when_they_are_part_of_an_entity" time="0.00034499168395996094"></testcase><testcase classname="lib.python3.7.site-packages.bs4.tests.test_soup.TestEntitySubstitution" file="lib/python3.7/site-packages/bs4/tests/test_soup.py" line="210" name="test_xml_quoting_including_ampersands_when_they_are_part_of_an_entity" time="0.00028014183044433594"></testcase><testcase classname="lib.python3.7.site-packages.bs4.tests.test_soup.TestEncodingConversion" file="lib/python3.7/site-packages/bs4/tests/test_soup.py" line="239" name="test_ascii_in_unicode_out" time="0.0006096363067626953"></testcase><testcase classname="lib.python3.7.site-packages.bs4.tests.test_soup.TestEncodingConversion" file="lib/python3.7/site-packages/bs4/tests/test_soup.py" line="279" name="test_attribute_name_containing_unicode_characters" time="0.000583648681640625"></testcase><testcase classname="lib.python3.7.site-packages.bs4.tests.test_soup.TestEncodingConversion" file="lib/python3.7/site-packages/bs4/tests/test_soup.py" line="259" name="test_unicode_in_unicode_out" time="0.0010380744934082031"></testcase><testcase classname="lib.python3.7.site-packages.bs4.tests.test_soup.TestEncodingConversion" file="lib/python3.7/site-packages/bs4/tests/test_soup.py" line="267" name="test_utf8_in_unicode_out" time="0.0008578300476074219"></testcase><testcase classname="lib.python3.7.site-packages.bs4.tests.test_soup.TestEncodingConversion" file="lib/python3.7/site-packages/bs4/tests/test_soup.py" line="274" name="test_utf8_out" time="0.0007805824279785156"></testcase><testcase classname="lib.python3.7.site-packages.bs4.tests.test_soup.TestUnicodeDammit" file="lib/python3.7/site-packages/bs4/tests/test_soup.py" line="414" name="test_byte_order_mark_removed" time="0.006204128265380859"></testcase><testcase classname="lib.python3.7.site-packages.bs4.tests.test_soup.TestUnicodeDammit" file="lib/python3.7/site-packages/bs4/tests/test_soup.py" line="325" name="test_convert_hebrew" time="0.00039005279541015625"></testcase><testcase classname="lib.python3.7.site-packages.bs4.tests.test_soup.TestUnicodeDammit" file="lib/python3.7/site-packages/bs4/tests/test_soup.py" line="368" name="test_detect_html5_style_meta_tag" time="0.0004429817199707031"></testcase><testcase classname="lib.python3.7.site-packages.bs4.tests.test_soup.TestUnicodeDammit" file="lib/python3.7/site-packages/bs4/tests/test_soup.py" line="318" name="test_detect_utf8" time="0.0011820793151855469"></testcase><testcase classname="lib.python3.7.site-packages.bs4.tests.test_soup.TestUnicodeDammit" file="lib/python3.7/site-packages/bs4/tests/test_soup.py" line="421" name="test_detwingle" time="0.0003654956817626953"></testcase><testcase classname="lib.python3.7.site-packages.bs4.tests.test_soup.TestUnicodeDammit" file="lib/python3.7/site-packages/bs4/tests/test_soup.py" line="445" name="test_detwingle_ignores_multibyte_characters" time="0.0003223419189453125"></testcase><testcase classname="lib.python3.7.site-packages.bs4.tests.test_soup.TestUnicodeDammit" file="lib/python3.7/site-packages/bs4/tests/test_soup.py" line="331" name="test_dont_see_smart_quotes_where_there_are_none" time="0.0011970996856689453"></testcase><testcase classname="lib.python3.7.site-packages.bs4.tests.test_soup.TestUnicodeDammit" file="lib/python3.7/site-packages/bs4/tests/test_soup.py" line="362" name="test_encoding_detector_replaces_junk_in_encoding_name_with_replacement_character" time="0.0018858909606933594"></testcase><testcase classname="lib.python3.7.site-packages.bs4.tests.test_soup.TestUnicodeDammit" file="lib/python3.7/site-packages/bs4/tests/test_soup.py" line="348" name="test_exclude_encodings" time="0.0033278465270996094"></testcase><testcase classname="lib.python3.7.site-packages.bs4.tests.test_soup.TestUnicodeDammit" file="lib/python3.7/site-packages/bs4/tests/test_soup.py" line="337" name="test_ignore_inappropriate_codecs" time="0.0032014846801757812"></testcase><testcase classname="lib.python3.7.site-packages.bs4.tests.test_soup.TestUnicodeDammit" file="lib/python3.7/site-packages/bs4/tests/test_soup.py" line="342" name="test_ignore_invalid_codecs" time="0.003325939178466797"></testcase><testcase classname="lib.python3.7.site-packages.bs4.tests.test_soup.TestUnicodeDammit" file="lib/python3.7/site-packages/bs4/tests/test_soup.py" line="379" name="test_last_ditch_entity_replacement" time="0.0006868839263916016"></testcase><testcase classname="lib.python3.7.site-packages.bs4.tests.test_soup.TestUnicodeDammit" file="lib/python3.7/site-packages/bs4/tests/test_soup.py" line="312" name="test_smart_quotes_to_ascii" time="0.0017020702362060547"></testcase><testcase classname="lib.python3.7.site-packages.bs4.tests.test_soup.TestUnicodeDammit" file="lib/python3.7/site-packages/bs4/tests/test_soup.py" line="306" name="test_smart_quotes_to_html_entities" time="0.0029897689819335938"></testcase><testcase classname="lib.python3.7.site-packages.bs4.tests.test_soup.TestUnicodeDammit" file="lib/python3.7/site-packages/bs4/tests/test_soup.py" line="294" name="test_smart_quotes_to_unicode" time="0.0010287761688232422"></testcase><testcase classname="lib.python3.7.site-packages.bs4.tests.test_soup.TestUnicodeDammit" file="lib/python3.7/site-packages/bs4/tests/test_soup.py" line="300" name="test_smart_quotes_to_xml_entities" time="0.0009729862213134766"></testcase><testcase classname="lib.python3.7.site-packages.bs4.tests.test_soup.TestUnicodeDammit" file="lib/python3.7/site-packages/bs4/tests/test_soup.py" line="289" name="test_unicode_input" time="0.0003349781036376953"></testcase><testcase classname="lib.python3.7.site-packages.bs4.tests.test_soup.TestNamedspacedAttribute" file="lib/python3.7/site-packages/bs4/tests/test_soup.py" line="466" name="test_attribute_is_equivalent_to_colon_separated_string" time="0.0003437995910644531"></testcase><testcase classname="lib.python3.7.site-packages.bs4.tests.test_soup.TestNamedspacedAttribute" file="lib/python3.7/site-packages/bs4/tests/test_soup.py" line="470" name="test_attributes_are_equivalent_if_prefix_and_name_identical" time="0.000316619873046875"></testcase><testcase classname="lib.python3.7.site-packages.bs4.tests.test_soup.TestNamedspacedAttribute" file="lib/python3.7/site-packages/bs4/tests/test_soup.py" line="462" name="test_name_may_be_none" time="0.0003228187561035156"></testcase><testcase classname="lib.python3.7.site-packages.bs4.tests.test_soup.TestAttributeValueWithCharsetSubstitution" file="lib/python3.7/site-packages/bs4/tests/test_soup.py" line="496" name="test_content_meta_attribute_value" time="0.0003695487976074219"></testcase><testcase classname="lib.python3.7.site-packages.bs4.tests.test_tree.TestFind" file="lib/python3.7/site-packages/bs4/tests/test_tree.py" line="81" name="test_find_everything" time="0.0006229877471923828"></testcase><testcase classname="lib.python3.7.site-packages.bs4.tests.test_tree.TestFind" file="lib/python3.7/site-packages/bs4/tests/test_tree.py" line="86" name="test_find_everything_with_name" time="0.0006792545318603516"></testcase><testcase classname="lib.python3.7.site-packages.bs4.tests.test_tree.TestFind" file="lib/python3.7/site-packages/bs4/tests/test_tree.py" line="67" name="test_find_tag" time="0.0005967617034912109"></testcase><testcase classname="lib.python3.7.site-packages.bs4.tests.test_tree.TestFind" file="lib/python3.7/site-packages/bs4/tests/test_tree.py" line="75" name="test_unicode_attribute_find" time="0.0008664131164550781"></testcase><testcase classname="lib.python3.7.site-packages.bs4.tests.test_tree.TestFind" file="lib/python3.7/site-packages/bs4/tests/test_tree.py" line="71" name="test_unicode_text_find" time="0.0012598037719726562"></testcase><testcase classname="lib.python3.7.site-packages.bs4.tests.test_tree.TestFindAll" file="lib/python3.7/site-packages/bs4/tests/test_tree.py" line="122" name="test_calling_a_tag_is_calling_findall" time="0.0006999969482421875"></testcase><testcase classname="lib.python3.7.site-packages.bs4.tests.test_tree.TestFindAll" file="lib/python3.7/site-packages/bs4/tests/test_tree.py" line="110" name="test_find_all_limit" time="0.0007359981536865234"></testcase><testcase classname="lib.python3.7.site-packages.bs4.tests.test_tree.TestFindAll" file="lib/python3.7/site-packages/bs4/tests/test_tree.py" line="137" name="test_find_all_resultset" time="0.0005519390106201172"></testcase><testcase classname="lib.python3.7.site-packages.bs4.tests.test_tree.TestFindAll" file="lib/python3.7/site-packages/bs4/tests/test_tree.py" line="94" name="test_find_all_text_nodes" time="0.0010259151458740234"></testcase><testcase classname="lib.python3.7.site-packages.bs4.tests.test_tree.TestFindAll" file="lib/python3.7/site-packages/bs4/tests/test_tree.py" line="127" name="test_find_all_with_self_referential_data_structure_does_not_cause_infinite_recursion" time="0.00046181678771972656"></testcase><testcase classname="lib.python3.7.site-packages.bs4.tests.test_tree.TestFindAllBasicNamespaces" file="lib/python3.7/site-packages/bs4/tests/test_tree.py" line="152" name="test_find_by_namespaced_name" time="0.0005807876586914062"></testcase><testcase classname="lib.python3.7.site-packages.bs4.tests.test_tree.TestFindAllByName" file="lib/python3.7/site-packages/bs4/tests/test_tree.py" line="188" name="test_calling_element_invokes_find_all" time="0.0006818771362304688"></testcase><testcase classname="lib.python3.7.site-packages.bs4.tests.test_tree.TestFindAllByName" file="lib/python3.7/site-packages/bs4/tests/test_tree.py" line="172" name="test_find_all_by_name_and_text" time="0.0008451938629150391"></testcase><testcase classname="lib.python3.7.site-packages.bs4.tests.test_tree.TestFindAllByName" file="lib/python3.7/site-packages/bs4/tests/test_tree.py" line="201" name="test_find_all_by_tag_dict" time="0.0006880760192871094"></testcase><testcase classname="lib.python3.7.site-packages.bs4.tests.test_tree.TestFindAllByName" file="lib/python3.7/site-packages/bs4/tests/test_tree.py" line="167" name="test_find_all_by_tag_name" time="0.001192331314086914"></testcase><testcase classname="lib.python3.7.site-packages.bs4.tests.test_tree.TestFindAllByName" file="lib/python3.7/site-packages/bs4/tests/test_tree.py" line="196" name="test_find_all_by_tag_names" time="0.0008711814880371094"></testcase><testcase classname="lib.python3.7.site-packages.bs4.tests.test_tree.TestFindAllByName" file="lib/python3.7/site-packages/bs4/tests/test_tree.py" line="206" name="test_find_all_by_tag_re" time="0.0007979869842529297"></testcase><testcase classname="lib.python3.7.site-packages.bs4.tests.test_tree.TestFindAllByName" file="lib/python3.7/site-packages/bs4/tests/test_tree.py" line="191" name="test_find_all_by_tag_strainer" time="0.0006427764892578125"></testcase><testcase classname="lib.python3.7.site-packages.bs4.tests.test_tree.TestFindAllByName" file="lib/python3.7/site-packages/bs4/tests/test_tree.py" line="184" name="test_find_all_on_non_root_element" time="0.0006339550018310547"></testcase><testcase classname="lib.python3.7.site-packages.bs4.tests.test_tree.TestFindAllByName" file="lib/python3.7/site-packages/bs4/tests/test_tree.py" line="211" name="test_find_all_with_tags_matching_method" time="0.0008640289306640625"></testcase><testcase classname="lib.python3.7.site-packages.bs4.tests.test_tree.TestFindAllByName" file="lib/python3.7/site-packages/bs4/tests/test_tree.py" line="224" name="test_find_with_multi_valued_attribute" time="0.0021991729736328125"></testcase><testcase classname="lib.python3.7.site-packages.bs4.tests.test_tree.TestFindAllByAttribute" file="lib/python3.7/site-packages/bs4/tests/test_tree.py" line="258" name="test_find_all_by_attribute_dict" time="0.0008492469787597656"></testcase><testcase classname="lib.python3.7.site-packages.bs4.tests.test_tree.TestFindAllByAttribute" file="lib/python3.7/site-packages/bs4/tests/test_tree.py" line="239" name="test_find_all_by_attribute_name" time="0.0005941390991210938"></testcase><testcase classname="lib.python3.7.site-packages.bs4.tests.test_tree.TestFindAllByAttribute" file="lib/python3.7/site-packages/bs4/tests/test_tree.py" line="341" name="test_find_all_by_attribute_soupstrainer" time="0.0006036758422851562"></testcase><testcase classname="lib.python3.7.site-packages.bs4.tests.test_tree.TestFindAllByAttribute" file="lib/python3.7/site-packages/bs4/tests/test_tree.py" line="279" name="test_find_all_by_class" time="0.001432657241821289"></testcase><testcase classname="lib.python3.7.site-packages.bs4.tests.test_tree.TestFindAllByAttribute" file="lib/python3.7/site-packages/bs4/tests/test_tree.py" line="250" name="test_find_all_by_utf8_attribute_value" time="0.007445812225341797"></testcase><testcase classname="lib.python3.7.site-packages.bs4.tests.test_tree.TestFindAllByAttribute" file="lib/python3.7/site-packages/bs4/tests/test_tree.py" line="357" name="test_find_all_with_defined_attribute" time="0.0008068084716796875"></testcase><testcase classname="lib.python3.7.site-packages.bs4.tests.test_tree.TestFindAllByAttribute" file="lib/python3.7/site-packages/bs4/tests/test_tree.py" line="375" name="test_find_all_with_list_attribute_values" time="0.0007359981536865234"></testcase><testcase classname="lib.python3.7.site-packages.bs4.tests.test_tree.TestFindAllByAttribute" file="lib/python3.7/site-packages/bs4/tests/test_tree.py" line="349" name="test_find_all_with_missing_attribute" time="0.0006265640258789062"></testcase><testcase classname="lib.python3.7.site-packages.bs4.tests.test_tree.TestFindAllByAttribute" file="lib/python3.7/site-packages/bs4/tests/test_tree.py" line="313" name="test_find_all_with_non_dictionary_for_attrs_finds_by_class" time="0.000621795654296875"></testcase><testcase classname="lib.python3.7.site-packages.bs4.tests.test_tree.TestFindAllByAttribute" file="lib/python3.7/site-packages/bs4/tests/test_tree.py" line="366" name="test_find_all_with_numeric_attribute" time="0.0006046295166015625"></testcase><testcase classname="lib.python3.7.site-packages.bs4.tests.test_tree.TestFindAllByAttribute" file="lib/python3.7/site-packages/bs4/tests/test_tree.py" line="385" name="test_find_all_with_regular_expression_attribute_value" time="0.0009331703186035156"></testcase><testcase classname="lib.python3.7.site-packages.bs4.tests.test_tree.TestFindAllByAttribute" file="lib/python3.7/site-packages/bs4/tests/test_tree.py" line="329" name="test_find_all_with_string_for_attrs_finds_multiple_classes" time="0.0010802745819091797"></testcase><testcase classname="lib.python3.7.site-packages.bs4.tests.test_tree.TestFindAllByAttribute" file="lib/python3.7/site-packages/bs4/tests/test_tree.py" line="410" name="test_find_by_attribute_and_containing_string" time="0.0016167163848876953"></testcase><testcase classname="lib.python3.7.site-packages.bs4.tests.test_tree.TestFindAllByAttribute" file="lib/python3.7/site-packages/bs4/tests/test_tree.py" line="299" name="test_find_by_class_when_multiple_classes_present" time="0.0009765625"></testcase><testcase classname="lib.python3.7.site-packages.bs4.tests.test_tree.TestFindAllByAttribute" file="lib/python3.7/site-packages/bs4/tests/test_tree.py" line="398" name="test_find_by_name_and_containing_string" time="0.0011012554168701172"></testcase><testcase classname="lib.python3.7.site-packages.bs4.tests.test_tree.TestFindAllByAttribute" file="lib/python3.7/site-packages/bs4/tests/test_tree.py" line="406" name="test_find_by_name_and_containing_string_when_string_is_buried" time="0.0007429122924804688"></testcase><testcase classname="lib.python3.7.site-packages.bs4.tests.test_tree.TestIndex" file="lib/python3.7/site-packages/bs4/tests/test_tree.py" line="422" name="test_index" time="0.0009627342224121094"></testcase><testcase classname="lib.python3.7.site-packages.bs4.tests.test_tree.TestParentOperations" file="lib/python3.7/site-packages/bs4/tests/test_tree.py" line="471" name="test_find_parent" time="0.0008242130279541016"></testcase><testcase classname="lib.python3.7.site-packages.bs4.tests.test_tree.TestParentOperations" file="lib/python3.7/site-packages/bs4/tests/test_tree.py" line="465" name="test_find_parents" time="0.0009853839874267578"></testcase><testcase classname="lib.python3.7.site-packages.bs4.tests.test_tree.TestParentOperations" file="lib/python3.7/site-packages/bs4/tests/test_tree.py" line="453" name="test_parent" time="0.0008261203765869141"></testcase><testcase classname="lib.python3.7.site-packages.bs4.tests.test_tree.TestParentOperations" file="lib/python3.7/site-packages/bs4/tests/test_tree.py" line="483" name="test_parent_generator" time="0.002382993698120117"></testcase><testcase classname="lib.python3.7.site-packages.bs4.tests.test_tree.TestParentOperations" file="lib/python3.7/site-packages/bs4/tests/test_tree.py" line="475" name="test_parent_of_text_element" time="0.0009810924530029297"></testcase><testcase classname="lib.python3.7.site-packages.bs4.tests.test_tree.TestParentOperations" file="lib/python3.7/site-packages/bs4/tests/test_tree.py" line="458" name="test_parent_of_top_tag_is_soup_object" time="0.0007359981536865234"></testcase><testcase classname="lib.python3.7.site-packages.bs4.tests.test_tree.TestParentOperations" file="lib/python3.7/site-packages/bs4/tests/test_tree.py" line="462" name="test_soup_object_has_no_parent" time="0.0007300376892089844"></testcase><testcase classname="lib.python3.7.site-packages.bs4.tests.test_tree.TestParentOperations" file="lib/python3.7/site-packages/bs4/tests/test_tree.py" line="479" name="test_text_element_find_parent" time="0.001216888427734375"></testcase><testcase classname="lib.python3.7.site-packages.bs4.tests.test_tree.TestNextOperations" file="lib/python3.7/site-packages/bs4/tests/test_tree.py" line="515" name="test_find_all_next" time="0.0008189678192138672"></testcase><testcase classname="lib.python3.7.site-packages.bs4.tests.test_tree.TestNextOperations" file="lib/python3.7/site-packages/bs4/tests/test_tree.py" line="520" name="test_find_next" time="0.0007579326629638672"></testcase><testcase classname="lib.python3.7.site-packages.bs4.tests.test_tree.TestNextOperations" file="lib/python3.7/site-packages/bs4/tests/test_tree.py" line="524" name="test_find_next_for_text_element" time="0.0007545948028564453"></testcase><testcase classname="lib.python3.7.site-packages.bs4.tests.test_tree.TestNextOperations" file="lib/python3.7/site-packages/bs4/tests/test_tree.py" line="503" name="test_next" time="0.0006911754608154297"></testcase><testcase classname="lib.python3.7.site-packages.bs4.tests.test_tree.TestNextOperations" file="lib/python3.7/site-packages/bs4/tests/test_tree.py" line="529" name="test_next_generator" time="0.0012013912200927734"></testcase><testcase classname="lib.python3.7.site-packages.bs4.tests.test_tree.TestNextOperations" file="lib/python3.7/site-packages/bs4/tests/test_tree.py" line="507" name="test_next_of_last_item_is_none" time="0.001775979995727539"></testcase><testcase classname="lib.python3.7.site-packages.bs4.tests.test_tree.TestNextOperations" file="lib/python3.7/site-packages/bs4/tests/test_tree.py" line="511" name="test_next_of_root_is_none" time="0.0006384849548339844"></testcase><testcase classname="lib.python3.7.site-packages.bs4.tests.test_tree.TestPreviousOperations" file="lib/python3.7/site-packages/bs4/tests/test_tree.py" line="557" name="test_find_all_previous" time="0.0009851455688476562"></testcase><testcase classname="lib.python3.7.site-packages.bs4.tests.test_tree.TestPreviousOperations" file="lib/python3.7/site-packages/bs4/tests/test_tree.py" line="565" name="test_find_previous" time="0.0007760524749755859"></testcase><testcase classname="lib.python3.7.site-packages.bs4.tests.test_tree.TestPreviousOperations" file="lib/python3.7/site-packages/bs4/tests/test_tree.py" line="569" name="test_find_previous_for_text_element" time="0.0007898807525634766"></testcase><testcase classname="lib.python3.7.site-packages.bs4.tests.test_tree.TestPreviousOperations" file="lib/python3.7/site-packages/bs4/tests/test_tree.py" line="543" name="test_previous" time="0.001051187515258789"></testcase><testcase classname="lib.python3.7.site-packages.bs4.tests.test_tree.TestPreviousOperations" file="lib/python3.7/site-packages/bs4/tests/test_tree.py" line="575" name="test_previous_generator" time="0.0007941722869873047"></testcase><testcase classname="lib.python3.7.site-packages.bs4.tests.test_tree.TestPreviousOperations" file="lib/python3.7/site-packages/bs4/tests/test_tree.py" line="547" name="test_previous_of_first_item_is_none" time="0.0007905960083007812"></testcase><testcase classname="lib.python3.7.site-packages.bs4.tests.test_tree.TestPreviousOperations" file="lib/python3.7/site-packages/bs4/tests/test_tree.py" line="551" name="test_previous_of_root_is_none" time="0.0010502338409423828"></testcase><testcase classname="lib.python3.7.site-packages.bs4.tests.test_tree.TestNextSibling" file="lib/python3.7/site-packages/bs4/tests/test_tree.py" line="635" name="test_find_next_sibling" time="0.0013489723205566406"></testcase><testcase classname="lib.python3.7.site-packages.bs4.tests.test_tree.TestNextSibling" file="lib/python3.7/site-packages/bs4/tests/test_tree.py" line="619" name="test_next_sibling" time="0.0007188320159912109"></testcase><testcase classname="lib.python3.7.site-packages.bs4.tests.test_tree.TestNextSibling" file="lib/python3.7/site-packages/bs4/tests/test_tree.py" line="644" name="test_next_sibling_for_text_element" time="0.0008378028869628906"></testcase><testcase classname="lib.python3.7.site-packages.bs4.tests.test_tree.TestNextSibling" file="lib/python3.7/site-packages/bs4/tests/test_tree.py" line="626" name="test_next_sibling_may_not_exist" time="0.001399993896484375"></testcase><testcase classname="lib.python3.7.site-packages.bs4.tests.test_tree.TestNextSibling" file="lib/python3.7/site-packages/bs4/tests/test_tree.py" line="616" name="test_next_sibling_of_root_is_none" time="0.0007300376892089844"></testcase><testcase classname="lib.python3.7.site-packages.bs4.tests.test_tree.TestNextSibling" file="lib/python3.7/site-packages/bs4/tests/test_tree.py" line="638" name="test_next_siblings" time="0.0007948875427246094"></testcase><testcase classname="lib.python3.7.site-packages.bs4.tests.test_tree.TestPreviousSibling" file="lib/python3.7/site-packages/bs4/tests/test_tree.py" line="680" name="test_find_previous_sibling" time="0.0007898807525634766"></testcase><testcase classname="lib.python3.7.site-packages.bs4.tests.test_tree.TestPreviousSibling" file="lib/python3.7/site-packages/bs4/tests/test_tree.py" line="664" name="test_previous_sibling" time="0.0007569789886474609"></testcase><testcase classname="lib.python3.7.site-packages.b
[...]
es/bs4/tests/test_tree.py" line="1491" name="test_formatter_html5" time="0.0007519721984863281"></testcase><testcase classname="lib.python3.7.site-packages.bs4.tests.test_tree.TestSubstitutions" file="lib/python3.7/site-packages/bs4/tests/test_tree.py" line="1528" name="test_formatter_is_run_on_attribute_values" time="0.0008189678192138672"></testcase><testcase classname="lib.python3.7.site-packages.bs4.tests.test_tree.TestSubstitutions" file="lib/python3.7/site-packages/bs4/tests/test_tree.py" line="1499" name="test_formatter_minimal" time="0.0005090236663818359"></testcase><testcase classname="lib.python3.7.site-packages.bs4.tests.test_tree.TestSubstitutions" file="lib/python3.7/site-packages/bs4/tests/test_tree.py" line="1509" name="test_formatter_null" time="0.0004715919494628906"></testcase><testcase classname="lib.python3.7.site-packages.bs4.tests.test_tree.TestSubstitutions" file="lib/python3.7/site-packages/bs4/tests/test_tree.py" line="1545" name="test_formatter_skips_script_tag_for_html_documents" time="0.0011551380157470703"></testcase><testcase classname="lib.python3.7.site-packages.bs4.tests.test_tree.TestSubstitutions" file="lib/python3.7/site-packages/bs4/tests/test_tree.py" line="1554" name="test_formatter_skips_style_tag_for_html_documents" time="0.0008161067962646484"></testcase><testcase classname="lib.python3.7.site-packages.bs4.tests.test_tree.TestSubstitutions" file="lib/python3.7/site-packages/bs4/tests/test_tree.py" line="1584" name="test_html_entity_substitution_off_by_default" time="0.00046896934509277344"></testcase><testcase classname="lib.python3.7.site-packages.bs4.tests.test_tree.TestSubstitutions" file="lib/python3.7/site-packages/bs4/tests/test_tree.py" line="1571" name="test_prettify_accepts_formatter_function" time="0.0006468296051025391"></testcase><testcase classname="lib.python3.7.site-packages.bs4.tests.test_tree.TestSubstitutions" file="lib/python3.7/site-packages/bs4/tests/test_tree.py" line="1580" name="test_prettify_can_encode_data" time="0.0004050731658935547"></testcase><testcase classname="lib.python3.7.site-packages.bs4.tests.test_tree.TestSubstitutions" file="lib/python3.7/site-packages/bs4/tests/test_tree.py" line="1563" name="test_prettify_leaves_preformatted_text_alone" time="0.0008900165557861328"></testcase><testcase classname="lib.python3.7.site-packages.bs4.tests.test_tree.TestSubstitutions" file="lib/python3.7/site-packages/bs4/tests/test_tree.py" line="1576" name="test_prettify_outputs_unicode_by_default" time="0.0006608963012695312"></testcase><testcase classname="lib.python3.7.site-packages.bs4.tests.test_tree.TestEncoding" file="lib/python3.7/site-packages/bs4/tests/test_tree.py" line="1651" name="test_decode_contents" time="0.0005824565887451172"></testcase><testcase classname="lib.python3.7.site-packages.bs4.tests.test_tree.TestEncoding" file="lib/python3.7/site-packages/bs4/tests/test_tree.py" line="1663" name="test_deprecated_renderContents" time="0.0008847713470458984"></testcase><testcase classname="lib.python3.7.site-packages.bs4.tests.test_tree.TestEncoding" file="lib/python3.7/site-packages/bs4/tests/test_tree.py" line="1656" name="test_encode_contents" time="0.0006759166717529297"></testcase><testcase classname="lib.python3.7.site-packages.bs4.tests.test_tree.TestEncoding" file="lib/python3.7/site-packages/bs4/tests/test_tree.py" line="1645" name="test_encoding_can_be_made_strict" time="0.0007262229919433594"></testcase><testcase classname="lib.python3.7.site-packages.bs4.tests.test_tree.TestEncoding" file="lib/python3.7/site-packages/bs4/tests/test_tree.py" line="1640" name="test_encoding_substitutes_unrecognized_characters_by_default" time="0.0004730224609375"></testcase><testcase classname="lib.python3.7.site-packages.bs4.tests.test_tree.TestEncoding" file="lib/python3.7/site-packages/bs4/tests/test_tree.py" line="1669" name="test_repr" time="0.0004420280456542969"></testcase><testcase classname="lib.python3.7.site-packages.bs4.tests.test_tree.TestEncoding" file="lib/python3.7/site-packages/bs4/tests/test_tree.py" line="1634" name="test_tag_containing_unicode_string_can_be_encoded" time="0.00048422813415527344"></testcase><testcase classname="lib.python3.7.site-packages.bs4.tests.test_tree.TestEncoding" file="lib/python3.7/site-packages/bs4/tests/test_tree.py" line="1628" name="test_unicode_string_can_be_encoded" time="0.0004565715789794922"></testcase><testcase classname="lib.python3.7.site-packages.bs4.tests.test_tree.TestNavigableStringSubclasses" file="lib/python3.7/site-packages/bs4/tests/test_tree.py" line="1679" name="test_cdata" time="0.0004277229309082031"></testcase><testcase classname="lib.python3.7.site-packages.bs4.tests.test_tree.TestNavigableStringSubclasses" file="lib/python3.7/site-packages/bs4/tests/test_tree.py" line="1689" name="test_cdata_is_never_formatted" time="0.00046515464782714844"></testcase><testcase classname="lib.python3.7.site-packages.bs4.tests.test_tree.TestNavigableStringSubclasses" file="lib/python3.7/site-packages/bs4/tests/test_tree.py" line="1715" name="test_declaration" time="0.0003077983856201172"></testcase><testcase classname="lib.python3.7.site-packages.bs4.tests.test_tree.TestNavigableStringSubclasses" file="lib/python3.7/site-packages/bs4/tests/test_tree.py" line="1707" name="test_doctype_ends_in_newline" time="0.0005414485931396484"></testcase><testcase classname="lib.python3.7.site-packages.bs4.tests.test_tree.TestSoupSelector" file="lib/python3.7/site-packages/bs4/tests/test_tree.py" line="1877" name="test_a_bunch_of_emptys" time="0.010535001754760742"></testcase><testcase classname="lib.python3.7.site-packages.bs4.tests.test_tree.TestSoupSelector" file="lib/python3.7/site-packages/bs4/tests/test_tree.py" line="2061" name="test_adjacent_sibling_selector" time="0.005719423294067383"></testcase><testcase classname="lib.python3.7.site-packages.bs4.tests.test_tree.TestSoupSelector" file="lib/python3.7/site-packages/bs4/tests/test_tree.py" line="1957" name="test_attribute_contains" time="0.017059326171875"></testcase><testcase classname="lib.python3.7.site-packages.bs4.tests.test_tree.TestSoupSelector" file="lib/python3.7/site-packages/bs4/tests/test_tree.py" line="1947" name="test_attribute_endswith" time="0.009624004364013672"></testcase><testcase classname="lib.python3.7.site-packages.bs4.tests.test_tree.TestSoupSelector" file="lib/python3.7/site-packages/bs4/tests/test_tree.py" line="1898" name="test_attribute_equals" time="0.011348724365234375"></testcase><testcase classname="lib.python3.7.site-packages.bs4.tests.test_tree.TestSoupSelector" file="lib/python3.7/site-packages/bs4/tests/test_tree.py" line="1986" name="test_attribute_exact_or_hypen" time="0.006399393081665039"></testcase><testcase classname="lib.python3.7.site-packages.bs4.tests.test_tree.TestSoupSelector" file="lib/python3.7/site-packages/bs4/tests/test_tree.py" line="1994" name="test_attribute_exists" time="0.009366035461425781"></testcase><testcase classname="lib.python3.7.site-packages.bs4.tests.test_tree.TestSoupSelector" file="lib/python3.7/site-packages/bs4/tests/test_tree.py" line="1930" name="test_attribute_startswith" time="0.010248661041259766"></testcase><testcase classname="lib.python3.7.site-packages.bs4.tests.test_tree.TestSoupSelector" file="lib/python3.7/site-packages/bs4/tests/test_tree.py" line="1916" name="test_attribute_tilde" time="0.011562824249267578"></testcase><testcase classname="lib.python3.7.site-packages.bs4.tests.test_tree.TestSoupSelector" file="lib/python3.7/site-packages/bs4/tests/test_tree.py" line="1865" name="test_bad_id" time="0.005318164825439453"></testcase><testcase classname="lib.python3.7.site-packages.bs4.tests.test_tree.TestSoupSelector" file="lib/python3.7/site-packages/bs4/tests/test_tree.py" line="1891" name="test_child_selector" time="0.004831075668334961"></testcase><testcase classname="lib.python3.7.site-packages.bs4.tests.test_tree.TestSoupSelector" file="lib/python3.7/site-packages/bs4/tests/test_tree.py" line="1895" name="test_child_selector_id" time="0.004020214080810547"></testcase><testcase classname="lib.python3.7.site-packages.bs4.tests.test_tree.TestSoupSelector" file="lib/python3.7/site-packages/bs4/tests/test_tree.py" line="1857" name="test_class_mismatched_tag" time="0.0038290023803710938"></testcase><testcase classname="lib.python3.7.site-packages.bs4.tests.test_tree.TestSoupSelector" file="lib/python3.7/site-packages/bs4/tests/test_tree.py" line="1850" name="test_class_one" time="0.0054874420166015625"></testcase><testcase classname="lib.python3.7.site-packages.bs4.tests.test_tree.TestSoupSelector" file="lib/python3.7/site-packages/bs4/tests/test_tree.py" line="2074" name="test_dangling_combinator" time="0.003715991973876953"></testcase><testcase classname="lib.python3.7.site-packages.bs4.tests.test_tree.TestSoupSelector" file="lib/python3.7/site-packages/bs4/tests/test_tree.py" line="1838" name="test_dashed_tag_text" time="0.005313873291015625"></testcase><testcase classname="lib.python3.7.site-packages.bs4.tests.test_tree.TestSoupSelector" file="lib/python3.7/site-packages/bs4/tests/test_tree.py" line="2067" name="test_general_sibling_selector" time="0.007875442504882812"></testcase><testcase classname="lib.python3.7.site-packages.bs4.tests.test_tree.TestSoupSelector" file="lib/python3.7/site-packages/bs4/tests/test_tree.py" line="1844" name="test_header_tags" time="0.004169940948486328"></testcase><testcase classname="lib.python3.7.site-packages.bs4.tests.test_tree.TestSoupSelector" file="lib/python3.7/site-packages/bs4/tests/test_tree.py" line="2045" name="test_id_child_selector_nth_of_type" time="0.004029512405395508"></testcase><testcase classname="lib.python3.7.site-packages.bs4.tests.test_tree.TestSoupSelector" file="lib/python3.7/site-packages/bs4/tests/test_tree.py" line="2105" name="test_invalid_multiple_select" time="0.0042819976806640625"></testcase><testcase classname="lib.python3.7.site-packages.bs4.tests.test_tree.TestSoupSelector" file="lib/python3.7/site-packages/bs4/tests/test_tree.py" line="1827" name="test_invalid_tag" time="0.004215240478515625"></testcase><testcase classname="lib.python3.7.site-packages.bs4.tests.test_tree.TestSoupSelector" file="lib/python3.7/site-packages/bs4/tests/test_tree.py" line="1869" name="test_items_in_id" time="0.00420379638671875"></testcase><testcase classname="lib.python3.7.site-packages.bs4.tests.test_tree.TestSoupSelector" file="lib/python3.7/site-packages/bs4/tests/test_tree.py" line="1818" name="test_limit" time="0.00480961799621582"></testcase><testcase classname="lib.python3.7.site-packages.bs4.tests.test_tree.TestSoupSelector" file="lib/python3.7/site-packages/bs4/tests/test_tree.py" line="1886" name="test_multi_class_selection" time="0.00533294677734375"></testcase><testcase classname="lib.python3.7.site-packages.bs4.tests.test_tree.TestSoupSelector" file="lib/python3.7/site-packages/bs4/tests/test_tree.py" line="1881" name="test_multi_class_support" time="0.0068438053131103516"></testcase><testcase classname="lib.python3.7.site-packages.bs4.tests.test_tree.TestSoupSelector" file="lib/python3.7/site-packages/bs4/tests/test_tree.py" line="2081" name="test_multiple_select" time="0.005307912826538086"></testcase><testcase classname="lib.python3.7.site-packages.bs4.tests.test_tree.TestSoupSelector" file="lib/python3.7/site-packages/bs4/tests/test_tree.py" line="2109" name="test_multiple_select_attrs" time="0.004000663757324219"></testcase><testcase classname="lib.python3.7.site-packages.bs4.tests.test_tree.TestSoupSelector" file="lib/python3.7/site-packages/bs4/tests/test_tree.py" line="2099" name="test_multiple_select_direct_descendant_and_tags" time="0.005634307861328125"></testcase><testcase classname="lib.python3.7.site-packages.bs4.tests.test_tree.TestSoupSelector" file="lib/python3.7/site-packages/bs4/tests/test_tree.py" line="2090" name="test_multiple_select_duplicated" time="0.0043981075286865234"></testcase><testcase classname="lib.python3.7.site-packages.bs4.tests.test_tree.TestSoupSelector" file="lib/python3.7/site-packages/bs4/tests/test_tree.py" line="2112" name="test_multiple_select_ids" time="0.005238771438598633"></testcase><testcase classname="lib.python3.7.site-packages.bs4.tests.test_tree.TestSoupSelector" file="lib/python3.7/site-packages/bs4/tests/test_tree.py" line="2102" name="test_multiple_select_indirect_descendant" time="0.0048770904541015625"></testcase><testcase classname="lib.python3.7.site-packages.bs4.tests.test_tree.TestSoupSelector" file="lib/python3.7/site-packages/bs4/tests/test_tree.py" line="2115" name="test_multiple_select_nested" time="0.00597691535949707"></testcase><testcase classname="lib.python3.7.site-packages.bs4.tests.test_tree.TestSoupSelector" file="lib/python3.7/site-packages/bs4/tests/test_tree.py" line="2093" name="test_multiple_select_sibling" time="0.003921031951904297"></testcase><testcase classname="lib.python3.7.site-packages.bs4.tests.test_tree.TestSoupSelector" file="lib/python3.7/site-packages/bs4/tests/test_tree.py" line="2096" name="test_multiple_select_tag_and_direct_descendant" time="0.004606962203979492"></testcase><testcase classname="lib.python3.7.site-packages.bs4.tests.test_tree.TestSoupSelector" file="lib/python3.7/site-packages/bs4/tests/test_tree.py" line="2087" name="test_multiple_select_with_more_space" time="0.004256010055541992"></testcase><testcase classname="lib.python3.7.site-packages.bs4.tests.test_tree.TestSoupSelector" file="lib/python3.7/site-packages/bs4/tests/test_tree.py" line="2084" name="test_multiple_select_with_no_space" time="0.003793478012084961"></testcase><testcase classname="lib.python3.7.site-packages.bs4.tests.test_tree.TestSoupSelector" file="lib/python3.7/site-packages/bs4/tests/test_tree.py" line="2021" name="test_nth_of_type" time="0.005745649337768555"></testcase><testcase classname="lib.python3.7.site-packages.bs4.tests.test_tree.TestSoupSelector" file="lib/python3.7/site-packages/bs4/tests/test_tree.py" line="2040" name="test_nth_of_type_direct_descendant" time="0.005789995193481445"></testcase><testcase classname="lib.python3.7.site-packages.bs4.tests.test_tree.TestSoupSelector" file="lib/python3.7/site-packages/bs4/tests/test_tree.py" line="1861" name="test_one_id" time="0.00432896614074707"></testcase><testcase classname="lib.python3.7.site-packages.bs4.tests.test_tree.TestSoupSelector" file="lib/python3.7/site-packages/bs4/tests/test_tree.py" line="1795" name="test_one_tag_many" time="0.004478931427001953"></testcase><testcase classname="lib.python3.7.site-packages.bs4.tests.test_tree.TestSoupSelector" file="lib/python3.7/site-packages/bs4/tests/test_tree.py" line="1789" name="test_one_tag_one" time="0.004210948944091797"></testcase><testcase classname="lib.python3.7.site-packages.bs4.tests.test_tree.TestSoupSelector" file="lib/python3.7/site-packages/bs4/tests/test_tree.py" line="2057" name="test_overspecified_child_id" time="0.0046939849853515625"></testcase><testcase classname="lib.python3.7.site-packages.bs4.tests.test_tree.TestSoupSelector" file="lib/python3.7/site-packages/bs4/tests/test_tree.py" line="2006" name="test_quoted_space_in_selector_name" time="0.006236553192138672"></testcase><testcase classname="lib.python3.7.site-packages.bs4.tests.test_tree.TestSoupSelector" file="lib/python3.7/site-packages/bs4/tests/test_tree.py" line="1833" name="test_select_dashed_by_id" time="0.004502296447753906"></testcase><testcase classname="lib.python3.7.site-packages.bs4.tests.test_tree.TestSoupSelector" file="lib/python3.7/site-packages/bs4/tests/test_tree.py" line="1841" name="test_select_dashed_matches_find_all" time="0.0035903453826904297"></testcase><testcase classname="lib.python3.7.site-packages.bs4.tests.test_tree.TestSoupSelector" file="lib/python3.7/site-packages/bs4/tests/test_tree.py" line="1830" name="test_select_dashed_tag_ids" time="0.0036957263946533203"></testcase><testcase classname="lib.python3.7.site-packages.bs4.tests.test_tree.TestSoupSelector" file="lib/python3.7/site-packages/bs4/tests/test_tree.py" line="2118" name="test_select_duplicate_elements" time="0.004548072814941406"></testcase><testcase classname="lib.python3.7.site-packages.bs4.tests.test_tree.TestSoupSelector" file="lib/python3.7/site-packages/bs4/tests/test_tree.py" line="2048" name="test_select_on_element" time="0.004561901092529297"></testcase><testcase classname="lib.python3.7.site-packages.bs4.tests.test_tree.TestSoupSelector" file="lib/python3.7/site-packages/bs4/tests/test_tree.py" line="1804" name="test_select_one_returns_none_if_no_match" time="0.005210161209106445"></testcase><testcase classname="lib.python3.7.site-packages.bs4.tests.test_tree.TestSoupSelector" file="lib/python3.7/site-packages/bs4/tests/test_tree.py" line="2077" name="test_sibling_combinator_wont_select_same_tag_twice" time="0.004586219787597656"></testcase><testcase classname="lib.python3.7.site-packages.bs4.tests.test_tree.TestSoupSelector" file="lib/python3.7/site-packages/bs4/tests/test_tree.py" line="1813" name="test_tag_in_tag_many" time="0.004905223846435547"></testcase><testcase classname="lib.python3.7.site-packages.bs4.tests.test_tree.TestSoupSelector" file="lib/python3.7/site-packages/bs4/tests/test_tree.py" line="1809" name="test_tag_in_tag_one" time="0.003909587860107422"></testcase><testcase classname="lib.python3.7.site-packages.bs4.tests.test_tree.TestSoupSelector" file="lib/python3.7/site-packages/bs4/tests/test_tree.py" line="1824" name="test_tag_no_match" time="0.0044002532958984375"></testcase><testcase classname="lib.python3.7.site-packages.bs4.tests.test_tree.TestSoupSelector" file="lib/python3.7/site-packages/bs4/tests/test_tree.py" line="2014" name="test_unsupported_pseudoclass" time="0.003982067108154297"></testcase><testcase classname="tests.test_jenkins_pytests" file="tests/test_jenkins_pytests.py" line="23" name="test_content" time="1.0204129219055176"><system-err>/Users/rohan/Projects/work/ltx-projects/jenkins-pytests/tests/test_jenkins_pytests.py:27: UserWarning: No parser was explicitly specified, so I&apos;m using the best available HTML parser for this system (&quot;lxml&quot;). This usually isn&apos;t a problem, but if you run this code on another system, or in a different virtual environment, it may use a different parser and behave differently.

The code that caused this warning is on line 27 of the file /Users/rohan/Projects/work/ltx-projects/jenkins-pytests/tests/test_jenkins_pytests.py. To get rid of this warning, pass the additional argument &apos;features=&quot;lxml&quot;&apos; to the BeautifulSoup constructor.

  assert &apos;GitHub&apos; in BeautifulSoup(response.content).title.string
</system-err></testcase><testcase classname="tests.test_jenkins_pytests" file="tests/test_jenkins_pytests.py" line="29" name="test_command_line_interface" time="0.0036830902099609375"></testcase><testcase classname="tests.test_jenkins_pytests" file="tests/test_jenkins_pytests.py" line="40" name="testOneEqualsOne" time="0.00037932395935058594"></testcase><testcase classname="tests.test_jenkins_pytests" file="tests/test_jenkins_pytests.py" line="43" name="testAssertValInList" time="0.0003380775451660156"></testcase><testcase classname="tests.test_jenkins_pytests" file="tests/test_jenkins_pytests.py" line="47" name="testExpectedFailTest" time="0.0022623538970947266"><failure message="assert False == True">def testExpectedFailTest():
&gt;       assert False == True
E       assert False == True

tests/test_jenkins_pytests.py:49: AssertionError</failure></testcase><testcase classname="tests.test_random_tests" file="tests/test_random_tests.py" line="5" name="testValidTest" time="0.00041103363037109375"></testcase><testcase classname="tests.test_random_tests" file="tests/test_random_tests.py" line="8" name="testFailingTest" time="0.00037980079650878906"><failure message="assert False">def testFailingTest():
&gt;       assert False
E       assert False

tests/test_random_tests.py:10: AssertionError</failure></testcase></testsuite>