<?xml version="1.0" encoding="utf-8"?><testsuite errors="0" failures="2" name="pytest" skips="0" tests="495" time="3.684"><testcase classname="lib.python3.7.site-packages.bs4.tests.test_builder_registry.BuiltInRegistryTest" file="lib/python3.7/site-packages/bs4/tests/test_builder_registry.py" line="69" name="test_beautifulsoup_constructor_does_lookup" time="0.0009548664093017578"></testcase><testcase classname="lib.python3.7.site-packages.bs4.tests.test_builder_registry.BuiltInRegistryTest" file="lib/python3.7/site-packages/bs4/tests/test_builder_registry.py" line="31" name="test_combination" time="0.0003287792205810547"></testcase><testcase classname="lib.python3.7.site-packages.bs4.tests.test_builder_registry.BuiltInRegistryTest" file="lib/python3.7/site-packages/bs4/tests/test_builder_registry.py" line="45" name="test_lookup_by_markup_type" time="0.00042891502380371094"></testcase><testcase classname="lib.python3.7.site-packages.bs4.tests.test_builder_registry.BuiltInRegistryTest" file="lib/python3.7/site-packages/bs4/tests/test_builder_registry.py" line="56" name="test_named_library" time="0.00045108795166015625"></testcase><testcase classname="lib.python3.7.site-packages.bs4.tests.test_builder_registry.RegistryTest" file="lib/python3.7/site-packages/bs4/tests/test_builder_registry.py" line="143" name="test_lookup_fails_when_cannot_reconcile_requested_features" time="0.00042724609375"></testcase><testcase classname="lib.python3.7.site-packages.bs4.tests.test_builder_registry.RegistryTest" file="lib/python3.7/site-packages/bs4/tests/test_builder_registry.py" line="114" name="test_lookup_fails_when_no_builder_implements_feature" time="0.0004668235778808594"></testcase><testcase classname="lib.python3.7.site-packages.bs4.tests.test_builder_registry.RegistryTest" file="lib/python3.7/site-packages/bs4/tests/test_builder_registry.py" line="123" name="test_lookup_fails_when_no_tree_builders_registered" time="0.00029969215393066406"></testcase><testcase classname="lib.python3.7.site-packages.bs4.tests.test_builder_registry.RegistryTest" file="lib/python3.7/site-packages/bs4/tests/test_builder_registry.py" line="126" name="test_lookup_gets_most_recent_builder_supporting_all_features" time="0.00039887428283691406"></testcase><testcase classname="lib.python3.7.site-packages.bs4.tests.test_builder_registry.RegistryTest" file="lib/python3.7/site-packages/bs4/tests/test_builder_registry.py" line="118" name="test_lookup_gets_most_recent_registration_when_no_feature_specified" time="0.00034809112548828125"></testcase><testcase classname="lib.python3.7.site-packages.bs4.tests.test_builder_registry.RegistryTest" file="lib/python3.7/site-packages/bs4/tests/test_builder_registry.py" line="109" name="test_register_with_features_makes_lookup_succeed" time="0.00036334991455078125"></testcase><testcase classname="lib.python3.7.site-packages.bs4.tests.test_builder_registry.RegistryTest" file="lib/python3.7/site-packages/bs4/tests/test_builder_registry.py" line="98" name="test_register_with_no_features" time="0.00034165382385253906"></testcase><testcase classname="lib.python3.7.site-packages.bs4.tests.test_html5lib.HTML5LibBuilderSmokeTest" file="lib/python3.7/site-packages/bs4/testing.py" line="629" name="test_ampersand_in_attribute_value_gets_escaped" time="0.003875255584716797"></testcase><testcase classname="lib.python3.7.site-packages.bs4.tests.test_html5lib.HTML5LibBuilderSmokeTest" file="lib/python3.7/site-packages/bs4/testing.py" line="482" name="test_angle_brackets_in_attribute_values_are_escaped" time="0.0016443729400634766"></testcase><testcase classname="lib.python3.7.site-packages.bs4.tests.test_html5lib.HTML5LibBuilderSmokeTest" file="lib/python3.7/site-packages/bs4/testing.py" line="621" name="test_attribute_values_with_double_nested_quotes_get_quoted" time="0.002958059310913086"></testcase><testcase classname="lib.python3.7.site-packages.bs4.tests.test_html5lib.HTML5LibBuilderSmokeTest" file="lib/python3.7/site-packages/bs4/testing.py" line="617" name="test_attribute_values_with_nested_quotes_are_left_alone" time="0.0015420913696289062"></testcase><testcase classname="lib.python3.7.site-packages.bs4.tests.test_html5lib.HTML5LibBuilderSmokeTest" file="lib/python3.7/site-packages/bs4/testing.py" line="571" name="test_basic_namespaces" time="0.006861209869384766"></testcase><testcase classname="lib.python3.7.site-packages.bs4.tests.test_html5lib.HTML5LibBuilderSmokeTest" file="lib/python3.7/site-packages/bs4/testing.py" line="353" name="test_br_is_always_empty_element_tag" time="0.0016579627990722656"></testcase><testcase classname="lib.python3.7.site-packages.bs4.tests.test_html5lib.HTML5LibBuilderSmokeTest" file="lib/python3.7/site-packages/bs4/testing.py" line="598" name="test_can_parse_unicode_document" time="0.0014338493347167969"></testcase><testcase classname="lib.python3.7.site-packages.bs4.tests.test_html5lib.HTML5LibBuilderSmokeTest" file="lib/python3.7/site-packages/bs4/tests/test_html5lib.py" line="119" name="test_cloned_multivalue_node" time="0.0031566619873046875"></testcase><testcase classname="lib.python3.7.site-packages.bs4.tests.test_html5lib.HTML5LibBuilderSmokeTest" file="lib/python3.7/site-packages/bs4/testing.py" line="383" name="test_comment" time="0.00906682014465332"></testcase><testcase classname="lib.python3.7.site-packages.bs4.tests.test_html5lib.HTML5LibBuilderSmokeTest" file="lib/python3.7/site-packages/bs4/tests/test_html5lib.py" line="39" name="test_correctly_nested_tables" time="0.004060029983520508"></testcase><testcase classname="lib.python3.7.site-packages.bs4.tests.test_html5lib.HTML5LibBuilderSmokeTest" file="lib/python3.7/site-packages/bs4/testing.py" line="325" name="test_deepcopy" time="0.00047588348388671875"></testcase><testcase classname="lib.python3.7.site-packages.bs4.tests.test_html5lib.HTML5LibBuilderSmokeTest" file="lib/python3.7/site-packages/bs4/testing.py" line="466" name="test_deeply_nested_multivalued_attribute" time="0.0029191970825195312"></testcase><testcase classname="lib.python3.7.site-packages.bs4.tests.test_html5lib.HTML5LibBuilderSmokeTest" file="lib/python3.7/site-packages/bs4/testing.py" line="366" name="test_double_head" time="0.0025091171264648438"></testcase><testcase classname="lib.python3.7.site-packages.bs4.tests.test_html5lib.HTML5LibBuilderSmokeTest" file="lib/python3.7/site-packages/bs4/tests/test_html5lib.py" line="149" name="test_empty_comment" time="0.0019321441650390625"></testcase><testcase classname="lib.python3.7.site-packages.bs4.tests.test_html5lib.HTML5LibBuilderSmokeTest" file="lib/python3.7/site-packages/bs4/testing.py" line="271" name="test_empty_doctype" time="0.0033388137817382812"></testcase><testcase classname="lib.python3.7.site-packages.bs4.tests.test_html5lib.HTML5LibBuilderSmokeTest" file="lib/python3.7/site-packages/bs4/testing.py" line="536" name="test_empty_element_tags" time="0.0024826526641845703"></testcase><testcase classname="lib.python3.7.site-packages.bs4.tests.test_html5lib.HTML5LibBuilderSmokeTest" file="lib/python3.7/site-packages/bs4/testing.py" line="660" name="test_entities_converted_on_the_way_out" time="0.0016829967498779297"></testcase><testcase classname="lib.python3.7.site-packages.bs4.tests.test_html5lib.HTML5LibBuilderSmokeTest" file="lib/python3.7/site-packages/bs4/testing.py" line="505" name="test_entities_in_attributes_converted_to_unicode" time="0.004881858825683594"></testcase><testcase classname="lib.python3.7.site-packages.bs4.tests.test_html5lib.HTML5LibBuilderSmokeTest" file="lib/python3.7/site-packages/bs4/testing.py" line="493" name="test_entities_in_foreign_document_encoding" time="0.0015478134155273438"></testcase><testcase classname="lib.python3.7.site-packages.bs4.tests.test_html5lib.HTML5LibBuilderSmokeTest" file="lib/python3.7/site-packages/bs4/testing.py" line="640" name="test_entities_in_strings_converted_during_parsing" time="0.001965045928955078"></testcase><testcase classname="lib.python3.7.site-packages.bs4.tests.test_html5lib.HTML5LibBuilderSmokeTest" file="lib/python3.7/site-packages/bs4/testing.py" line="512" name="test_entities_in_text_converted_to_unicode" time="0.008323907852172852"></testcase><testcase classname="lib.python3.7.site-packages.bs4.tests.test_html5lib.HTML5LibBuilderSmokeTest" file="lib/python3.7/site-packages/bs4/testing.py" line="637" name="test_escaped_ampersand_in_attribute_value_is_left_alone" time="0.0014448165893554688"></testcase><testcase classname="lib.python3.7.site-packages.bs4.tests.test_html5lib.HTML5LibBuilderSmokeTest" file="lib/python3.7/site-packages/bs4/tests/test_html5lib.py" line="131" name="test_extraction" time="0.0017092227935791016"></testcase><testcase classname="lib.python3.7.site-packages.bs4.tests.test_html5lib.HTML5LibBuilderSmokeTest" file="lib/python3.7/site-packages/bs4/tests/test_html5lib.py" line="126" name="test_foster_parenting" time="0.0029511451721191406"></testcase><testcase classname="lib.python3.7.site-packages.bs4.tests.test_html5lib.HTML5LibBuilderSmokeTest" file="lib/python3.7/site-packages/bs4/testing.py" line="543" name="test_head_tag_between_head_and_body" time="0.003820657730102539"></testcase><testcase classname="lib.python3.7.site-packages.bs4.tests.test_html5lib.HTML5LibBuilderSmokeTest" file="lib/python3.7/site-packages/bs4/testing.py" line="751" name="test_html5_style_meta_tag_reflects_current_encoding" time="0.0016469955444335938"></testcase><testcase classname="lib.python3.7.site-packages.bs4.tests.test_html5lib.HTML5LibBuilderSmokeTest" file="lib/python3.7/site-packages/bs4/testing.py" line="948" name="test_html_tags_have_namespace" time="0.0016007423400878906"></testcase><testcase classname="lib.python3.7.site-packages.bs4.tests.test_html5lib.HTML5LibBuilderSmokeTest" file="lib/python3.7/site-packages/bs4/testing.py" line="961" name="test_mathml_tags_have_namespace" time="0.00150299072265625"></testcase><testcase classname="lib.python3.7.site-packages.bs4.tests.test_html5lib.HTML5LibBuilderSmokeTest" file="lib/python3.7/site-packages/bs4/testing.py" line="723" name="test_meta_tag_reflects_current_encoding" time="0.0017058849334716797"></testcase><testcase classname="lib.python3.7.site-packages.bs4.tests.test_html5lib.HTML5LibBuilderSmokeTest" file="lib/python3.7/site-packages/bs4/testing.py" line="529" name="test_multipart_strings" time="0.0015609264373779297"></testcase><testcase classname="lib.python3.7.site-packages.bs4.tests.test_html5lib.HTML5LibBuilderSmokeTest" file="lib/python3.7/site-packages/bs4/testing.py" line="554" name="test_multiple_copies_of_a_tag" time="0.002897977828979492"></testcase><testcase classname="lib.python3.7.site-packages.bs4.tests.test_html5lib.HTML5LibBuilderSmokeTest" file="lib/python3.7/site-packages/bs4/testing.py" line="474" name="test_multivalued_attribute_on_html" time="0.0013883113861083984"></testcase><testcase classname="lib.python3.7.site-packages.bs4.tests.test_html5lib.HTML5LibBuilderSmokeTest" file="lib/python3.7/site-packages/bs4/testing.py" line="586" name="test_multivalued_attribute_value_becomes_list" time="0.0046160221099853516"></testcase><testcase classname="lib.python3.7.site-packages.bs4.tests.test_html5lib.HTML5LibBuilderSmokeTest" file="lib/python3.7/site-packages/bs4/testing.py" line="454" name="test_multivalued_attribute_with_whitespace" time="0.0015988349914550781"></testcase><testcase classname="lib.python3.7.site-packages.bs4.tests.test_html5lib.HTML5LibBuilderSmokeTest" file="lib/python3.7/site-packages/bs4/testing.py" line="304" name="test_namespaced_html" time="0.002593994140625"></testcase><testcase classname="lib.python3.7.site-packages.bs4.tests.test_html5lib.HTML5LibBuilderSmokeTest" file="lib/python3.7/site-packages/bs4/testing.py" line="287" name="test_namespaced_public_doctype" time="0.0022945404052734375"></testcase><testcase classname="lib.python3.7.site-packages.bs4.tests.test_html5lib.HTML5LibBuilderSmokeTest" file="lib/python3.7/site-packages/bs4/testing.py" line="283" name="test_namespaced_system_doctype" time="0.001798868179321289"></testcase><testcase classname="lib.python3.7.site-packages.bs4.tests.test_html5lib.HTML5LibBuilderSmokeTest" file="lib/python3.7/site-packages/bs4/testing.py" line="427" name="test_nested_block_level_elements" time="0.001833200454711914"></testcase><testcase classname="lib.python3.7.site-packages.bs4.tests.test_html5lib.HTML5LibBuilderSmokeTest" file="lib/python3.7/site-packages/bs4/testing.py" line="363" name="test_nested_formatting_elements" time="0.0016748905181884766"></testcase><testcase classname="lib.python3.7.site-packages.bs4.tests.test_html5lib.HTML5LibBuilderSmokeTest" file="lib/python3.7/site-packages/bs4/testing.py" line="416" name="test_nested_inline_elements" time="0.004057884216308594"></testcase><testcase classname="lib.python3.7.site-packages.bs4.tests.test_html5lib.HTML5LibBuilderSmokeTest" file="lib/python3.7/site-packages/bs4/testing.py" line="656" name="test_non_breaking_spaces_converted_on_the_way_in" time="0.0014591217041015625"></testcase><testcase classname="lib.python3.7.site-packages.bs4.tests.test_html5lib.HTML5LibBuilderSmokeTest" file="lib/python3.7/site-packages/bs4/testing.py" line="265" name="test_normal_doctypes" time="0.005709171295166016"></testcase><testcase classname="lib.python3.7.site-packages.bs4.tests.test_html5lib.HTML5LibBuilderSmokeTest" file="lib/python3.7/site-packages/bs4/testing.py" line="523" name="test_out_of_range_entity" time="0.015296697616577148"></testcase><testcase classname="lib.python3.7.site-packages.bs4.tests.test_html5lib.HTML5LibBuilderSmokeTest" file="lib/python3.7/site-packages/bs4/testing.py" line="333" name="test_p_tag_is_never_empty_element" time="0.0015921592712402344"></testcase><testcase classname="lib.python3.7.site-packages.bs4.tests.test_html5lib.HTML5LibBuilderSmokeTest" file="lib/python3.7/site-packages/bs4/testing.py" line="235" name="test_pickle_and_unpickle_identity" time="0.0035626888275146484"></testcase><testcase classname="lib.python3.7.site-packages.bs4.tests.test_html5lib.HTML5LibBuilderSmokeTest" file="lib/python3.7/site-packages/bs4/testing.py" line="398" name="test_preserved_whitespace_in_pre_and_textarea" time="0.008531570434570312"></testcase><testcase classname="lib.python3.7.site-packages.bs4.tests.test_html5lib.HTML5LibBuilderSmokeTest" file="lib/python3.7/site-packages/bs4/tests/test_html5lib.py" line="113" name="test_processing_instruction" time="0.0025911331176757812"></testcase><testcase classname="lib.python3.7.site-packages.bs4.tests.test_html5lib.HTML5LibBuilderSmokeTest" file="lib/python3.7/site-packages/bs4/testing.py" line="276" name="test_public_doctype_with_url" time="0.0031745433807373047"></testcase><testcase classname="lib.python3.7.site-packages.bs4.tests.test_html5lib.HTML5LibBuilderSmokeTest" file="lib/python3.7/site-packages/bs4/testing.py" line="519" name="test_quot_entity_converted_to_quotation_mark" time="0.001598358154296875"></testcase><testcase classname="lib.python3.7.site-packages.bs4.tests.test_html5lib.HTML5LibBuilderSmokeTest" file="lib/python3.7/site-packages/bs4/testing.py" line="710" name="test_real_hebrew_document" time="0.0040781497955322266"></testcase><testcase classname="lib.python3.7.site-packages.bs4.tests.test_html5lib.HTML5LibBuilderSmokeTest" file="lib/python3.7/site-packages/bs4/testing.py" line="666" name="test_real_iso_latin_document" time="0.006646156311035156"></testcase><testcase classname="lib.python3.7.site-packages.bs4.tests.test_html5lib.HTML5LibBuilderSmokeTest" file="lib/python3.7/site-packages/bs4/testing.py" line="693" name="test_real_shift_jis_document" time="0.011926651000976562"></testcase><testcase classname="lib.python3.7.site-packages.bs4.tests.test_html5lib.HTML5LibBuilderSmokeTest" file="lib/python3.7/site-packages/bs4/testing.py" line="943" name="test_real_xhtml_document" time="0.0003018379211425781"></testcase><testcase classname="lib.python3.7.site-packages.bs4.tests.test_html5lib.HTML5LibBuilderSmokeTest" file="lib/python3.7/site-packages/bs4/tests/test_html5lib.py" line="73" name="test_reparented_markup" time="0.0022568702697753906"></testcase><testcase classname="lib.python3.7.site-packages.bs4.tests.test_html5lib.HTML5LibBuilderSmokeTest" file="lib/python3.7/site-packages/bs4/tests/test_html5lib.py" line="97" name="test_reparented_markup_containing_children" time="0.0015959739685058594"></testcase><testcase classname="lib.python3.7.site-packages.bs4.tests.test_html5lib.HTML5LibBuilderSmokeTest" file="lib/python3.7/site-packages/bs4/tests/test_html5lib.py" line="86" name="test_reparented_markup_containing_identical_whitespace_nodes" time="0.0014460086822509766"></testcase><testcase classname="lib.python3.7.site-packages.bs4.tests.test_html5lib.HTML5LibBuilderSmokeTest" file="lib/python3.7/site-packages/bs4/tests/test_html5lib.py" line="80" name="test_reparented_markup_ends_with_whitespace" time="0.0017137527465820312"></testcase><testcase classname="lib.python3.7.site-packages.bs4.tests.test_html5lib.HTML5LibBuilderSmokeTest" file="lib/python3.7/site-packages/bs4/testing.py" line="613" name="test_single_quote_attribute_values_become_double_quotes" time="0.0019030570983886719"></testcase><testcase classname="lib.python3.7.site-packages.bs4.tests.test_html5lib.HTML5LibBuilderSmokeTest" file="lib/python3.7/site-packages/bs4/testing.py" line="647" name="test_smart_quotes_converted_on_the_way_in" time="0.0035352706909179688"></testcase><testcase classname="lib.python3.7.site-packages.bs4.tests.test_html5lib.HTML5LibBuilderSmokeTest" file="lib/python3.7/site-packages/bs4/tests/test_html5lib.py" line="26" name="test_soupstrainer" time="0.003580331802368164"></testcase><testcase classname="lib.python3.7.site-packages.bs4.tests.test_html5lib.HTML5LibBuilderSmokeTest" file="lib/python3.7/site-packages/bs4/testing.py" line="485" name="test_strings_resembling_character_entity_references" time="0.001585245132446289"></testcase><testcase classname="lib.python3.7.site-packages.bs4.tests.test_html5lib.HTML5LibBuilderSmokeTest" file="lib/python3.7/site-packages/bs4/testing.py" line="953" name="test_svg_tags_have_namespace" time="0.001409769058227539"></testcase><testcase classname="lib.python3.7.site-packages.bs4.tests.test_html5lib.HTML5LibBuilderSmokeTest" file="lib/python3.7/site-packages/bs4/testing.py" line="280" name="test_system_doctype" time="0.0014350414276123047"></testcase><testcase classname="lib.python3.7.site-packages.bs4.tests.test_html5lib.HTML5LibBuilderSmokeTest" file="lib/python3.7/site-packages/bs4/testing.py" line="775" name="test_tag_with_no_attributes_can_have_attributes_added" time="0.0021789073944091797"></testcase><testcase classname="lib.python3.7.site-packages.bs4.tests.test_html5lib.HTML5LibBuilderSmokeTest" file="lib/python3.7/site-packages/bs4/testing.py" line="343" name="test_unclosed_tags_get_closed" time="0.003481626510620117"></testcase><testcase classname="lib.python3.7.site-packages.bs4.tests.test_html5lib.HTML5LibBuilderSmokeTest" file="lib/python3.7/site-packages/bs4/testing.py" line="780" name="test_worst_case" time="0.01168203353881836"></testcase><testcase classname="lib.python3.7.site-packages.bs4.tests.test_html5lib.HTML5LibBuilderSmokeTest" file="lib/python3.7/site-packages/bs4/testing.py" line="968" name="test_xml_declaration_becomes_comment" time="0.001291036605834961"></testcase><testcase classname="lib.python3.7.site-packages.bs4.tests.test_html5lib.HTML5LibBuilderSmokeTest" file="lib/python3.7/site-packages/bs4/tests/test_html5lib.py" line="59" name="test_xml_declaration_followed_by_doctype" time="0.0016062259674072266"></testcase><testcase classname="lib.python3.7.site-packages.bs4.tests.test_htmlparser.HTMLParserTreeBuilderSmokeTest" file="lib/python3.7/site-packages/bs4/testing.py" line="629" name="test_ampersand_in_attribute_value_gets_escaped" time="0.0007207393646240234"></testcase><testcase classname="lib.python3.7.site-packages.bs4.tests.test_htmlparser.HTMLParserTreeBuilderSmokeTest" file="lib/python3.7/site-packages/bs4/testing.py" line="482" name="test_angle_brackets_in_attribute_values_are_escaped" time="0.00043010711669921875"></testcase><testcase classname="lib.python3.7.site-packages.bs4.tests.test_htmlparser.HTMLParserTreeBuilderSmokeTest" file="lib/python3.7/site-packages/bs4/testing.py" line="621" name="test_attribute_values_with_double_nested_quotes_get_quoted" time="0.002218961715698242"></testcase><testcase classname="lib.python3.7.site-packages.bs4.tests.test_htmlparser.HTMLParserTreeBuilderSmokeTest" file="lib/python3.7/site-packages/bs4/testing.py" line="617" name="test_attribute_values_with_nested_quotes_are_left_alone" time="0.0004968643188476562"></testcase><testcase classname="lib.python3.7.site-packages.bs4.tests.test_htmlparser.HTMLParserTreeBuilderSmokeTest" file="lib/python3.7/site-packages/bs4/testing.py" line="571" name="test_basic_namespaces" time="0.0007643699645996094"></testcase><testcase classname="lib.python3.7.site-packages.bs4.tests.test_htmlparser.HTMLParserTreeBuilderSmokeTest" file="lib/python3.7/site-packages/bs4/testing.py" line="353" name="test_br_is_always_empty_element_tag" time="0.00041675567626953125"></testcase><testcase classname="lib.python3.7.site-packages.bs4.tests.test_htmlparser.HTMLParserTreeBuilderSmokeTest" file="lib/python3.7/site-packages/bs4/tests/test_htmlparser.py" line="23" name="test_builder_is_pickled" time="0.0005996227264404297"></testcase><testcase classname="lib.python3.7.site-packages.bs4.tests.test_htmlparser.HTMLParserTreeBuilderSmokeTest" file="lib/python3.7/site-packages/bs4/testing.py" line="598" name="test_can_parse_unicode_document" time="0.0007288455963134766"></testcase><testcase classname="lib.python3.7.site-packages.bs4.tests.test_htmlparser.HTMLParserTreeBuilderSmokeTest" file="lib/python3.7/site-packages/bs4/testing.py" line="383" name="test_comment" time="0.0011868476867675781"></testcase><testcase classname="lib.python3.7.site-packages.bs4.tests.test_htmlparser.HTMLParserTreeBuilderSmokeTest" file="lib/python3.7/site-packages/bs4/testing.py" line="434" name="test_correctly_nested_tables" time="0.001003265380859375"></testcase><testcase classname="lib.python3.7.site-packages.bs4.tests.test_htmlparser.HTMLParserTreeBuilderSmokeTest" file="lib/python3.7/site-packages/bs4/testing.py" line="325" name="test_deepcopy" time="0.0005366802215576172"></testcase><testcase classname="lib.python3.7.site-packages.bs4.tests.test_htmlparser.HTMLParserTreeBuilderSmokeTest" file="lib/python3.7/site-packages/bs4/testing.py" line="466" name="test_deeply_nested_multivalued_attribute" time="0.0006470680236816406"></testcase><testcase classname="lib.python3.7.site-packages.bs4.tests.test_htmlparser.HTMLParserTreeBuilderSmokeTest" file="lib/python3.7/site-packages/bs4/testing.py" line="366" name="test_double_head" time="0.0013282299041748047"></testcase><testcase classname="lib.python3.7.site-packages.bs4.tests.test_htmlparser.HTMLParserTreeBuilderSmokeTest" file="lib/python3.7/site-packages/bs4/testing.py" line="271" name="test_empty_doctype" time="0.0003490447998046875"></testcase><testcase classname="lib.python3.7.site-packages.bs4.tests.test_htmlparser.HTMLParserTreeBuilderSmokeTest" file="lib/python3.7/site-packages/bs4/tests/test_htmlparser.py" line="36" name="test_empty_element" time="0.0004048347473144531"></testcase><testcase classname="lib.python3.7.site-packages.bs4.tests.test_htmlparser.HTMLParserTreeBuilderSmokeTest" file="lib/python3.7/site-packages/bs4/testing.py" line="536" name="test_empty_element_tags" time="0.0005919933319091797"></testcase><testcase classname="lib.python3.7.site-packages.bs4.tests.test_htmlparser.HTMLParserTreeBuilderSmokeTest" file="lib/python3.7/site-packages/bs4/testing.py" line="660" name="test_entities_converted_on_the_way_out" time="0.0004837512969970703"></testcase><testcase classname="lib.python3.7.site-packages.bs4.tests.test_htmlparser.HTMLParserTreeBuilderSmokeTest" file="lib/python3.7/site-packages/bs4/testing.py" line="505" name="test_entities_in_attributes_converted_to_unicode" time="0.0013298988342285156"></testcase><testcase classname="lib.python3.7.site-packages.bs4.tests.test_htmlparser.HTMLParserTreeBuilderSmokeTest" file="lib/python3.7/site-packages/bs4/testing.py" line="493" name="test_entities_in_foreign_document_encoding" time="0.0006983280181884766"></testcase><testcase classname="lib.python3.7.site-packages.bs4.tests.test_htmlparser.HTMLParserTreeBuilderSmokeTest" file="lib/python3.7/site-packages/bs4/testing.py" line="640" name="test_entities_in_strings_converted_during_parsing" time="0.0006861686706542969"></testcase><testcase classname="lib.python3.7.site-packages.bs4.tests.test_htmlparser.HTMLParserTreeBuilderSmokeTest" file="lib/python3.7/site-packages/bs4/testing.py" line="512" name="test_entities_in_text_converted_to_unicode" time="0.00594329833984375"></testcase><testcase classname="lib.python3.7.site-packages.bs4.tests.test_htmlparser.HTMLParserTreeBuilderSmokeTest" file="lib/python3.7/site-packages/bs4/testing.py" line="637" name="test_escaped_ampersand_in_attribute_value_is_left_alone" time="0.0005898475646972656"></testcase><testcase classname="lib.python3.7.site-packages.bs4.tests.test_htmlparser.HTMLParserTreeBuilderSmokeTest" file="lib/python3.7/site-packages/bs4/testing.py" line="543" name="test_head_tag_between_head_and_body" time="0.0005910396575927734"></testcase><testcase classname="lib.python3.7.site-packages.bs4.tests.test_htmlparser.HTMLParserTreeBuilderSmokeTest" file="lib/python3.7/site-packages/bs4/testing.py" line="751" name="test_html5_style_meta_tag_reflects_current_encoding" time="0.0005710124969482422"></testcase><testcase classname="lib.python3.7.site-packages.bs4.tests.test_htmlparser.HTMLParserTreeBuilderSmokeTest" file="lib/python3.7/site-packages/bs4/testing.py" line="723" name="test_meta_tag_reflects_current_encoding" time="0.0005888938903808594"></testcase><testcase classname="lib.python3.7.site-packages.bs4.tests.test_htmlparser.HTMLParserTreeBuilderSmokeTest" file="lib/python3.7/site-packages/bs4/testing.py" line="529" name="test_multipart_strings" time="0.0005784034729003906"></testcase><testcase classname="lib.python3.7.site-packages.bs4.tests.test_htmlparser.HTMLParserTreeBuilderSmokeTest" file="lib/python3.7/site-packages/bs4/testing.py" line="554" name="test_multiple_copies_of_a_tag" time="0.0007429122924804688"></testcase><testcase classname="lib.python3.7.site-packages.bs4.tests.test_htmlparser.HTMLParserTreeBuilderSmokeTest" file="lib/python3.7/site-packages/bs4/testing.py" line="474" name="test_multivalued_attribute_on_html" time="0.0004134178161621094"></testcase><testcase classname="lib.python3.7.site-packages.bs4.tests.test_htmlparser.HTMLParserTreeBuilderSmokeTest" file="lib/python3.7/site-packages/bs4/testing.py" line="586" name="test_multivalued_attribute_value_becomes_list" time="0.0008499622344970703"></testcase><testcase classname="lib.python3.7.site-packages.bs4.tests.test_htmlparser.HTMLParserTreeBuilderSmokeTest" file="lib/python3.7/site-packages/bs4/testing.py" line="454" name="test_multivalued_attribute_with_whitespace" time="0.0007221698760986328"></testcase><testcase classname="lib.python3.7.site-packages.bs4.tests.test_htmlparser.HTMLParserTreeBuilderSmokeTest" file="lib/python3.7/site-packages/bs4/testing.py" line="304" name="test_namespaced_html" time="0.0011289119720458984"></testcase><testcase classname="lib.python3.7.site-packages.bs4.tests.test_htmlparser.HTMLParserTreeBuilderSmokeTest" file="lib/python3.7/site-packages/bs4/tests/test_htmlparser.py" line="19" name="test_namespaced_public_doctype" time="0.00042724609375"></testcase><testcase classname="lib.python3.7.site-packages.bs4.tests.test_htmlparser.HTMLParserTreeBuilderSmokeTest" file="lib/python3.7/site-packages/bs4/tests/test_htmlparser.py" line="15" name="test_namespaced_system_doctype" time="0.0009765625"></testcase><testcase classname="lib.python3.7.site-packages.bs4.tests.test_htmlparser.HTMLParserTreeBuilderSmokeTest" file="lib/python3.7/site-packages/bs4/testing.py" line="427" name="test_nested_block_level_elements" time="0.0005900859832763672"></testcase><testcase classname="lib.python3.7.site-packages.bs4.tests.test_htmlparser.HTMLParserTreeBuilderSmokeTest" file="lib/python3.7/site-packages/bs4/testing.py" line="363" name="test_nested_formatting_elements" time="0.0004673004150390625"></testcase><testcase classname="lib.python3.7.site-packages.bs4.tests.test_htmlparser.HTMLParserTreeBuilderSmokeTest" file="lib/python3.7/site-packages/bs4/testing.py" line="416" name="test_nested_inline_elements" time="0.0010898113250732422"></testcase><testcase classname="lib.python3.7.site-packages.bs4.tests.test_htmlparser.HTMLParserTreeBuilderSmokeTest" file="lib/python3.7/site-packages/bs4/testing.py" line="656" name="test_non_breaking_spaces_converted_on_the_way_in" time="0.0005590915679931641"></testcase><testcase classname="lib.python3.7.site-packages.bs4.tests.test_htmlparser.HTMLParserTreeBuilderSmokeTest" file="lib/python3.7/site-packages/bs4/testing.py" line="265" name="test_normal_doctypes" time="0.0007059574127197266"></testcase><testcase classname="lib.python3.7.site-packages.bs4.tests.test_htmlparser.HTMLParserTreeBuilderSmokeTest" file="lib/python3.7/site-packages/bs4/testing.py" line="523" name="test_out_of_range_entity" time="0.0006890296936035156"></testcase><testcase classname="lib.python3.7.site-packages.bs4.tests.test_htmlparser.HTMLParserTreeBuilderSmokeTest" file="lib/python3.7/site-packages/bs4/testing.py" line="333" name="test_p_tag_is_never_empty_element" time="0.0006549358367919922"></testcase><testcase classname="lib.python3.7.site-packages.bs4.tests.test_htmlparser.HTMLParserTreeBuilderSmokeTest" file="lib/python3.7/site-packages/bs4/testing.py" line="235" name="test_pickle_and_unpickle_identity" time="0.0011339187622070312"></testcase><testcase classname="lib.python3.7.site-packages.bs4.tests.test_htmlparser.HTMLParserTreeBuilderSmokeTest" file="lib/python3.7/site-packages/bs4/testing.py" line="398" name="test_preserved_whitespace_in_pre_and_textarea" time="0.0011637210845947266"></testcase><testcase classname="lib.python3.7.site-packages.bs4.tests.test_htmlparser.HTMLParserTreeBuilderSmokeTest" file="lib/python3.7/site-packages/bs4/testing.py" line="312" name="test_processing_instruction" time="0.0008311271667480469"></testcase><testcase classname="lib.python3.7.site-packages.bs4.tests.test_htmlparser.HTMLParserTreeBuilderSmokeTest" file="lib/python3.7/site-packages/bs4/testing.py" line="276" name="test_public_doctype_with_url" time="0.00047898292541503906"></testcase><testcase classname="lib.python3.7.site-packages.bs4.tests.test_htmlparser.HTMLParserTreeBuilderSmokeTest" file="lib/python3.7/site-packages/bs4/testing.py" line="519" name="test_quot_entity_converted_to_quotation_mark" time="0.0004112720489501953"></testcase><testcase classname="lib.python3.7.site-packages.bs4.tests.test_htmlparser.HTMLParserTreeBuilderSmokeTest" file="lib/python3.7/site-packages/bs4/testing.py" line="710" name="test_real_hebrew_document" time="0.0006132125854492188"></testcase><testcase classname="lib.python3.7.site-packages.bs4.tests.test_htmlparser.HTMLParserTreeBuilderSmokeTest" file="lib/python3.7/site-packages/bs4/testing.py" line="666" name="test_real_iso_latin_document" time="0.0035407543182373047"></testcase><testcase classname="lib.python3.7.site-packages.bs4.tests.test_htmlparser.HTMLParserTreeBuilderSmokeTest" file="lib/python3.7/site-packages/bs4/testing.py" line="693" name="test_real_shift_jis_document" time="0.0009250640869140625"></testcase><testcase classname="lib.python3.7.site-packages.bs4.tests.test_htmlparser.HTMLParserTreeBuilderSmokeTest" file="lib/python3.7/site-packages/bs4/testing.py" line="291" name="test_real_xhtml_document" time="0.0015718936920166016"></testcase><testcase classname="lib.python3.7.site-packages.bs4.tests.test_htmlparser.HTMLParserTreeBuilderSmokeTest" file="lib/python3.7/site-packages/bs4/tests/test_htmlparser.py" line="32" name="test_redundant_empty_element_closing_tags" time="0.0012547969818115234"></testcase><testcase classname="lib.python3.7.site-packages.bs4.tests.test_htmlparser.HTMLParserTreeBuilderSmokeTest" file="lib/python3.7/site-packages/bs4/testing.py" line="613" name="test_single_quote_attribute_values_become_double_quotes" time="0.0005538463592529297"></testcase><testcase classname="lib.python3.7.site-packages.bs4.tests.test_htmlparser.HTMLParserTreeBuilderSmokeTest" file="lib/python3.7/site-packages/bs4/testing.py" line="647" name="test_smart_quotes_converted_on_the_way_in" time="0.001363992691040039"></testcase><testcase classname="lib.python3.7.site-packages.bs4.tests.test_htmlparser.HTMLParserTreeBuilderSmokeTest" file="lib/python3.7/site-packages/bs4/testing.py" line="606" name="test_soupstrainer" time="0.0005598068237304688"></testcase><testcase classname="lib.python3.7.site-packages.bs4.tests.test_htmlparser.HTMLParserTreeBuilderSmokeTest" file="lib/python3.7/site-packages/bs4/testing.py" line="485" name="test_strings_resembling_character_entity_references" time="0.0005812644958496094"></testcase><testcase classname="lib.python3.7.site-packages.bs4.tests.test_htmlparser.HTMLParserTreeBuilderSmokeTest" file="lib/python3.7/site-packages/bs4/testing.py" line="280" name="test_system_doctype" time="0.0006060600280761719"></testcase><testcase classname="lib.python3.7.site-packages.bs4.tests.test_htmlparser.HTMLParserTreeBuilderSmokeTest" file="lib/python3.7/site-packages/bs4/testing.py" line="775" name="test_tag_with_no_attributes_can_have_attributes_added" time="0.0004885196685791016"></testcase><testcase classname="lib.python3.7.site-packages.bs4.tests.test_htmlparser.HTMLParserTreeBuilderSmokeTest" file="lib/python3.7/site-packages/bs4/testing.py" line="343" name="test_unclosed_tags_get_closed" time="0.0005300045013427734"></testcase><testcase classname="lib.python3.7.site-packages.bs4.tests.test_htmlparser.HTMLParserTreeBuilderSmokeTest" file="lib/python3.7/site-packages/bs4/testing.py" line="780" name="test_worst_case" time="0.004220008850097656"></testcase><testcase classname="lib.python3.7.site-packages.bs4.tests.test_htmlparser.TestHTMLParserSubclass" file="lib/python3.7/site-packages/bs4/tests/test_htmlparser.py" line="43" name="test_error" time="0.0028388500213623047"><system-err>/Users/rohan/Projects/work/ltx-projects/jenkins-pytests/lib/python3.7/site-packages/bs4/builder/_htmlparser.py:78: UserWarning: don&apos;t crash
  warnings.warn(msg)
</system-err></testcase><testcase classname="lib.python3.7.site-packages.bs4.tests.test_lxml.LXMLTreeBuilderSmokeTest" file="lib/python3.7/site-packages/bs4/testing.py" line="629" name="test_ampersand_in_attribute_value_gets_escaped" time="0.0011539459228515625"></testcase><testcase classname="lib.python3.7.site-packages.bs4.tests.test_lxml.LXMLTreeBuilderSmokeTest" file="lib/python3.7/site-packages/bs4/testing.py" line="482" name="test_angle_brackets_in_attribute_values_are_escaped" time="0.0005953311920166016"></testcase><testcase classname="lib.python3.7.site-packages.bs4.tests.test_lxml.LXMLTreeBuilderSmokeTest" file="lib/python3.7/site-packages/bs4/testing.py" line="621" name="test_attribute_values_with_double_nested_quotes_get_quoted" time="0.0013346672058105469"></testcase><testcase classname="lib.python3.7.site-packages.bs4.tests.test_lxml.LXMLTreeBuilderSmokeTest" file="lib/python3.7/site-packages/bs4/testing.py" line="617" name="test_attribute_values_with_nested_quotes_are_left_alone" time="0.00057220458984375"></testcase><testcase classname="lib.python3.7.site-packages.bs4.tests.test_lxml.LXMLTreeBuilderSmokeTest" file="lib/python3.7/site-packages/bs4/testing.py" line="571" name="test_basic_namespaces" time="0.0007891654968261719"></testcase><testcase classname="lib.python3.7.site-packages.bs4.tests.test_lxml.LXMLTreeBuilderSmokeTest" file="lib/python3.7/site-packages/bs4/tests/test_lxml.py" line="65" name="test_beautifulstonesoup_is_xml_parser" time="0.0010418891906738281"></testcase><testcase classname="lib.python3.7.site-packages.bs4.tests.test_lxml.LXMLTreeBuilderSmokeTest" file="lib/python3.7/site-packages/bs4/testing.py" line="353" name="test_br_is_always_empty_element_tag" time="0.0011463165283203125"></testcase><testcase classname="lib.python3.7.site-packages.bs4.tests.test_lxml.LXMLTreeBuilderSmokeTest" file="lib/python3.7/site-packages/bs4/testing.py" line="598" name="test_can_parse_unicode_document" time="0.0006728172302246094"></testcase><testcase classname="lib.python3.7.site-packages.bs4.tests.test_lxml.LXMLTreeBuilderSmokeTest" file="lib/python3.7/site-packages/bs4/testing.py" line="383" name="test_comment" time="0.0009548664093017578"></testcase><testcase classname="lib.python3.7.site-packages.bs4.tests.test_lxml.LXMLTreeBuilderSmokeTest" file="lib/python3.7/site-packages/bs4/testing.py" line="434" name="test_correctly_nested_tables" time="0.001239776611328125"></testcase><testcase classname="lib.python3.7.site-packages.bs4.tests.test_lxml.LXMLTreeBuilderSmokeTest" file="lib/python3.7/site-packages/bs4/testing.py" line="325" name="test_deepcopy" time="0.0003383159637451172"></testcase><testcase classname="lib.python3.7.site-packages.bs4.tests.test_lxml.LXMLTreeBuilderSmokeTest" file="lib/python3.7/site-packages/bs4/testing.py" line="466" name="test_deeply_nested_multivalued_attribute" time="0.0012593269348144531"></testcase><testcase classname="lib.python3.7.site-packages.bs4.tests.test_lxml.LXMLTreeBuilderSmokeTest" file="lib/python3.7/site-packages/bs4/testing.py" line="366" name="test_double_head" time="0.0015058517456054688"></testcase><testcase classname="lib.python3.7.site-packages.bs4.tests.test_lxml.LXMLTreeBuilderSmokeTest" file="lib/python3.7/site-packages/bs4/tests/test_lxml.py" line="57" name="test_empty_doctype" time="0.0008807182312011719"></testcase><testcase classname="lib.python3.7.site-packages.bs4.tests.test_lxml.LXMLTreeBuilderSmokeTest" file="lib/python3.7/site-packages/bs4/testing.py" line="536" name="test_empty_element_tags" time="0.0015099048614501953"></testcase><testcase classname="lib.python3.7.site-packages.bs4.tests.test_lxml.LXMLTreeBuilderSmokeTest" file="lib/python3.7/site-packages/bs4/testing.py" line="660" name="test_entities_converted_on_the_way_out" time="0.0010352134704589844"></testcase><testcase classname="lib.python3.7.site-packages.bs4.tests.test_lxml.LXMLTreeBuilderSmokeTest" file="lib/python3.7/site-packages/bs4/testing.py" line="505" name="test_entities_in_attributes_converted_to_unicode" time="0.0016970634460449219"></testcase><testcase classname="lib.python3.7.site-packages.bs4.tests.test_lxml.LXMLTreeBuilderSmokeTest" file="lib/python3.7/site-packages/bs4/tests/test_lxml.py" line="48" name="test_entities_in_foreign_document_encoding" time="0.0004999637603759766"></testcase><testcase classname="lib.python3.7.site-packages.bs4.tests.test_lxml.LXMLTreeBuilderSmokeTest" file="lib/python3.7/site-packages/bs4/testing.py" line="640" name="test_entities_in_strings_converted_during_parsing" time="0.0007257461547851562"></testcase><testcase classname="lib.python3.7.site-packages.bs4.tests.test_lxml.LXMLTreeBuilderSmokeTest" file="lib/python3.7/site-packages/bs4/testing.py" line="512" name="test_entities_in_text_converted_to_unicode" time="0.0012054443359375"></testcase><testcase classname="lib.python3.7.site-packages.bs4.tests.test_lxml.LXMLTreeBuilderSmokeTest" file="lib/python3.7/site-packages/bs4/testing.py" line="637" name="test_escaped_ampersand_in_attribute_value_is_left_alone" time="0.0005319118499755859"></testcase><testcase classname="lib.python3.7.site-packages.bs4.tests.test_lxml.LXMLTreeBuilderSmokeTest" file="lib/python3.7/site-packages/bs4/testing.py" line="543" name="test_head_tag_between_head_and_body" time="0.0006647109985351562"></testcase><testcase classname="lib.python3.7.site-packages.bs4.tests.test_lxml.LXMLTreeBuilderSmokeTest" file="lib/python3.7/site-packages/bs4/testing.py" line="751" name="test_html5_style_meta_tag_reflects_current_encoding" time="0.0010273456573486328"></testcase><testcase classname="lib.python3.7.site-packages.bs4.tests.test_lxml.LXMLTreeBuilderSmokeTest" file="lib/python3.7/site-packages/bs4/testing.py" line="723" name="test_meta_tag_reflects_current_encoding" time="0.0013194084167480469"></testcase><testcase classname="lib.python3.7.site-packages.bs4.tests.test_lxml.LXMLTreeBuilderSmokeTest" file="lib/python3.7/site-packages/bs4/testing.py" line="529" name="test_multipart_strings" time="0.001413106918334961"></testcase><testcase classname="lib.python3.7.site-packages.bs4.tests.test_lxml.LXMLTreeBuilderSmokeTest" file="lib/python3.7/site-packages/bs4/testing.py" line="554" name="test_multiple_copies_of_a_tag" time="0.0026128292083740234"></testcase><testcase classname="lib.python3.7.site-packages.bs4.tests.test_lxml.LXMLTreeBuilderSmokeTest" file="lib/python3.7/site-packages/bs4/testing.py" line="474" name="test_multivalued_attribute_on_html" time="0.0008542537689208984"></testcase><testcase classname="lib.python3.7.site-packages.bs4.tests.test_lxml.LXMLTreeBuilderSmokeTest" file="lib/python3.7/site-packages/bs4/testing.py" line="586" name="test_multivalued_attribute_value_becomes_list" time="0.0008511543273925781"></testcase><testcase classname="lib.python3.7.site-packages.bs4.tests.test_lxml.LXMLTreeBuilderSmokeTest" file="lib/python3.7/site-packages/bs4/testing.py" line="454" name="test_multivalued_attribute_with_whitespace" time="0.0007281303405761719"></testcase><testcase classname="lib.python3.7.site-packages.bs4.tests.test_lxml.LXMLTreeBuilderSmokeTest" file="lib/python3.7/site-packages/bs4/testing.py" line="304" name="test_namespaced_html" time="0.0020492076873779297"></testcase><testcase classname="lib.python3.7.site-packages.bs4.tests.test_lxml.LXMLTreeBuilderSmokeTest" file="lib/python3.7/site-packages/bs4/testing.py" line="287" name="test_namespaced_public_doctype" time="0.002019166946411133"></testcase><testcase classname="lib.python3.7.site-packages.bs4.tests.test_lxml.LXMLTreeBuilderSmokeTest" file="lib/python3.7/site-packages/bs4/testing.py" line="283" name="test_namespaced_system_doctype" time="0.0006866455078125"></testcase><testcase classname="lib.python3.7.site-packages.bs4.tests.test_lxml.LXMLTreeBuilderSmokeTest" file="lib/python3.7/site-packages/bs4/testing.py" line="427" name="test_nested_block_level_elements" time="0.0006365776062011719"></testcase><testcase classname="lib.python3.7.site-packages.bs4.tests.test_lxml.LXMLTreeBuilderSmokeTest" file="lib/python3.7/site-packages/bs4/testing.py" line="363" name="test_nested_formatting_elements" time="0.000701904296875"></testcase><testcase classname="lib.python3.7.site-packages.bs4.tests.test_lxml.LXMLTreeBuilderSmokeTest" file="lib/python3.7/site-packages/bs4/testing.py" line="416" name="test_nested_inline_elements" time="0.0011229515075683594"></testcase><testcase classname="lib.python3.7.site-packages.bs4.tests.test_lxml.LXMLTreeBuilderSmokeTest" file="lib/python3.7/site-packages/bs4/testing.py" line="656" name="test_non_breaking_spaces_converted_on_the_way_in" time="0.0008451938629150391"></testcase><testcase classname="lib.python3.7.site-packages.bs4.tests.test_lxml.LXMLTreeBuilderSmokeTest" file="lib/python3.7/site-packages/bs4/testing.py" line="265" name="test_normal_doctypes" time="0.0009167194366455078"></testcase><testcase classname="lib.python3.7.site-packages.bs4.tests.test_lxml.LXMLTreeBuilderSmokeTest" file="lib/python3.7/site-packages/bs4/tests/test_lxml.py" line="40" name="test_out_of_range_entity" time="0.0009744167327880859"></testcase><testcase classname="lib.python3.7.site-packages.bs4.tests.test_lxml.LXMLTreeBuilderSmokeTest" file="lib/python3.7/site-packages/bs4/testing.py" line="333" name="test_p_tag_is_never_empty_element" time="0.0007753372192382812"></testcase><testcase classname="lib.python3.7.site-packages.bs4.tests.test_lxml.LXMLTreeBuilderSmokeTest" file="lib/python3.7/site-packages/bs4/testing.py" line="235" name="test_pickle_and_unpickle_identity" time="0.001461029052734375"></testcase><testcase classname="lib.python3.7.site-packages.bs4.tests.test_lxml.LXMLTreeBuilderSmokeTest" file="lib/python3.7/site-packages/bs4/testing.py" line="398" name="test_preserved_whitespace_in_pre_and_textarea" time="0.0016198158264160156"></testcase><testcase classname="lib.python3.7.site-packages.bs4.tests.test_lxml.LXMLTreeBuilderSmokeTest" file="lib/python3.7/site-packages/bs4/testing.py" line="312" name="test_processing_instruction" time="0.0006489753723144531"></testcase><testcase classname="lib.python3.7.site-packages.bs4.tests.test_lxml.LXMLTreeBuilderSmokeTest" file="lib/python3.7/site-packages/bs4/testing.py" line="276" name="test_public_doctype_with_url" time="0.0007119178771972656"></testcase><testcase classname="lib.python3.7.site-packages.bs4.tests.test_lxml.LXMLTreeBuilderSmokeTest" file="lib/python3.7/site-packages/bs4/testing.py" line="519" name="test_quot_entity_converted_to_quotation_mark" time="0.0008709430694580078"></testcase><testcase classname="lib.python3.7.site-packages.bs4.tests.test_lxml.LXMLTreeBuilderSmokeTest" file="lib/python3.7/site-packages/bs4/testing.py" line="710" name="test_real_hebrew_document" time="0.0008378028869628906"></testcase><testcase classname="lib.python3.7.site-packages.bs4.tests.test_lxml.LXMLTreeBuilderSmokeTest" file="lib/python3.7/site-packages/bs4/testing.py" line="666" name="test_real_iso_latin_document" time="0.001238107681274414"></testcase><testcase classname="lib.python3.7.site-packages.bs4.tests.test_lxml.LXMLTreeBuilderSmokeTest" file="lib/python3.7/site-packages/bs4/testing.py" line="693" name="test_real_shift_jis_document" time="0.00072479248046875"></testcase><testcase classname="lib.python3.7.site-packages.bs4.tests.test_lxml.LXMLTreeBuilderSmokeTest" file="lib/python3.7/site-packages/bs4/testing.py" line="291" name="test_real_xhtml_document" time="0.0007381439208984375"></testcase><testcase classname="lib.python3.7.site-packages.bs4.tests.test_lxml.LXMLTreeBuilderSmokeTest" file="lib/python3.7/site-packages/bs4/testing.py" line="613" name="test_single_quote_attribute_values_become_double_quotes" time="0.0009057521820068359"></testcase><testcase classname="lib.python3.7.site-packages.bs4.tests.test_lxml.LXMLTreeBuilderSmokeTest" file="lib/python3.7/site-packages/bs4/testing.py" line="647" name="test_smart_quotes_converted_on_the_way_in" time="0.0020253658294677734"></testcase><testcase classname="lib.python3.7.site-packages.bs4.tests.test_lxml.LXMLTreeBuilderSmokeTest" file="lib/python3.7/site-packages/bs4/testing.py" line="606" name="test_soupstrainer" time="0.0006089210510253906"></testcase><testcase classname="lib.python3.7.site-packages.bs4.tests.test_lxml.LXMLTreeBuilderSmokeTest" file="lib/python3.7/site-packages/bs4/testing.py" line="485" name="test_strings_resembling_character_entity_references" time="0.0005550384521484375"></testcase><testcase classname="lib.python3.7.site-packages.bs4.tests.test_lxml.LXMLTreeBuilderSmokeTest" file="lib/python3.7/site-packages/bs4/testing.py" line="280" name="test_system_doctype" time="0.0011839866638183594"></testcase><testcase classname="lib.python3.7.site-packages.bs4.tests.test_lxml.LXMLTreeBuilderSmokeTest" file="lib/python3.7/site-packages/bs4/testing.py" line="775" name="test_tag_with_no_attributes_can_have_attributes_added" time="0.0006527900695800781"></testcase><testcase classname="lib.python3.7.site-packages.bs4.tests.test_lxml.LXMLTreeBuilderSmokeTest" file="lib/python3.7/site-packages/bs4/testing.py" line="343" name="test_unclosed_tags_get_closed" time="0.0009400844573974609"></testcase><testcase classname="lib.python3.7.site-packages.bs4.tests.test_lxml.LXMLTreeBuilderSmokeTest" file="lib/python3.7/site-packages/bs4/testing.py" line="780" name="test_worst_case" time="0.004037618637084961"></testcase><testcase classname="lib.python3.7.site-packages.bs4.tests.test_lxml.LXMLXMLTreeBuilderSmokeTest" file="lib/python3.7/site-packages/bs4/testing.py" line="848" name="test_can_parse_unicode_document" time="0.0010197162628173828"></testcase><testcase classname="lib.python3.7.site-packages.bs4.tests.test_lxml.LXMLXMLTreeBuilderSmokeTest" file="lib/python3.7/site-packages/bs4/testing.py" line="885" name="test_closing_namespaced_tag" time="0.001148223876953125"></testcase><testcase classname="lib.python3.7.site-packages.bs4.tests.test_lxml.LXMLXMLTreeBuilderSmokeTest" file="lib/python3.7/site-packages/bs4/testing.py" line="922" name="test_copy_tag_preserves_namespace" time="0.0007581710815429688"></testcase><testcase classname="lib.python3.7.site-packages.bs4.tests.test_lxml.LXMLXMLTreeBuilderSmokeTest" file="lib/python3.7/site-packages/bs4/testing.py" line="798" name="test_docstring_generated" time="0.0004801750183105469"></testcase><testcase classname="lib.python3.7.site-packages.bs4.tests.test_lxml.LXMLXMLTreeBuilderSmokeTest" file="lib/python3.7/site-packages/bs4/testing.py" line="859" name="test_docstring_includes_correct_encoding" time="0.0005257129669189453"></testcase><testcase classname="lib.python3.7.site-packages.bs4.tests.test_lxml.LXMLXMLTreeBuilderSmokeTest" file="lib/python3.7/site-packages/bs4/testing.py" line="900" name="test_find_by_prefixed_name" time="0.0010523796081542969"></testcase><testcase classname="lib.python3.7.site-packages.bs4.tests.test_lxml.LXMLXMLTreeBuilderSmokeTest" file="lib/python3.7/site-packages/bs4/testing.py" line="836" name="test_formatter_processes_script_tag_for_xml_documents" time="0.0008618831634521484"></testcase><testcase classname="lib.python3.7.site-packages.bs4.tests.test_lxml.LXMLXMLTreeBuilderSmokeTest" file="lib/python3.7/site-packages/bs4/testing.py" line="865" name="test_large_xml_document" time="0.001003265380859375"></testcase><testcase classname="lib.python3.7.site-packages.bs4.tests.test_lxml.LXMLXMLTreeBuilderSmokeTest" file="lib/python3.7/site-packages/bs4/testing.py" line="890" name="test_namespaced_attributes" time="0.0012240409851074219"></testcase><testcase classname="lib.python3.7.site-packages.bs4.tests.test_lxml.LXMLXMLTreeBuilderSmokeTest" file="lib/python3.7/site-packages/bs4/testing.py" line="895" name="test_namespaced_attributes_xml_namespace" time="0.0008232593536376953"></testcase><testcase classname="lib.python3.7.site-packages.bs4.tests.test_lxml.LXMLXMLTreeBuilderSmokeTest" file="lib/python3.7/site-packages/bs4/testing.py" line="878" name="test_namespaces_are_preserved" time="0.0007851123809814453"></testcase><testcase classname="lib.python3.7.site-packages.bs4.tests.test_lxml.LXMLXMLTreeBuilderSmokeTest" file="lib/python3.7/site-packages/bs4/testing.py" line="825" name="test_nested_namespaces" time="0.0011298656463623047"></testcase><testcase classname="lib.python3.7.site-packages.bs4.tests.test_lxml.LXMLXMLTreeBuilderSmokeTest" file="lib/python3.7/site-packages/bs4/testing.py" line="789" name="test_pickle_and_unpickle_identity" time="0.0009868144989013672"></testcase><testcase classname="lib.python3.7.site-packages.bs4.tests.test_lxml.LXMLXMLTreeBuilderSmokeTest" file="lib/python3.7/site-packages/bs4/testing.py" line="853" name="test_popping_namespaced_tag" time="0.0012295246124267578"></testcase><testcase classname="lib.python3.7.site-packages.bs4.tests.test_lxml.LXMLXMLTreeBuilderSmokeTest" file="lib/python3.7/site-packages/bs4/testing.py" line="808" name="test_processing_instruction" time="0.0005247592926025391"></testcase><testcase classname="lib.python3.7.site-packages.bs4.tests.test_lxml.LXMLXMLTreeBuilderSmokeTest" file="lib/python3.7/site-packages/bs4/testing.py" line="813" name="test_real_xhtml_document" time="0.0007331371307373047"></testcase><testcase classname="lib.python3.7.site-packages.bs4.tests.test_lxml.LXMLXMLTreeBuilderSmokeTest" file="lib/python3.7/site-packages/bs4/testing.py" line="874" name="test_tags_are_empty_element_if_and_only_if_they_are_empty" time="0.0007758140563964844"></testcase><testcase classname="lib.python3.7.site-packages.bs4.tests.test_lxml.LXMLXMLTreeBuilderSmokeTest" file="lib/python3.7/site-packages/bs4/testing.py" line="933" name="test_worst_case" time="0.0004029273986816406"></testcase><testcase classname="lib.python3.7.site-packages.bs4.tests.test_lxml.LXMLXMLTreeBuilderSmokeTest" file="lib/python3.7/site-packages/bs4/testing.py" line="803" name="test_xml_declaration" time="0.0004923343658447266"></testcase><testcase classname="lib.python3.7.site-packages.bs4.tests.test_soup.TestConstructor" file="lib/python3.7/site-packages/bs4/tests/test_soup.py" line="46" name="test_embedded_null" time="0.00048828125"></testcase><testcase classname="lib.python3.7.site-packages.bs4.tests.test_soup.TestConstructor" file="lib/python3.7/site-packages/bs4/tests/test_soup.py" line="51" name="test_exclude_encodings" time="0.0016748905181884766"></testcase><testcase classname="lib.python3.7.site-packages.bs4.tests.test_soup.TestConstructor" file="lib/python3.7/site-packages/bs4/tests/test_soup.py" line="41" name="test_short_unicode_input" time="0.0005009174346923828"></testcase><testcase classname="lib.python3.7.site-packages.bs4.tests.test_soup.TestWarnings" file="lib/python3.7/site-packages/bs4/tests/test_soup.py" line="103" name="test_disk_file_warning" time="0.003628253936767578"></testcase><testcase classname="lib.python3.7.site-packages.bs4.tests.test_soup.TestWarnings" file="lib/python3.7/site-packages/bs4/tests/test_soup.py" line="135" name="test_url_warning_with_bytes_and_space" time="0.0005056858062744141"></testcase><testcase classname="lib.python3.7.site-packages.bs4.tests.test_soup.TestWarnings" file="lib/python3.7/site-packages/bs4/tests/test_soup.py" line="119" name="test_url_warning_with_bytes_url" time="0.0005326271057128906"></testcase><testcase classname="lib.python3.7.site-packages.bs4.tests.test_soup.TestWarnings" file="lib/python3.7/site-packages/bs4/tests/test_soup.py" line="141" name="test_url_warning_with_unicode_and_space" time="0.00045490264892578125"></testcase><testcase classname="lib.python3.7.site-packages.bs4.tests.test_soup.TestWarnings" file="lib/python3.7/site-packages/bs4/tests/test_soup.py" line="127" name="test_url_warning_with_unicode_url" time="0.0004258155822753906"></testcase><testcase classname="lib.python3.7.site-packages.bs4.tests.test_soup.TestSelectiveParsing" file="lib/python3.7/site-packages/bs4/tests/test_soup.py" line="150" name="test_parse_with_soupstrainer" time="0.0007421970367431641"></testcase><testcase classname="lib.python3.7.site-packages.bs4.tests.test_soup.TestEntitySubstitution" file="lib/python3.7/site-packages/bs4/tests/test_soup.py" line="220" name="test_quotes_not_html_substituted" time="0.000335693359375"></testcase><testcase classname="lib.python3.7.site-packages.bs4.tests.test_soup.TestEntitySubstitution" file="lib/python3.7/site-packages/bs4/tests/test_soup.py" line="162" name="test_simple_html_substitution" time="0.00030303001403808594"></testcase><testcase classname="lib.python3.7.site-packages.bs4.tests.test_soup.TestEntitySubstitution" file="lib/python3.7/site-packages/bs4/tests/test_soup.py" line="169" name="test_smart_quote_substitution" time="0.001581430435180664"></testcase><testcase classname="lib.python3.7.site-packages.bs4.tests.test_soup.TestEntitySubstitution" file="lib/python3.7/site-packages/bs4/tests/test_soup.py" line="192" name="test_xml_attribute_quoting_escapes_single_quotes_when_value_contains_both_single_and_double_quotes" time="0.0008087158203125"></testcase><testcase classname="lib.python3.7.site-packages.bs4.tests.test_soup.TestEntitySubstitution" file="lib/python3.7/site-packages/bs4/tests/test_soup.py" line="181" name="test_xml_attribute_quoting_normally_uses_double_quotes" time="0.00041174888610839844"></testcase><testcase classname="lib.python3.7.site-packages.bs4.tests.test_soup.TestEntitySubstitution" file="lib/python3.7/site-packages/bs4/tests/test_soup.py" line="187" name="test_xml_attribute_quoting_uses_single_quotes_when_value_contains_double_quotes" time="0.0002703666687011719"></testcase><testcase classname="lib.python3.7.site-packages.bs4.tests.test_soup.TestEntitySubstitution" file="lib/python3.7/site-packages/bs4/tests/test_soup.py" line="177" name="test_xml_converstion_includes_no_quotes_if_make_quoted_attribute_is_false" time="0.000270843505859375"></testcase><testcase classname="lib.python3.7.site-packages.bs4.tests.test_soup.TestEntitySubstitution" file="lib/python3.7/site-packages/bs4/tests/test_soup.py" line="198" name="test_xml_quotes_arent_escaped_when_value_is_not_being_quoted" time="0.00028896331787109375"></testcase><testcase classname="lib.python3.7.site-packages.bs4.tests.test_soup.TestEntitySubstitution" file="lib/python3.7/site-packages/bs4/tests/test_soup.py" line="207" name="test_xml_quoting_handles_ampersands" time="0.0003209114074707031"></testcase><testcase classname="lib.python3.7.site-packages.bs4.tests.test_soup.TestEntitySubstitution" file="lib/python3.7/site-packages/bs4/tests/test_soup.py" line="202" name="test_xml_quoting_handles_angle_brackets" time="0.000263214111328125"></testcase><testcase classname="lib.python3.7.site-packages.bs4.tests.test_soup.TestEntitySubstitution" file="lib/python3.7/site-packages/bs4/tests/test_soup.py" line="215" name="test_xml_quoting_ignoring_ampersands_when_they_are_part_of_an_entity" time="0.0002646446228027344"></testcase><testcase classname="lib.python3.7.site-packages.bs4.tests.test_soup.TestEntitySubstitution" file="lib/python3.7/site-packages/bs4/tests/test_soup.py" line="210" name="test_xml_quoting_including_ampersands_when_they_are_part_of_an_entity" time="0.0002944469451904297"></testcase><testcase classname="lib.python3.7.site-packages.bs4.tests.test_soup.TestEncodingConversion" file="lib/python3.7/site-packages/bs4/tests/test_soup.py" line="239" name="test_ascii_in_unicode_out" time="0.0005750656127929688"></testcase><testcase classname="lib.python3.7.site-packages.bs4.tests.test_soup.TestEncodingConversion" file="lib/python3.7/site-packages/bs4/tests/test_soup.py" line="279" name="test_attribute_name_containing_unicode_characters" time="0.0008363723754882812"></testcase><testcase classname="lib.python3.7.site-packages.bs4.tests.test_soup.TestEncodingConversion" file="lib/python3.7/site-packages/bs4/tests/test_soup.py" line="259" name="test_unicode_in_unicode_out" time="0.0016345977783203125"></testcase><testcase classname="lib.python3.7.site-packages.bs4.tests.test_soup.TestEncodingConversion" file="lib/python3.7/site-packages/bs4/tests/test_soup.py" line="267" name="test_utf8_in_unicode_out" time="0.0018892288208007812"></testcase><testcase classname="lib.python3.7.site-packages.bs4.tests.test_soup.TestEncodingConversion" file="lib/python3.7/site-packages/bs4/tests/test_soup.py" line="274" name="test_utf8_out" time="0.0008940696716308594"></testcase><testcase classname="lib.python3.7.site-packages.bs4.tests.test_soup.TestUnicodeDammit" file="lib/python3.7/site-packages/bs4/tests/test_soup.py" line="414" name="test_byte_order_mark_removed" time="0.0014348030090332031"></testcase><testcase classname="lib.python3.7.site-packages.bs4.tests.test_soup.TestUnicodeDammit" file="lib/python3.7/site-packages/bs4/tests/test_soup.py" line="325" name="test_convert_hebrew" time="0.0003497600555419922"></testcase><testcase classname="lib.python3.7.site-packages.bs4.tests.test_soup.TestUnicodeDammit" file="lib/python3.7/site-packages/bs4/tests/test_soup.py" line="368" name="test_detect_html5_style_meta_tag" time="0.0004100799560546875"></testcase><testcase classname="lib.python3.7.site-packages.bs4.tests.test_soup.TestUnicodeDammit" file="lib/python3.7/site-packages/bs4/tests/test_soup.py" line="318" name="test_detect_utf8" time="0.0014951229095458984"></testcase><testcase classname="lib.python3.7.site-packages.bs4.tests.test_soup.TestUnicodeDammit" file="lib/python3.7/site-packages/bs4/tests/test_soup.py" line="421" name="test_detwingle" time="0.0008690357208251953"></testcase><testcase classname="lib.python3.7.site-packages.bs4.tests.test_soup.TestUnicodeDammit" file="lib/python3.7/site-packages/bs4/tests/test_soup.py" line="445" name="test_detwingle_ignores_multibyte_characters" time="0.0004100799560546875"></testcase><testcase classname="lib.python3.7.site-packages.bs4.tests.test_soup.TestUnicodeDammit" file="lib/python3.7/site-packages/bs4/tests/test_soup.py" line="331" name="test_dont_see_smart_quotes_where_there_are_none" time="0.0012943744659423828"></testcase><testcase classname="lib.python3.7.site-packages.bs4.tests.test_soup.TestUnicodeDammit" file="lib/python3.7/site-packages/bs4/tests/test_soup.py" line="362" name="test_encoding_detector_replaces_junk_in_encoding_name_with_replacement_character" time="0.0016188621520996094"></testcase><testcase classname="lib.python3.7.site-packages.bs4.tests.test_soup.TestUnicodeDammit" file="lib/python3.7/site-packages/bs4/tests/test_soup.py" line="348" name="test_exclude_encodings" time="0.0018546581268310547"></testcase><testcase classname="lib.python3.7.site-packages.bs4.tests.test_soup.TestUnicodeDammit" file="lib/python3.7/site-packages/bs4/tests/test_soup.py" line="337" name="test_ignore_inappropriate_codecs" time="0.0011191368103027344"></testcase><testcase classname="lib.python3.7.site-packages.bs4.tests.test_soup.TestUnicodeDammit" file="lib/python3.7/site-packages/bs4/tests/test_soup.py" line="342" name="test_ignore_invalid_codecs" time="0.0030879974365234375"></testcase><testcase classname="lib.python3.7.site-packages.bs4.tests.test_soup.TestUnicodeDammit" file="lib/python3.7/site-packages/bs4/tests/test_soup.py" line="379" name="test_last_ditch_entity_replacement" time="0.0013897418975830078"></testcase><testcase classname="lib.python3.7.site-packages.bs4.tests.test_soup.TestUnicodeDammit" file="lib/python3.7/site-packages/bs4/tests/test_soup.py" line="312" name="test_smart_quotes_to_ascii" time="0.0014791488647460938"></testcase><testcase classname="lib.python3.7.site-packages.bs4.tests.test_soup.TestUnicodeDammit" file="lib/python3.7/site-packages/bs4/tests/test_soup.py" line="306" name="test_smart_quotes_to_html_entities" time="0.0011887550354003906"></testcase><testcase classname="lib.python3.7.site-packages.bs4.tests.test_soup.TestUnicodeDammit" file="lib/python3.7/site-packages/bs4/tests/test_soup.py" line="294" name="test_smart_quotes_to_unicode" time="0.0010445117950439453"></testcase><testcase classname="lib.python3.7.site-packages.bs4.tests.test_soup.TestUnicodeDammit" file="lib/python3.7/site-packages/bs4/tests/test_soup.py" line="300" name="test_smart_quotes_to_xml_entities" time="0.0010695457458496094"></testcase><testcase classname="lib.python3.7.site-packages.bs4.tests.test_soup.TestUnicodeDammit" file="lib/python3.7/site-packages/bs4/tests/test_soup.py" line="289" name="test_unicode_input" time="0.00031304359436035156"></testcase><testcase classname="lib.python3.7.site-packages.bs4.tests.test_soup.TestNamedspacedAttribute" file="lib/python3.7/site-packages/bs4/tests/test_soup.py" line="466" name="test_attribute_is_equivalent_to_colon_separated_string" time="0.00029778480529785156"></testcase><testcase classname="lib.python3.7.site-packages.bs4.tests.test_soup.TestNamedspacedAttribute" file="lib/python3.7/site-packages/bs4/tests/test_soup.py" line="470" name="test_attributes_are_equivalent_if_prefix_and_name_identical" time="0.00028204917907714844"></testcase><testcase classname="lib.python3.7.site-packages.bs4.tests.test_soup.TestNamedspacedAttribute" file="lib/python3.7/site-packages/bs4/tests/test_soup.py" line="462" name="test_name_may_be_none" time="0.00027680397033691406"></testcase><testcase classname="lib.python3.7.site-packages.bs4.tests.test_soup.TestAttributeValueWithCharsetSubstitution" file="lib/python3.7/site-packages/bs4/tests/test_soup.py" line="496" name="test_content_meta_attribute_value" time="0.00031495094299316406"></testcase><testcase classname="lib.python3.7.site-packages.bs4.tests.test_tree.TestFind" file="lib/python3.7/site-packages/bs4/tests/test_tree.py" line="81" name="test_find_everything" time="0.0007517337799072266"></testcase><testcase classname="lib.python3.7.site-packages.bs4.tests.test_tree.TestFind" file="lib/python3.7/site-packages/bs4/tests/test_tree.py" line="86" name="test_find_everything_with_name" time="0.0011930465698242188"></testcase><testcase classname="lib.python3.7.site-packages.bs4.tests.test_tree.TestFind" file="lib/python3.7/site-packages/bs4/tests/test_tree.py" line="67" name="test_find_tag" time="0.0007493495941162109"></testcase><testcase classname="lib.python3.7.site-packages.bs4.tests.test_tree.TestFind" file="lib/python3.7/site-packages/bs4/tests/test_tree.py" line="75" name="test_unicode_attribute_find" time="0.0005204677581787109"></testcase><testcase classname="lib.python3.7.site-packages.bs4.tests.test_tree.TestFind" file="lib/python3.7/site-packages/bs4/tests/test_tree.py" line="71" name="test_unicode_text_find" time="0.0004317760467529297"></testcase><testcase classname="lib.python3.7.site-packages.bs4.tests.test_tree.TestFindAll" file="lib/python3.7/site-packages/bs4/tests/test_tree.py" line="122" name="test_calling_a_tag_is_calling_findall" time="0.0006122589111328125"></testcase><testcase classname="lib.python3.7.site-packages.bs4.tests.test_tree.TestFindAll" file="lib/python3.7/site-packages/bs4/tests/test_tree.py" line="110" name="test_find_all_limit" time="0.0007581710815429688"></testcase><testcase classname="lib.python3.7.site-packages.bs4.tests.test_tree.TestFindAll" file="lib/python3.7/site-packages/bs4/tests/test_tree.py" line="137" name="test_find_all_resultset" time="0.0004661083221435547"></testcase><testcase classname="lib.python3.7.site-packages.bs4.tests.test_tree.TestFindAll" file="lib/python3.7/site-packages/bs4/tests/test_tree.py" line="94" name="test_find_all_text_nodes" time="0.0008590221405029297"></testcase><testcase classname="lib.python3.7.site-packages.bs4.tests.test_tree.TestFindAll" file="lib/python3.7/site-packages/bs4/tests/test_tree.py" line="127" name="test_find_all_with_self_referential_data_structure_does_not_cause_infinite_recursion" time="0.0006186962127685547"></testcase><testcase classname="lib.python3.7.site-packages.bs4.tests.test_tree.TestFindAllBasicNamespaces" file="lib/python3.7/site-packages/bs4/tests/test_tree.py" line="152" name="test_find_by_namespaced_name" time="0.0005292892456054688"></testcase><testcase classname="lib.python3.7.site-packages.bs4.tests.test_tree.TestFindAllByName" file="lib/python3.7/site-packages/bs4/tests/test_tree.py" line="188" name="test_calling_element_invokes_find_all" time="0.0005917549133300781"></testcase><testcase classname="lib.python3.7.site-packages.bs4.tests.test_tree.TestFindAllByName" file="lib/python3.7/site-packages/bs4/tests/test_tree.py" line="172" name="test_find_all_by_name_and_text" time="0.0008349418640136719"></testcase><testcase classname="lib.python3.7.site-packages.bs4.tests.test_tree.TestFindAllByName" file="lib/python3.7/site-packages/bs4/tests/test_tree.py" line="201" name="test_find_all_by_tag_dict" time="0.0009431838989257812"></testcase><testcase classname="lib.python3.7.site-packages.bs4.tests.test_tree.TestFindAllByName" file="lib/python3.7/site-packages/bs4/tests/test_tree.py" line="167" name="test_find_all_by_tag_name" time="0.001184225082397461"></testcase><testcase classname="lib.python3.7.site-packages.bs4.tests.test_tree.TestFindAllByName" file="lib/python3.7/site-packages/bs4/tests/test_tree.py" line="196" name="test_find_all_by_tag_names" time="0.0014641284942626953"></testcase><testcase classname="lib.python3.7.site-packages.bs4.tests.test_tree.TestFindAllByName" file="lib/python3.7/site-packages/bs4/tests/test_tree.py" line="206" name="test_find_all_by_tag_re" time="0.0007574558258056641"></testcase><testcase classname="lib.python3.7.site-packages.bs4.tests.test_tree.TestFindAllByName" file="lib/python3.7/site-packages/bs4/tests/test_tree.py" line="191" name="test_find_all_by_tag_strainer" time="0.000919342041015625"></testcase><testcase classname="lib.python3.7.site-packages.bs4.tests.test_tree.TestFindAllByName" file="lib/python3.7/site-packages/bs4/tests/test_tree.py" line="184" name="test_find_all_on_non_root_element" time="0.0009400844573974609"></testcase><testcase classname="lib.python3.7.site-packages.bs4.tests.test_tree.TestFindAllByName" file="lib/python3.7/site-packages/bs4/tests/test_tree.py" line="211" name="test_find_all_with_tags_matching_method" time="0.0015137195587158203"></testcase><testcase classname="lib.python3.7.site-packages.bs4.tests.test_tree.TestFindAllByName" file="lib/python3.7/site-packages/bs4/tests/test_tree.py" line="224" name="test_find_with_multi_valued_attribute" time="0.0013761520385742188"></testcase><testcase classname="lib.python3.7.site-packages.bs4.tests.test_tree.TestFindAllByAttribute" file="lib/python3.7/site-packages/bs4/tests/test_tree.py" line="258" name="test_find_all_by_attribute_dict" time="0.0009930133819580078"></testcase><testcase classname="lib.python3.7.site-packages.bs4.tests.test_tree.TestFindAllByAttribute" file="lib/python3.7/site-packages/bs4/tests/test_tree.py" line="239" name="test_find_all_by_attribute_name" time="0.0006139278411865234"></testcase><testcase classname="lib.python3.7.site-packages.bs4.tests.test_tree.TestFindAllByAttribute" file="lib/python3.7/site-packages/bs4/tests/test_tree.py" line="341" name="test_find_all_by_attribute_soupstrainer" time="0.0005116462707519531"></testcase><testcase classname="lib.python3.7.site-packages.bs4.tests.test_tree.TestFindAllByAttribute" file="lib/python3.7/site-packages/bs4/tests/test_tree.py" line="279" name="test_find_all_by_class" time="0.0017786026000976562"></testcase><testcase classname="lib.python3.7.site-packages.bs4.tests.test_tree.TestFindAllByAttribute" file="lib/python3.7/site-packages/bs4/tests/test_tree.py" line="250" name="test_find_all_by_utf8_attribute_value" time="0.007380247116088867"></testcase><testcase classname="lib.python3.7.site-packages.bs4.tests.test_tree.TestFindAllByAttribute" file="lib/python3.7/site-packages/bs4/tests/test_tree.py" line="357" name="test_find_all_with_defined_attribute" time="0.0007612705230712891"></testcase><testcase classname="lib.python3.7.site-packages.bs4.tests.test_tree.TestFindAllByAttribute" file="lib/python3.7/site-packages/bs4/tests/test_tree.py" line="375" name="test_find_all_with_list_attribute_values" time="0.0007040500640869141"></testcase><testcase classname="lib.python3.7.site-packages.bs4.tests.test_tree.TestFindAllByAttribute" file="lib/python3.7/site-packages/bs4/tests/test_tree.py" line="349" name="test_find_all_with_missing_attribute" time="0.0007064342498779297"></testcase><testcase classname="lib.python3.7.site-packages.bs4.tests.test_tree.TestFindAllByAttribute" file="lib/python3.7/site-packages/bs4/tests/test_tree.py" line="313" name="test_find_all_with_non_dictionary_for_attrs_finds_by_class" time="0.0014426708221435547"></testcase><testcase classname="lib.python3.7.site-packages.bs4.tests.test_tree.TestFindAllByAttribute" file="lib/python3.7/site-packages/bs4/tests/test_tree.py" line="366" name="test_find_all_with_numeric_attribute" time="0.0010495185852050781"></testcase><testcase classname="lib.python3.7.site-packages.bs4.tests.test_tree.TestFindAllByAttribute" file="lib/python3.7/site-packages/bs4/tests/test_tree.py" line="385" name="test_find_all_with_regular_expression_attribute_value" time="0.0012600421905517578"></testcase><testcase classname="lib.python3.7.site-packages.bs4.tests.test_tree.TestFindAllByAttribute" file="lib/python3.7/site-packages/bs4/tests/test_tree.py" line="329" name="test_find_all_with_string_for_attrs_finds_multiple_classes" time="0.001280069351196289"></testcase><testcase classname="lib.python3.7.site-packages.bs4.tests.test_tree.TestFindAllByAttribute" file="lib/python3.7/site-packages/bs4/tests/test_tree.py" line="410" name="test_find_by_attribute_and_containing_string" time="0.0013856887817382812"></testcase><testcase classname="lib.python3.7.site-packages.bs4.tests.test_tree.TestFindAllByAttribute" file="lib/python3.7/site-packages/bs4/tests/test_tree.py" line="299" name="test_find_by_class_when_multiple_classes_present" time="0.0007212162017822266"></testcase><testcase classname="lib.python3.7.site-packages.bs4.tests.test_tree.TestFindAllByAttribute" file="lib/python3.7/site-packages/bs4/tests/test_tree.py" line="398" name="test_find_by_name_and_containing_string" time="0.0006427764892578125"></testcase><testcase classname="lib.python3.7.site-packages.bs4.tests.test_tree.TestFindAllByAttribute" file="lib/python3.7/site-packages/bs4/tests/test_tree.py" line="406" name="test_find_by_name_and_containing_string_when_string_is_buried" time="0.0005629062652587891"></testcase><testcase classname="lib.python3.7.site-packages.bs4.tests.test_tree.TestIndex" file="lib/python3.7/site-packages/bs4/tests/test_tree.py" line="422" name="test_index" time="0.0009038448333740234"></testcase><testcase classname="lib.python3.7.site-packages.bs4.tests.test_tree.TestParentOperations" file="lib/python3.7/site-packages/bs4/tests/test_tree.py" line="471" name="test_find_parent" time="0.0009429454803466797"></testcase><testcase classname="lib.python3.7.site-packages.bs4.tests.test_tree.TestParentOperations" file="lib/python3.7/site-packages/bs4/tests/test_tree.py" line="465" name="test_find_parents" time="0.0016582012176513672"></testcase><testcase classname="lib.python3.7.site-packages.bs4.tests.test_tree.TestParentOperations" file="lib/python3.7/site-packages/bs4/tests/test_tree.py" line="453" name="test_parent" time="0.000873565673828125"></testcase><testcase classname="lib.python3.7.site-packages.bs4.tests.test_tree.TestParentOperations" file="lib/python3.7/site-packages/bs4/tests/test_tree.py" line="483" name="test_parent_generator" time="0.0007090568542480469"></testcase><testcase classname="lib.python3.7.site-packages.bs4.tests.test_tree.TestParentOperations" file="lib/python3.7/site-packages/bs4/tests/test_tree.py" line="475" name="test_parent_of_text_element" time="0.0013492107391357422"></testcase><testcase classname="lib.python3.7.site-packages.bs4.tests.test_tree.TestParentOperations" file="lib/python3.7/site-packages/bs4/tests/test_tree.py" line="458" name="test_parent_of_top_tag_is_soup_object" time="0.0007030963897705078"></testcase><testcase classname="lib.python3.7.site-packages.bs4.tests.test_tree.TestParentOperations" file="lib/python3.7/site-packages/bs4/tests/test_tree.py" line="462" name="test_soup_object_has_no_parent" time="0.0010352134704589844"></testcase><testcase classname="lib.python3.7.site-packages.bs4.tests.test_tree.TestParentOperations" file="lib/python3.7/site-packages/bs4/tests/test_tree.py" line="479" name="test_text_element_find_parent" time="0.0011897087097167969"></testcase><testcase classname="lib.python3.7.site-packages.bs4.tests.test_tree.TestNextOperations" file="lib/python3.7/site-packages/bs4/tests/test_tree.py" line="515" name="test_find_all_next" time="0.0007681846618652344"></testcase><testcase classname="lib.python3.7.site-packages.bs4.tests.test_tree.TestNextOperations" file="lib/python3.7/site-packages/bs4/tests/test_tree.py" line="520" name="test_find_next" time="0.0007319450378417969"></testcase><testcase classname="lib.python3.7.site-packages.bs4.tests.test_tree.TestNextOperations" file="lib/python3.7/site-packages/bs4/tests/test_tree.py" line="524" name="test_find_next_for_text_element" time="0.0011811256408691406"></testcase><testcase classname="lib.python3.7.site-packages.bs4.tests.test_tree.TestNextOperations" file="lib/python3.7/site-packages/bs4/tests/test_tree.py" line="503" name="test_next" time="0.0023927688598632812"></testcase><testcase classname="lib.python3.7.site-packages.bs4.tests.test_tree.TestNextOperations" file="lib/python3.7/site-packages/bs4/tests/test_tree.py" line="529" name="test_next_generator" time="0.0007562637329101562"></testcase><testcase classname="lib.python3.7.site-packages.bs4.tests.test_tree.TestNextOperations" file="lib/python3.7/site-packages/bs4/tests/test_tree.py" line="507" name="test_next_of_last_item_is_none" time="0.0008790493011474609"></testcase><testcase classname="lib.python3.7.site-packages.bs4.tests.test_tree.TestNextOperations" file="lib/python3.7/site-packages/bs4/tests/test_tree.py" line="511" name="test_next_of_root_is_none" time="0.000652313232421875"></testcase><testcase classname="lib.python3.7.site-packages.bs4.tests.test_tree.TestPreviousOperations" file="lib/python3.7/site-packages/bs4/tests/test_tree.py" line="557" name="test_find_all_previous" time="0.0008053779602050781"></testcase><testcase classname="lib.python3.7.site-packages.bs4.tests.test_tree.TestPreviousOperations" file="lib/python3.7/site-packages/bs4/tests/test_tree.py" line="565" name="test_find_previous" time="0.0009312629699707031"></testcase><testcase classname="lib.python3.7.site-packages.bs4.tests.test_tree.TestPreviousOperations" file="lib/python3.7/site-packages/bs4/tests/test_tree.py" line="569" name="test_find_previous_for_text_element" time="0.0010838508605957031"></testcase><testcase classname="lib.python3.7.site-packages.bs4.tests.test_tree.TestPreviousOperations" file="lib/python3.7/site-packages/bs4/tests/test_tree.py" line="543" name="test_previous" time="0.0006461143493652344"></testcase><testcase classname="lib.python3.7.site-packages.bs4.tests.test_tree.TestPreviousOperations" file="lib/python3.7/site-packages/bs4/tests/test_tree.py" line="575" name="test_previous_generator" time="0.0006744861602783203"></testcase><testcase classname="lib.python3.7.site-packages.bs4.tests.test_tree.TestPreviousOperations" file="lib/python3.7/site-packages/bs4/tests/test_tree.py" line="547" name="test_previous_of_first_item_is_none" time="0.0007956027984619141"></testcase><testcase classname="lib.python3.7.site-packages.bs4.tests.test_tree.TestPreviousOperations" file="lib/python3.7/site-packages/bs4/tests/test_tree.py" line="551" name="test_previous_of_root_is_none" time="0.0013442039489746094"></testcase><testcase classname="lib.python3.7.site-packages.bs4.tests.test_tree.TestNextSibling" file="lib/python3.7/site-packages/bs4/tests/test_tree.py" line="635" name="test_find_next_sibling" time="0.000858306884765625"></testcase><testcase classname="lib.python3.7.site-packages.bs4.tests.test_tree.TestNextSibling" file="lib/python3.7/site-packages/bs4/tests/test_tree.py" line="619" name="test_next_sibling" time="0.0006699562072753906"></testcase><testcase classname="lib.python3.7.site-packages.bs4.tests.test_tree.TestNextSibling" file="lib/python3.7/site-packages/bs4/tests/test_tree.py" line="644" name="test_next_sibling_for_text_element" time="0.0008652210235595703"></testcase><testcase classname="lib.python3.7.site-packages.bs4.tests.test_tree.TestNextSibling" file="lib/python3.7/site-packages/bs4/tests/test_tree.py" line="626" name="test_next_sibling_may_not_exist" time="0.0016219615936279297"></testcase><testcase classname="lib.python3.7.site-packages.bs4.tests.test_tree.TestNextSibling" file="lib/python3.7/site-packages/bs4/tests/test_tree.py" line="616" name="test_next_sibling_of_root_is_none" time="0.0006740093231201172"></testcase><testcase classname="lib.python3.7.site-packages.bs4.tests.test_tree.TestNextSibling" file="lib/python3.7/site-packages/bs4/tests/test_tree.py" line="638" name="test_next_siblings" time="0.0008478164672851562"></testcase><testcase classname="lib.python3.7.site-packages.bs4.tests.test_tree.TestPreviousSibling" file="lib/python3.7/site-packages/bs4/tests/test_tree.py" line="680" name="test_find_previous_sibling" time="0.0007665157318115234"></testcase><testcase classname="lib.python3.7.site-packages.bs4.tests.test_tree.TestPreviousSibling" file="lib/python3.7/site-packages/bs4/tests/test_tree.py" line="664" name="test_previous_sibling" time="0.0007402896881103516"></testcase><testcase classname="lib.python3.7.site-packages.bs4.tests.test_tree.TestPreviousSiblin
[...]
s/bs4/tests/test_tree.py" line="1491" name="test_formatter_html5" time="0.00046896934509277344"></testcase><testcase classname="lib.python3.7.site-packages.bs4.tests.test_tree.TestSubstitutions" file="lib/python3.7/site-packages/bs4/tests/test_tree.py" line="1528" name="test_formatter_is_run_on_attribute_values" time="0.0008199214935302734"></testcase><testcase classname="lib.python3.7.site-packages.bs4.tests.test_tree.TestSubstitutions" file="lib/python3.7/site-packages/bs4/tests/test_tree.py" line="1499" name="test_formatter_minimal" time="0.0005967617034912109"></testcase><testcase classname="lib.python3.7.site-packages.bs4.tests.test_tree.TestSubstitutions" file="lib/python3.7/site-packages/bs4/tests/test_tree.py" line="1509" name="test_formatter_null" time="0.00046062469482421875"></testcase><testcase classname="lib.python3.7.site-packages.bs4.tests.test_tree.TestSubstitutions" file="lib/python3.7/site-packages/bs4/tests/test_tree.py" line="1545" name="test_formatter_skips_script_tag_for_html_documents" time="0.00047016143798828125"></testcase><testcase classname="lib.python3.7.site-packages.bs4.tests.test_tree.TestSubstitutions" file="lib/python3.7/site-packages/bs4/tests/test_tree.py" line="1554" name="test_formatter_skips_style_tag_for_html_documents" time="0.0006701946258544922"></testcase><testcase classname="lib.python3.7.site-packages.bs4.tests.test_tree.TestSubstitutions" file="lib/python3.7/site-packages/bs4/tests/test_tree.py" line="1584" name="test_html_entity_substitution_off_by_default" time="0.0006651878356933594"></testcase><testcase classname="lib.python3.7.site-packages.bs4.tests.test_tree.TestSubstitutions" file="lib/python3.7/site-packages/bs4/tests/test_tree.py" line="1571" name="test_prettify_accepts_formatter_function" time="0.0006542205810546875"></testcase><testcase classname="lib.python3.7.site-packages.bs4.tests.test_tree.TestSubstitutions" file="lib/python3.7/site-packages/bs4/tests/test_tree.py" line="1580" name="test_prettify_can_encode_data" time="0.0004761219024658203"></testcase><testcase classname="lib.python3.7.site-packages.bs4.tests.test_tree.TestSubstitutions" file="lib/python3.7/site-packages/bs4/tests/test_tree.py" line="1563" name="test_prettify_leaves_preformatted_text_alone" time="0.0005347728729248047"></testcase><testcase classname="lib.python3.7.site-packages.bs4.tests.test_tree.TestSubstitutions" file="lib/python3.7/site-packages/bs4/tests/test_tree.py" line="1576" name="test_prettify_outputs_unicode_by_default" time="0.0004668235778808594"></testcase><testcase classname="lib.python3.7.site-packages.bs4.tests.test_tree.TestEncoding" file="lib/python3.7/site-packages/bs4/tests/test_tree.py" line="1651" name="test_decode_contents" time="0.00048351287841796875"></testcase><testcase classname="lib.python3.7.site-packages.bs4.tests.test_tree.TestEncoding" file="lib/python3.7/site-packages/bs4/tests/test_tree.py" line="1663" name="test_deprecated_renderContents" time="0.0005047321319580078"></testcase><testcase classname="lib.python3.7.site-packages.bs4.tests.test_tree.TestEncoding" file="lib/python3.7/site-packages/bs4/tests/test_tree.py" line="1656" name="test_encode_contents" time="0.0004830360412597656"></testcase><testcase classname="lib.python3.7.site-packages.bs4.tests.test_tree.TestEncoding" file="lib/python3.7/site-packages/bs4/tests/test_tree.py" line="1645" name="test_encoding_can_be_made_strict" time="0.0019075870513916016"></testcase><testcase classname="lib.python3.7.site-packages.bs4.tests.test_tree.TestEncoding" file="lib/python3.7/site-packages/bs4/tests/test_tree.py" line="1640" name="test_encoding_substitutes_unrecognized_characters_by_default" time="0.0005633831024169922"></testcase><testcase classname="lib.python3.7.site-packages.bs4.tests.test_tree.TestEncoding" file="lib/python3.7/site-packages/bs4/tests/test_tree.py" line="1669" name="test_repr" time="0.0004551410675048828"></testcase><testcase classname="lib.python3.7.site-packages.bs4.tests.test_tree.TestEncoding" file="lib/python3.7/site-packages/bs4/tests/test_tree.py" line="1634" name="test_tag_containing_unicode_string_can_be_encoded" time="0.00046896934509277344"></testcase><testcase classname="lib.python3.7.site-packages.bs4.tests.test_tree.TestEncoding" file="lib/python3.7/site-packages/bs4/tests/test_tree.py" line="1628" name="test_unicode_string_can_be_encoded" time="0.00043964385986328125"></testcase><testcase classname="lib.python3.7.site-packages.bs4.tests.test_tree.TestNavigableStringSubclasses" file="lib/python3.7/site-packages/bs4/tests/test_tree.py" line="1679" name="test_cdata" time="0.0005393028259277344"></testcase><testcase classname="lib.python3.7.site-packages.bs4.tests.test_tree.TestNavigableStringSubclasses" file="lib/python3.7/site-packages/bs4/tests/test_tree.py" line="1689" name="test_cdata_is_never_formatted" time="0.0005748271942138672"></testcase><testcase classname="lib.python3.7.site-packages.bs4.tests.test_tree.TestNavigableStringSubclasses" file="lib/python3.7/site-packages/bs4/tests/test_tree.py" line="1715" name="test_declaration" time="0.00041604042053222656"></testcase><testcase classname="lib.python3.7.site-packages.bs4.tests.test_tree.TestNavigableStringSubclasses" file="lib/python3.7/site-packages/bs4/tests/test_tree.py" line="1707" name="test_doctype_ends_in_newline" time="0.0006260871887207031"></testcase><testcase classname="lib.python3.7.site-packages.bs4.tests.test_tree.TestSoupSelector" file="lib/python3.7/site-packages/bs4/tests/test_tree.py" line="1877" name="test_a_bunch_of_emptys" time="0.0074732303619384766"></testcase><testcase classname="lib.python3.7.site-packages.bs4.tests.test_tree.TestSoupSelector" file="lib/python3.7/site-packages/bs4/tests/test_tree.py" line="2061" name="test_adjacent_sibling_selector" time="0.011037588119506836"></testcase><testcase classname="lib.python3.7.site-packages.bs4.tests.test_tree.TestSoupSelector" file="lib/python3.7/site-packages/bs4/tests/test_tree.py" line="1957" name="test_attribute_contains" time="0.022594213485717773"></testcase><testcase classname="lib.python3.7.site-packages.bs4.tests.test_tree.TestSoupSelector" file="lib/python3.7/site-packages/bs4/tests/test_tree.py" line="1947" name="test_attribute_endswith" time="0.006556987762451172"></testcase><testcase classname="lib.python3.7.site-packages.bs4.tests.test_tree.TestSoupSelector" file="lib/python3.7/site-packages/bs4/tests/test_tree.py" line="1898" name="test_attribute_equals" time="0.014456510543823242"></testcase><testcase classname="lib.python3.7.site-packages.bs4.tests.test_tree.TestSoupSelector" file="lib/python3.7/site-packages/bs4/tests/test_tree.py" line="1986" name="test_attribute_exact_or_hypen" time="0.005390644073486328"></testcase><testcase classname="lib.python3.7.site-packages.bs4.tests.test_tree.TestSoupSelector" file="lib/python3.7/site-packages/bs4/tests/test_tree.py" line="1994" name="test_attribute_exists" time="0.00845789909362793"></testcase><testcase classname="lib.python3.7.site-packages.bs4.tests.test_tree.TestSoupSelector" file="lib/python3.7/site-packages/bs4/tests/test_tree.py" line="1930" name="test_attribute_startswith" time="0.011826276779174805"></testcase><testcase classname="lib.python3.7.site-packages.bs4.tests.test_tree.TestSoupSelector" file="lib/python3.7/site-packages/bs4/tests/test_tree.py" line="1916" name="test_attribute_tilde" time="0.008984088897705078"></testcase><testcase classname="lib.python3.7.site-packages.bs4.tests.test_tree.TestSoupSelector" file="lib/python3.7/site-packages/bs4/tests/test_tree.py" line="1865" name="test_bad_id" time="0.005316019058227539"></testcase><testcase classname="lib.python3.7.site-packages.bs4.tests.test_tree.TestSoupSelector" file="lib/python3.7/site-packages/bs4/tests/test_tree.py" line="1891" name="test_child_selector" time="0.005491971969604492"></testcase><testcase classname="lib.python3.7.site-packages.bs4.tests.test_tree.TestSoupSelector" file="lib/python3.7/site-packages/bs4/tests/test_tree.py" line="1895" name="test_child_selector_id" time="0.003995418548583984"></testcase><testcase classname="lib.python3.7.site-packages.bs4.tests.test_tree.TestSoupSelector" file="lib/python3.7/site-packages/bs4/tests/test_tree.py" line="1857" name="test_class_mismatched_tag" time="0.007101774215698242"></testcase><testcase classname="lib.python3.7.site-packages.bs4.tests.test_tree.TestSoupSelector" file="lib/python3.7/site-packages/bs4/tests/test_tree.py" line="1850" name="test_class_one" time="0.005146980285644531"></testcase><testcase classname="lib.python3.7.site-packages.bs4.tests.test_tree.TestSoupSelector" file="lib/python3.7/site-packages/bs4/tests/test_tree.py" line="2074" name="test_dangling_combinator" time="0.0032858848571777344"></testcase><testcase classname="lib.python3.7.site-packages.bs4.tests.test_tree.TestSoupSelector" file="lib/python3.7/site-packages/bs4/tests/test_tree.py" line="1838" name="test_dashed_tag_text" time="0.005682706832885742"></testcase><testcase classname="lib.python3.7.site-packages.bs4.tests.test_tree.TestSoupSelector" file="lib/python3.7/site-packages/bs4/tests/test_tree.py" line="2067" name="test_general_sibling_selector" time="0.006167888641357422"></testcase><testcase classname="lib.python3.7.site-packages.bs4.tests.test_tree.TestSoupSelector" file="lib/python3.7/site-packages/bs4/tests/test_tree.py" line="1844" name="test_header_tags" time="0.0041961669921875"></testcase><testcase classname="lib.python3.7.site-packages.bs4.tests.test_tree.TestSoupSelector" file="lib/python3.7/site-packages/bs4/tests/test_tree.py" line="2045" name="test_id_child_selector_nth_of_type" time="0.005148887634277344"></testcase><testcase classname="lib.python3.7.site-packages.bs4.tests.test_tree.TestSoupSelector" file="lib/python3.7/site-packages/bs4/tests/test_tree.py" line="2105" name="test_invalid_multiple_select" time="0.0037429332733154297"></testcase><testcase classname="lib.python3.7.site-packages.bs4.tests.test_tree.TestSoupSelector" file="lib/python3.7/site-packages/bs4/tests/test_tree.py" line="1827" name="test_invalid_tag" time="0.0037078857421875"></testcase><testcase classname="lib.python3.7.site-packages.bs4.tests.test_tree.TestSoupSelector" file="lib/python3.7/site-packages/bs4/tests/test_tree.py" line="1869" name="test_items_in_id" time="0.0052263736724853516"></testcase><testcase classname="lib.python3.7.site-packages.bs4.tests.test_tree.TestSoupSelector" file="lib/python3.7/site-packages/bs4/tests/test_tree.py" line="1818" name="test_limit" time="0.00410914421081543"></testcase><testcase classname="lib.python3.7.site-packages.bs4.tests.test_tree.TestSoupSelector" file="lib/python3.7/site-packages/bs4/tests/test_tree.py" line="1886" name="test_multi_class_selection" time="0.004379749298095703"></testcase><testcase classname="lib.python3.7.site-packages.bs4.tests.test_tree.TestSoupSelector" file="lib/python3.7/site-packages/bs4/tests/test_tree.py" line="1881" name="test_multi_class_support" time="0.008516073226928711"></testcase><testcase classname="lib.python3.7.site-packages.bs4.tests.test_tree.TestSoupSelector" file="lib/python3.7/site-packages/bs4/tests/test_tree.py" line="2081" name="test_multiple_select" time="0.004667997360229492"></testcase><testcase classname="lib.python3.7.site-packages.bs4.tests.test_tree.TestSoupSelector" file="lib/python3.7/site-packages/bs4/tests/test_tree.py" line="2109" name="test_multiple_select_attrs" time="0.003904104232788086"></testcase><testcase classname="lib.python3.7.site-packages.bs4.tests.test_tree.TestSoupSelector" file="lib/python3.7/site-packages/bs4/tests/test_tree.py" line="2099" name="test_multiple_select_direct_descendant_and_tags" time="0.005263805389404297"></testcase><testcase classname="lib.python3.7.site-packages.bs4.tests.test_tree.TestSoupSelector" file="lib/python3.7/site-packages/bs4/tests/test_tree.py" line="2090" name="test_multiple_select_duplicated" time="0.0038385391235351562"></testcase><testcase classname="lib.python3.7.site-packages.bs4.tests.test_tree.TestSoupSelector" file="lib/python3.7/site-packages/bs4/tests/test_tree.py" line="2112" name="test_multiple_select_ids" time="0.0052182674407958984"></testcase><testcase classname="lib.python3.7.site-packages.bs4.tests.test_tree.TestSoupSelector" file="lib/python3.7/site-packages/bs4/tests/test_tree.py" line="2102" name="test_multiple_select_indirect_descendant" time="0.004631519317626953"></testcase><testcase classname="lib.python3.7.site-packages.bs4.tests.test_tree.TestSoupSelector" file="lib/python3.7/site-packages/bs4/tests/test_tree.py" line="2115" name="test_multiple_select_nested" time="0.00439906120300293"></testcase><testcase classname="lib.python3.7.site-packages.bs4.tests.test_tree.TestSoupSelector" file="lib/python3.7/site-packages/bs4/tests/test_tree.py" line="2093" name="test_multiple_select_sibling" time="0.00418543815612793"></testcase><testcase classname="lib.python3.7.site-packages.bs4.tests.test_tree.TestSoupSelector" file="lib/python3.7/site-packages/bs4/tests/test_tree.py" line="2096" name="test_multiple_select_tag_and_direct_descendant" time="0.006844282150268555"></testcase><testcase classname="lib.python3.7.site-packages.bs4.tests.test_tree.TestSoupSelector" file="lib/python3.7/site-packages/bs4/tests/test_tree.py" line="2087" name="test_multiple_select_with_more_space" time="0.004886627197265625"></testcase><testcase classname="lib.python3.7.site-packages.bs4.tests.test_tree.TestSoupSelector" file="lib/python3.7/site-packages/bs4/tests/test_tree.py" line="2084" name="test_multiple_select_with_no_space" time="0.003888845443725586"></testcase><testcase classname="lib.python3.7.site-packages.bs4.tests.test_tree.TestSoupSelector" file="lib/python3.7/site-packages/bs4/tests/test_tree.py" line="2021" name="test_nth_of_type" time="0.00609278678894043"></testcase><testcase classname="lib.python3.7.site-packages.bs4.tests.test_tree.TestSoupSelector" file="lib/python3.7/site-packages/bs4/tests/test_tree.py" line="2040" name="test_nth_of_type_direct_descendant" time="0.004979848861694336"></testcase><testcase classname="lib.python3.7.site-packages.bs4.tests.test_tree.TestSoupSelector" file="lib/python3.7/site-packages/bs4/tests/test_tree.py" line="1861" name="test_one_id" time="0.004547834396362305"></testcase><testcase classname="lib.python3.7.site-packages.bs4.tests.test_tree.TestSoupSelector" file="lib/python3.7/site-packages/bs4/tests/test_tree.py" line="1795" name="test_one_tag_many" time="0.005339860916137695"></testcase><testcase classname="lib.python3.7.site-packages.bs4.tests.test_tree.TestSoupSelector" file="lib/python3.7/site-packages/bs4/tests/test_tree.py" line="1789" name="test_one_tag_one" time="0.003707408905029297"></testcase><testcase classname="lib.python3.7.site-packages.bs4.tests.test_tree.TestSoupSelector" file="lib/python3.7/site-packages/bs4/tests/test_tree.py" line="2057" name="test_overspecified_child_id" time="0.005171537399291992"></testcase><testcase classname="lib.python3.7.site-packages.bs4.tests.test_tree.TestSoupSelector" file="lib/python3.7/site-packages/bs4/tests/test_tree.py" line="2006" name="test_quoted_space_in_selector_name" time="0.004452705383300781"></testcase><testcase classname="lib.python3.7.site-packages.bs4.tests.test_tree.TestSoupSelector" file="lib/python3.7/site-packages/bs4/tests/test_tree.py" line="1833" name="test_select_dashed_by_id" time="0.004088401794433594"></testcase><testcase classname="lib.python3.7.site-packages.bs4.tests.test_tree.TestSoupSelector" file="lib/python3.7/site-packages/bs4/tests/test_tree.py" line="1841" name="test_select_dashed_matches_find_all" time="0.00400996208190918"></testcase><testcase classname="lib.python3.7.site-packages.bs4.tests.test_tree.TestSoupSelector" file="lib/python3.7/site-packages/bs4/tests/test_tree.py" line="1830" name="test_select_dashed_tag_ids" time="0.004476785659790039"></testcase><testcase classname="lib.python3.7.site-packages.bs4.tests.test_tree.TestSoupSelector" file="lib/python3.7/site-packages/bs4/tests/test_tree.py" line="2118" name="test_select_duplicate_elements" time="0.004853725433349609"></testcase><testcase classname="lib.python3.7.site-packages.bs4.tests.test_tree.TestSoupSelector" file="lib/python3.7/site-packages/bs4/tests/test_tree.py" line="2048" name="test_select_on_element" time="0.0036759376525878906"></testcase><testcase classname="lib.python3.7.site-packages.bs4.tests.test_tree.TestSoupSelector" file="lib/python3.7/site-packages/bs4/tests/test_tree.py" line="1804" name="test_select_one_returns_none_if_no_match" time="0.0045702457427978516"></testcase><testcase classname="lib.python3.7.site-packages.bs4.tests.test_tree.TestSoupSelector" file="lib/python3.7/site-packages/bs4/tests/test_tree.py" line="2077" name="test_sibling_combinator_wont_select_same_tag_twice" time="0.004163265228271484"></testcase><testcase classname="lib.python3.7.site-packages.bs4.tests.test_tree.TestSoupSelector" file="lib/python3.7/site-packages/bs4/tests/test_tree.py" line="1813" name="test_tag_in_tag_many" time="0.004888296127319336"></testcase><testcase classname="lib.python3.7.site-packages.bs4.tests.test_tree.TestSoupSelector" file="lib/python3.7/site-packages/bs4/tests/test_tree.py" line="1809" name="test_tag_in_tag_one" time="0.004559040069580078"></testcase><testcase classname="lib.python3.7.site-packages.bs4.tests.test_tree.TestSoupSelector" file="lib/python3.7/site-packages/bs4/tests/test_tree.py" line="1824" name="test_tag_no_match" time="0.0045778751373291016"></testcase><testcase classname="lib.python3.7.site-packages.bs4.tests.test_tree.TestSoupSelector" file="lib/python3.7/site-packages/bs4/tests/test_tree.py" line="2014" name="test_unsupported_pseudoclass" time="0.004649162292480469"></testcase><testcase classname="tests.test_jenkins_pytests" file="tests/test_jenkins_pytests.py" line="23" name="test_content" time="1.095597267150879"><system-err>/Users/rohan/Projects/work/ltx-projects/jenkins-pytests/tests/test_jenkins_pytests.py:27: UserWarning: No parser was explicitly specified, so I&apos;m using the best available HTML parser for this system (&quot;lxml&quot;). This usually isn&apos;t a problem, but if you run this code on another system, or in a different virtual environment, it may use a different parser and behave differently.

The code that caused this warning is on line 27 of the file /Users/rohan/Projects/work/ltx-projects/jenkins-pytests/tests/test_jenkins_pytests.py. To get rid of this warning, pass the additional argument &apos;features=&quot;lxml&quot;&apos; to the BeautifulSoup constructor.

  assert &apos;GitHub&apos; in BeautifulSoup(response.content).title.string
</system-err></testcase><testcase classname="tests.test_jenkins_pytests" file="tests/test_jenkins_pytests.py" line="29" name="test_command_line_interface" time="0.00428009033203125"></testcase><testcase classname="tests.test_jenkins_pytests" file="tests/test_jenkins_pytests.py" line="40" name="testOneEqualsOne" time="0.0003452301025390625"></testcase><testcase classname="tests.test_jenkins_pytests" file="tests/test_jenkins_pytests.py" line="43" name="testAssertValInList" time="0.00030159950256347656"></testcase><testcase classname="tests.test_jenkins_pytests" file="tests/test_jenkins_pytests.py" line="47" name="testExpectedFailTest" time="0.0053479671478271484"><failure message="assert False == True">def testExpectedFailTest():
&gt;       assert False == True
E       assert False == True

tests/test_jenkins_pytests.py:49: AssertionError</failure></testcase><testcase classname="tests.test_random_tests" file="tests/test_random_tests.py" line="5" name="testValidTest" time="0.00037407875061035156"></testcase><testcase classname="tests.test_random_tests" file="tests/test_random_tests.py" line="8" name="testFailingTest" time="0.00039124488830566406"><failure message="assert False">def testFailingTest():
&gt;       assert False
E       assert False

tests/test_random_tests.py:10: AssertionError</failure></testcase></testsuite>